Log file open, 11/27/17 23:01:39
LogWindows: Failed to load 'aqProf.dll' (GetLastError=126)
LogWindows: File 'aqProf.dll' does not exist
LogWindows: Failed to load 'VtuneApi.dll' (GetLastError=126)
LogWindows: File 'VtuneApi.dll' does not exist
LogWindows: Failed to load 'VtuneApi32e.dll' (GetLastError=126)
LogWindows: File 'VtuneApi32e.dll' does not exist
LogInit: Display: Running engine for game: Un_bateau_pour_deux
LogPlatformFile: Not using cached read wrapper
LogInit: Display: RandInit(-185546674) SRandInit(-185546673).
LogInit: Read version file with build ID '3709383'
LogInit: Overriding engine version to CL 3709383, compatible CL 3709383
LogInit: Registered custom module enumerator with build ID '3709383'
LogTaskGraph: Started task graph with 5 named threads and 14 total threads with 3 sets of task threads.
LogStats: Stats thread started at 0.186169
LogD3D11RHI: Aftermath initialized
LogModuleManager: Display: Found up-to-date module file ../../../Engine/Plugins/2D/Paper2D/Binaries/Win64/UE4Editor-Paper2D.dll (API version 3709383).
LogModuleManager: Display: Found up-to-date module file ../../../Engine/Plugins/2D/Paper2D/Binaries/Win64/UE4Editor-Paper2DEditor.dll (API version 3709383).
LogModuleManager: Display: Found up-to-date module file ../../../Engine/Plugins/2D/Paper2D/Binaries/Win64/UE4Editor-PaperSpriteSheetImporter.dll (API version 3709383).
LogModuleManager: Display: Found up-to-date module file ../../../Engine/Plugins/2D/Paper2D/Binaries/Win64/UE4Editor-PaperTiledImporter.dll (API version 3709383).
LogModuleManager: Display: Found up-to-date module file ../../../Engine/Plugins/2D/Paper2D/Binaries/Win64/UE4Editor-SmartSnapping.dll (API version 3709383).
LogModuleManager: Display: Found up-to-date module file ../../../Engine/Plugins/Blendables/LightPropagationVolume/Binaries/Win64/UE4Editor-LightPropagationVolumeRuntime.dll (API version 3709383).
LogModuleManager: Display: Found up-to-date module file ../../../Engine/Plugins/Blendables/LightPropagationVolume/Binaries/Win64/UE4Editor-LightPropagationVolumeEditor.dll (API version 3709383).
LogModuleManager: Display: Found up-to-date module file ../../../Engine/Plugins/Developer/GitSourceControl/Binaries/Win64/UE4Editor-GitSourceControl.dll (API version 3709383).
LogModuleManager: Display: Found up-to-date module file ../../../Engine/Plugins/Developer/PerforceSourceControl/Binaries/Win64/UE4Editor-PerforceSourceControl.dll (API version 3709383).
LogModuleManager: Display: Found up-to-date module file ../../../Engine/Plugins/Developer/SubversionSourceControl/Binaries/Win64/UE4Editor-SubversionSourceControl.dll (API version 3709383).
LogModuleManager: Display: Found up-to-date module file ../../../Engine/Plugins/Developer/UObjectPlugin/Binaries/Win64/UE4Editor-UObjectPlugin.dll (API version 3709383).
LogModuleManager: Display: Found up-to-date module file ../../../Engine/Plugins/Developer/VisualStudioCodeSourceCodeAccess/Binaries/Win64/UE4Editor-VisualStudioCodeSourceCodeAccess.dll (API version 3709383).
LogModuleManager: Display: Found up-to-date module file ../../../Engine/Plugins/Developer/VisualStudioSourceCodeAccess/Binaries/Win64/UE4Editor-VisualStudioSourceCodeAccess.dll (API version 3709383).
LogModuleManager: Display: Found up-to-date module file ../../../Engine/Plugins/Editor/AssetManagerEditor/Binaries/Win64/UE4Editor-AssetManagerEditor.dll (API version 3709383).
LogModuleManager: Display: Found up-to-date module file ../../../Engine/Plugins/Editor/AudioCapture/Binaries/Win64/UE4Editor-AudioCapture.dll (API version 3709383).
LogModuleManager: Display: Found up-to-date module file ../../../Engine/Plugins/Editor/FacialAnimation/Binaries/Win64/UE4Editor-FacialAnimation.dll (API version 3709383).
LogModuleManager: Display: Found up-to-date module file ../../../Engine/Plugins/Editor/FacialAnimation/Binaries/Win64/UE4Editor-FacialAnimationEditor.dll (API version 3709383).
LogModuleManager: Display: Found up-to-date module file ../../../Engine/Plugins/Editor/GameplayTagsEditor/Binaries/Win64/UE4Editor-GameplayTagsEditor.dll (API version 3709383).
LogModuleManager: Display: Found up-to-date module file ../../../Engine/Plugins/Editor/MobileLauncherProfileWizard/Binaries/Win64/UE4Editor-MobileLauncherProfileWizard.dll (API version 3709383).
LogModuleManager: Display: Found up-to-date module file ../../../Engine/Plugins/Editor/PluginBrowser/Binaries/Win64/UE4Editor-PluginBrowser.dll (API version 3709383).
LogModuleManager: Display: Found up-to-date module file ../../../Engine/Plugins/Editor/SpeedTreeImporter/Binaries/Win64/UE4Editor-SpeedTreeImporter.dll (API version 3709383).
LogModuleManager: Display: Found up-to-date module file ../../../Engine/Plugins/Experimental/AlembicImporter/Binaries/Win64/UE4Editor-AlembicImporter.dll (API version 3709383).
LogModuleManager: Display: Found up-to-date module file ../../../Engine/Plugins/Experimental/AlembicImporter/Binaries/Win64/UE4Editor-AlembicLibrary.dll (API version 3709383).
LogModuleManager: Display: Found up-to-date module file ../../../Engine/Plugins/Experimental/CharacterAI/Binaries/Win64/UE4Editor-CharacterAI.dll (API version 3709383).
LogModuleManager: Display: Found up-to-date module file ../../../Engine/Plugins/Experimental/HTML5Networking/Binaries/Win64/UE4Editor-HTML5Networking.dll (API version 3709383).
LogModuleManager: Display: Found up-to-date module file ../../../Engine/Plugins/Media/AndroidMedia/Binaries/Win64/UE4Editor-AndroidMediaEditor.dll (API version 3709383).
LogModuleManager: Display: Found up-to-date module file ../../../Engine/Plugins/Media/AndroidMedia/Binaries/Win64/UE4Editor-AndroidMediaFactory.dll (API version 3709383).
LogModuleManager: Display: Found up-to-date module file ../../../Engine/Plugins/Media/AvfMedia/Binaries/Win64/UE4Editor-AvfMediaEditor.dll (API version 3709383).
LogModuleManager: Display: Found up-to-date module file ../../../Engine/Plugins/Media/AvfMedia/Binaries/Win64/UE4Editor-AvfMediaFactory.dll (API version 3709383).
LogModuleManager: Display: Found up-to-date module file ../../../Engine/Plugins/Media/AvfMedia/Binaries/Win64/UE4Editor-AvfMediaFactory.dll (API version 3709383).
LogModuleManager: Display: Found up-to-date module file ../../../Engine/Plugins/Media/ImgMedia/Binaries/Win64/UE4Editor-ImgMedia.dll (API version 3709383).
LogModuleManager: Display: Found up-to-date module file ../../../Engine/Plugins/Media/ImgMedia/Binaries/Win64/UE4Editor-ImgMediaEditor.dll (API version 3709383).
LogModuleManager: Display: Found up-to-date module file ../../../Engine/Plugins/Media/ImgMedia/Binaries/Win64/UE4Editor-ImgMediaFactory.dll (API version 3709383).
LogModuleManager: Display: Found up-to-date module file ../../../Engine/Plugins/Media/ImgMedia/Binaries/Win64/UE4Editor-ImgMediaFactory.dll (API version 3709383).
LogModuleManager: Display: Found up-to-date module file ../../../Engine/Plugins/Media/ImgMedia/Binaries/Win64/UE4Editor-OpenExrWrapper.dll (API version 3709383).
LogModuleManager: Display: Found up-to-date module file ../../../Engine/Plugins/Media/MediaCompositing/Binaries/Win64/UE4Editor-MediaCompositing.dll (API version 3709383).
LogModuleManager: Display: Found up-to-date module file ../../../Engine/Plugins/Media/MediaCompositing/Binaries/Win64/UE4Editor-MediaCompositingEditor.dll (API version 3709383).
LogModuleManager: Display: Found up-to-date module file ../../../Engine/Plugins/Media/MediaPlayerEditor/Binaries/Win64/UE4Editor-MediaPlayerEditor.dll (API version 3709383).
LogModuleManager: Display: Found up-to-date module file ../../../Engine/Plugins/Media/WmfMedia/Binaries/Win64/UE4Editor-WmfMedia.dll (API version 3709383).
LogModuleManager: Display: Found up-to-date module file ../../../Engine/Plugins/Media/WmfMedia/Binaries/Win64/UE4Editor-WmfMediaEditor.dll (API version 3709383).
LogModuleManager: Display: Found up-to-date module file ../../../Engine/Plugins/Media/WmfMedia/Binaries/Win64/UE4Editor-WmfMediaFactory.dll (API version 3709383).
LogModuleManager: Display: Found up-to-date module file ../../../Engine/Plugins/Media/WmfMedia/Binaries/Win64/UE4Editor-WmfMediaFactory.dll (API version 3709383).
LogModuleManager: Display: Found up-to-date module file ../../../Engine/Plugins/Messaging/TcpMessaging/Binaries/Win64/UE4Editor-TcpMessaging.dll (API version 3709383).
LogModuleManager: Display: Found up-to-date module file ../../../Engine/Plugins/Messaging/UdpMessaging/Binaries/Win64/UE4Editor-UdpMessaging.dll (API version 3709383).
LogModuleManager: Display: Found up-to-date module file ../../../Engine/Plugins/MovieScene/ActorSequence/Binaries/Win64/UE4Editor-ActorSequence.dll (API version 3709383).
LogModuleManager: Display: Found up-to-date module file ../../../Engine/Plugins/MovieScene/LevelSequenceEditor/Binaries/Win64/UE4Editor-LevelSequenceEditor.dll (API version 3709383).
LogModuleManager: Display: Found up-to-date module file ../../../Engine/Plugins/MovieScene/MatineeToLevelSequence/Binaries/Win64/UE4Editor-MatineeToLevelSequence.dll (API version 3709383).
LogModuleManager: Display: Found up-to-date module file ../../../Engine/Plugins/Online/OnlineSubsystem/Binaries/Win64/UE4Editor-OnlineSubsystem.dll (API version 3709383).
LogModuleManager: Display: Found up-to-date module file ../../../Engine/Plugins/Runtime/AndroidPermission/Binaries/Win64/UE4Editor-AndroidPermission.dll (API version 3709383).
LogModuleManager: Display: Found up-to-date module file ../../../Engine/Plugins/Online/OnlineSubsystemNull/Binaries/Win64/UE4Editor-OnlineSubsystemNull.dll (API version 3709383).
LogModuleManager: Display: Found up-to-date module file ../../../Engine/Plugins/Online/OnlineSubsystemUtils/Binaries/Win64/UE4Editor-OnlineSubsystemUtils.dll (API version 3709383).
LogModuleManager: Display: Found up-to-date module file ../../../Engine/Plugins/Online/OnlineSubsystemUtils/Binaries/Win64/UE4Editor-OnlineBlueprintSupport.dll (API version 3709383).
LogModuleManager: Display: Found up-to-date module file ../../../Engine/Plugins/Runtime/AndroidDeviceProfileSelector/Binaries/Win64/UE4Editor-AndroidDeviceProfileSelector.dll (API version 3709383).
LogModuleManager: Display: Found up-to-date module file ../../../Engine/Plugins/Runtime/AppleARKit/Binaries/Win64/UE4Editor-AppleARKit.dll (API version 3709383).
LogModuleManager: Display: Found up-to-date module file ../../../Engine/Plugins/Runtime/ArchVisCharacter/Binaries/Win64/UE4Editor-ArchVisCharacter.dll (API version 3709383).
LogModuleManager: Display: Found up-to-date module file ../../../Engine/Plugins/Runtime/CableComponent/Binaries/Win64/UE4Editor-CableComponent.dll (API version 3709383).
LogModuleManager: Display: Found up-to-date module file ../../../Engine/Plugins/Runtime/CustomMeshComponent/Binaries/Win64/UE4Editor-CustomMeshComponent.dll (API version 3709383).
LogModuleManager: Display: Found up-to-date module file ../../../Engine/Plugins/Runtime/ExampleDeviceProfileSelector/Binaries/Win64/UE4Editor-ExampleDeviceProfileSelector.dll (API version 3709383).
LogModuleManager: Display: Found up-to-date module file ../../../Engine/Plugins/Runtime/ImmediatePhysics/Binaries/Win64/UE4Editor-ImmediatePhysics.dll (API version 3709383).
LogModuleManager: Display: Found up-to-date module file ../../../Engine/Plugins/Runtime/ImmediatePhysics/Binaries/Win64/UE4Editor-ImmediatePhysicsEditor.dll (API version 3709383).
LogModuleManager: Display: Found up-to-date module file ../../../Engine/Plugins/Runtime/LocationServicesBPLibrary/Binaries/Win64/UE4Editor-LocationServicesBPLibrary.dll (API version 3709383).
LogModuleManager: Display: Found up-to-date module file ../../../Engine/Plugins/Runtime/MobilePatchingUtils/Binaries/Win64/UE4Editor-MobilePatchingUtils.dll (API version 3709383).
LogModuleManager: Display: Found up-to-date module file ../../../Engine/Plugins/Runtime/Oculus/OculusVR/Binaries/Win64/UE4Editor-OculusHMD.dll (API version 3709383).
LogModuleManager: Display: Found up-to-date module file ../../../Engine/Plugins/Runtime/Oculus/OculusVR/Binaries/Win64/UE4Editor-OculusInput.dll (API version 3709383).
LogModuleManager: Display: Found up-to-date module file ../../../Engine/Plugins/Runtime/Oculus/OculusVR/Binaries/Win64/UE4Editor-OculusEditor.dll (API version 3709383).
LogModuleManager: Display: Found up-to-date module file ../../../Engine/Plugins/Runtime/PhysXVehicles/Binaries/Win64/UE4Editor-PhysXVehicles.dll (API version 3709383).
LogModuleManager: Display: Found up-to-date module file ../../../Engine/Plugins/Runtime/PhysXVehicles/Binaries/Win64/UE4Editor-PhysXVehiclesEditor.dll (API version 3709383).
LogModuleManager: Display: Found up-to-date module file ../../../Engine/Plugins/Runtime/ProceduralMeshComponent/Binaries/Win64/UE4Editor-ProceduralMeshComponent.dll (API version 3709383).
LogModuleManager: Display: Found up-to-date module file ../../../Engine/Plugins/Runtime/ProceduralMeshComponent/Binaries/Win64/UE4Editor-ProceduralMeshComponentEditor.dll (API version 3709383).
LogModuleManager: Display: Found up-to-date module file ../../../Engine/Plugins/Runtime/RuntimePhysXCooking/Binaries/Win64/UE4Editor-RuntimePhysXCooking.dll (API version 3709383).
LogModuleManager: Display: Found up-to-date module file ../../../Engine/Plugins/Runtime/Steam/SteamVR/Binaries/Win64/UE4Editor-SteamVR.dll (API version 3709383).
LogModuleManager: Display: Found up-to-date module file ../../../Engine/Plugins/Runtime/Steam/SteamVR/Binaries/Win64/UE4Editor-SteamVRController.dll (API version 3709383).
LogModuleManager: Display: Found up-to-date module file ../../../Engine/Plugins/Runtime/WindowsMoviePlayer/Binaries/Win64/UE4Editor-WindowsMoviePlayer.dll (API version 3709383).
LogPluginManager: Mounting plugin Paper2D
LogPluginManager: Mounting plugin LightPropagationVolume
LogPluginManager: Mounting plugin CodeLiteSourceCodeAccess
LogPluginManager: Mounting plugin GitSourceControl
LogPluginManager: Mounting plugin KDevelopSourceCodeAccess
LogPluginManager: Mounting plugin NullSourceCodeAccess
LogPluginManager: Mounting plugin PerforceSourceControl
LogPluginManager: Mounting plugin SubversionSourceControl
LogPluginManager: Mounting plugin UObjectPlugin
LogPluginManager: Mounting plugin VisualStudioCodeSourceCodeAccess
LogPluginManager: Mounting plugin VisualStudioSourceCodeAccess
LogPluginManager: Mounting plugin XCodeSourceCodeAccess
LogPluginManager: Mounting plugin AssetManagerEditor
LogPluginManager: Mounting plugin AudioCapture
LogPluginManager: Mounting plugin FacialAnimation
LogPluginManager: Mounting plugin GameplayTagsEditor
LogPluginManager: Mounting plugin MobileLauncherProfileWizard
LogPluginManager: Mounting plugin PluginBrowser
LogPluginManager: Mounting plugin SpeedTreeImporter
LogPluginManager: Mounting plugin AlembicImporter
LogPluginManager: Mounting plugin CharacterAI
LogPluginManager: Mounting plugin HTML5Networking
LogPluginManager: Mounting plugin AndroidMedia
LogPluginManager: Mounting plugin AvfMedia
LogPluginManager: Mounting plugin ImgMedia
LogPluginManager: Mounting plugin MediaCompositing
LogPluginManager: Mounting plugin MediaPlayerEditor
LogPluginManager: Mounting plugin WmfMedia
LogPluginManager: Mounting plugin TcpMessaging
LogPluginManager: Mounting plugin UdpMessaging
LogPluginManager: Mounting plugin ActorSequence
LogPluginManager: Mounting plugin LevelSequenceEditor
LogPluginManager: Mounting plugin MatineeToLevelSequence
LogPluginManager: Mounting plugin OnlineSubsystemGooglePlay
LogPluginManager: Mounting plugin OnlineSubsystemIOS
LogPluginManager: Mounting plugin OnlineSubsystem
LogPluginManager: Mounting plugin OnlineSubsystemNull
LogPluginManager: Mounting plugin OnlineSubsystemUtils
LogPluginManager: Mounting plugin AndroidDeviceProfileSelector
LogPluginManager: Mounting plugin AndroidMoviePlayer
LogPluginManager: Mounting plugin AndroidPermission
LogPluginManager: Mounting plugin AppleARKit
LogPluginManager: Mounting plugin AppleMoviePlayer
LogPluginManager: Mounting plugin ArchVisCharacter
LogPluginManager: Mounting plugin CableComponent
LogPluginManager: Mounting plugin CustomMeshComponent
LogPluginManager: Mounting plugin ExampleDeviceProfileSelector
LogPluginManager: Mounting plugin GoogleCloudMessaging
LogPluginManager: Mounting plugin ImmediatePhysics
LogPluginManager: Mounting plugin IOSDeviceProfileSelector
LogPluginManager: Mounting plugin LinuxDeviceProfileSelector
LogPluginManager: Mounting plugin LocationServicesBPLibrary
LogPluginManager: Mounting plugin MobilePatchingUtils
LogPluginManager: Mounting plugin OculusVR
LogPluginManager: Plugin shader directory ../../../Engine/Plugins/Runtime/Oculus/OculusVR/Shaders found
LogPluginManager: Mapping shader source directory ../../../Engine/Plugins/Runtime/Oculus/OculusVR/Shaders to virtual directory /Plugin/OculusVR
LogPluginManager: Mounting plugin PhysXVehicles
LogPluginManager: Mounting plugin ProceduralMeshComponent
LogPluginManager: Mounting plugin RuntimePhysXCooking
LogPluginManager: Mounting plugin SteamVR
LogPluginManager: Mounting plugin WindowsMoviePlayer
LogInit: Using libcurl 7.47.1
LogInit:  - built for x86_64-pc-win32
LogInit:  - supports SSL with OpenSSL/1.0.2g
LogInit:  - supports HTTP deflate (compression) using libz 1.2.8
LogInit:  - other features:
LogInit:      CURL_VERSION_SSL
LogInit:      CURL_VERSION_LIBZ
LogInit:      CURL_VERSION_IPV6
LogInit:      CURL_VERSION_ASYNCHDNS
LogInit:      CURL_VERSION_LARGEFILE
LogInit:      CURL_VERSION_IDN
LogInit:  CurlRequestOptions (configurable via config and command line):
LogInit:  - bVerifyPeer = false  - Libcurl will NOT verify peer certificate
LogInit:  - bUseHttpProxy = false  - Libcurl will NOT use HTTP proxy
LogInit:  - bDontReuseConnections = false  - Libcurl will reuse connections
LogInit:  - CertBundlePath = nullptr  - Libcurl will use whatever was configured at build time.
LogInit: Build: ++UE4+Release-4.18-CL-3709383
LogInit: Engine Version: 4.18.0-3709383+++UE4+Release-4.18
LogInit: Compatible Engine Version: 4.18.0-3709383+++UE4+Release-4.18
LogInit: Net CL: 3709383
LogDevObjectVersion: Number of dev versions registered: 16
LogDevObjectVersion:   Dev-Blueprints (B0D832E4-1F89-4F0D-ACCF-7EB736FD4AA2): 10
LogDevObjectVersion:   Dev-Build (E1C64328-A22C-4D53-A36C-8E866417BD8C): 0
LogDevObjectVersion:   Dev-Core (375EC13C-06E4-48FB-B500-84F0262A717E): 2
LogDevObjectVersion:   Dev-Editor (E4B068ED-F494-42E9-A231-DA0B2E46BB41): 20
LogDevObjectVersion:   Dev-Framework (CFFC743F-43B0-4480-9391-14DF171D2073): 30
LogDevObjectVersion:   Dev-Mobile (B02B49B5-BB20-44E9-A304-32B752E40360): 0
LogDevObjectVersion:   Dev-Networking (A4E4105C-59A1-49B5-A7C5-40C4547EDFEE): 0
LogDevObjectVersion:   Dev-Online (39C831C9-5AE6-47DC-9A44-9C173E1C8E7C): 0
LogDevObjectVersion:   Dev-Physics (78F01B33-EBEA-4F98-B9B4-84EACCB95AA2): 0
LogDevObjectVersion:   Dev-Platform (6631380F-2D4D-43E0-8009-CF276956A95A): 0
LogDevObjectVersion:   Dev-Rendering (12F88B9F-8875-4AFC-A67C-D90C383ABD29): 20
LogDevObjectVersion:   Dev-Sequencer (7B5AE74C-D270-4C10-A958-57980B212A5A): 4
LogDevObjectVersion:   Dev-VR (D7296918-1DD6-4BDD-9DE2-64A83CC13884): 0
LogDevObjectVersion:   Dev-LoadTimes (C2A15278-BFE7-4AFE-6C17-90FF531DF755): 1
LogDevObjectVersion:   Private-Geometry (6EACA3D4-40EC-4CC1-B786-8BED09428FC5): 1
LogDevObjectVersion:   Dev-AnimPhys (29E575DD-E0A3-4627-9D10-D276232CDCEA): 12
LogInit: Compiled (64-bit): Oct 20 2017 10:39:19
LogInit: Compiled with Visual C++: 19.00.24215.01
LogInit: Build Configuration: Development
LogInit: Branch Name: ++UE4+Release-4.18
LogInit: Command line: 
LogInit: Base directory: C:/Program Files/Epic Games/UE_4.18/Engine/Binaries/Win64/
LogInit: Installed Engine Build: 1
LogInit: Presizing for max 8388607 objects, including 0 objects not considered by GC, pre-allocating 0 bytes for permanent pool.
LogInit: Object subsystem initialized
[2017.11.27-22.01.40:561][  0]LogInit: Selected Device Profile: [Windows]
[2017.11.27-22.01.40:561][  0]LogInit: Applying CVar settings loaded from the selected device profile: [Windows]
[2017.11.27-22.01.40:576][  0]LogInit: Computer: DESKTOP-BLN4QPH
[2017.11.27-22.01.40:576][  0]LogInit: User: William
[2017.11.27-22.01.40:576][  0]LogInit: CPU Page size=4096, Cores=4
[2017.11.27-22.01.40:576][  0]LogInit: High frequency timer resolution =2.531255 MHz
[2017.11.27-22.01.40:576][  0]LogMemory: Memory total: Physical=15.9GB (16GB approx)
[2017.11.27-22.01.40:576][  0]LogMemory: Platform Memory Stats for Windows
[2017.11.27-22.01.40:576][  0]LogMemory: Process Physical Memory: 273.07 MB used, 273.07 MB peak
[2017.11.27-22.01.40:576][  0]LogMemory: Process Virtual Memory: 270.79 MB used, 270.79 MB peak
[2017.11.27-22.01.40:576][  0]LogMemory: Physical Memory: 5320.05 MB used,  10944.54 MB free, 16264.59 MB total
[2017.11.27-22.01.40:576][  0]LogMemory: Virtual Memory: 678.55 MB used,  10944.54 MB free, 134217728.00 MB total
[2017.11.27-22.01.40:731][  0]LogInit: Using OS detected language (fr-FR).
[2017.11.27-22.01.40:731][  0]LogInit: Using OS detected locale (fr-FR).
[2017.11.27-22.01.40:734][  0]LogTextLocalizationManager: No localization for 'fr-FR' exists, so 'en' will be used for the language.
[2017.11.27-22.01.40:734][  0]LogTextLocalizationManager: No localization for 'fr-FR' exists, so 'en' will be used for the locale.
[2017.11.27-22.01.41:189][  0]LogInit: Setting process to per monitor DPI aware
[2017.11.27-22.01.41:480][  0]LogD3D11RHI: D3D11 adapters:
[2017.11.27-22.01.41:526][  0]LogD3D11RHI:    0. 'NVIDIA Quadro M1000M' (Feature Level 11_0)
[2017.11.27-22.01.41:526][  0]LogD3D11RHI:       4063/0/8132 MB DedicatedVideo/DedicatedSystem/SharedSystem, Outputs:1, VendorId:0x10de
[2017.11.27-22.01.41:533][  0]LogD3D11RHI:    1. 'Intel(R) HD Graphics 530' (Feature Level 11_0)
[2017.11.27-22.01.41:533][  0]LogD3D11RHI:       128/0/8132 MB DedicatedVideo/DedicatedSystem/SharedSystem, Outputs:0, VendorId:0x8086
[2017.11.27-22.01.41:535][  0]LogD3D11RHI:    2. 'Microsoft Basic Render Driver' (Feature Level 11_0)
[2017.11.27-22.01.41:535][  0]LogD3D11RHI:       0/0/8132 MB DedicatedVideo/DedicatedSystem/SharedSystem, Outputs:0, VendorId:0x1414
[2017.11.27-22.01.41:535][  0]LogD3D11RHI: Chosen D3D11 Adapter: 0
[2017.11.27-22.01.41:543][  0]LogD3D11RHI: Creating new Direct3DDevice
[2017.11.27-22.01.41:543][  0]LogD3D11RHI:     GPU DeviceId: 0x13b1 (for the marketing name, search the web for "GPU Device Id")
[2017.11.27-22.01.41:543][  0]LogWindows: EnumDisplayDevices:
[2017.11.27-22.01.41:543][  0]LogWindows:    0. 'Intel(R) HD Graphics 530' (P:1 D:1)
[2017.11.27-22.01.41:543][  0]LogWindows:    1. 'Intel(R) HD Graphics 530' (P:0 D:0)
[2017.11.27-22.01.41:543][  0]LogWindows:    2. 'Intel(R) HD Graphics 530' (P:0 D:0)
[2017.11.27-22.01.41:544][  0]LogWindows:    3. 'NVIDIA Quadro M1000M' (P:0 D:0)
[2017.11.27-22.01.41:544][  0]LogWindows:    4. 'NVIDIA Quadro M1000M' (P:0 D:0)
[2017.11.27-22.01.41:544][  0]LogWindows:    5. 'NVIDIA Quadro M1000M' (P:0 D:0)
[2017.11.27-22.01.41:544][  0]LogWindows:    6. 'NVIDIA Quadro M1000M' (P:0 D:0)
[2017.11.27-22.01.41:544][  0]LogWindows: DebugString: GetVideoDriverDetailsInvalid PrimaryIsNotTheChoosenAdapter GetVideoDriverDetailsInvalid PrimaryIsNotTheChoosenAdapter GetVideoDriverDetailsInvalid PrimaryIsNotTheChoosenAdapter GetVideoDriverDetailsInvalid PrimaryIsNotTheChoosenAdapter GetVideoDriverDetailsInvalid PrimaryIsNotTheChoosenAdapter GetVideoDriverDetailsInvalid PrimaryIsNotTheChoosenAdapter GetVideoDriverDetailsInvalid PrimaryIsNotTheChoosenAdapter FoundDriverCount:0 
[2017.11.27-22.01.41:544][  0]LogD3D11RHI:     Adapter Name: NVIDIA Quadro M1000M
[2017.11.27-22.01.41:544][  0]LogD3D11RHI:   Driver Version: Unknown (internal:Unknown, unified:Unknown)
[2017.11.27-22.01.41:544][  0]LogD3D11RHI:      Driver Date: Unknown
[2017.11.27-22.01.41:544][  0]LogRHI: Texture pool is 2844 MB (70% of 4063 MB)
[2017.11.27-22.01.41:584][  0]LogD3D11RHI: Async texture creation enabled
[2017.11.27-22.01.41:596][  0]LogD3D11RHI: GPU Timing Frequency: 1000.000000 (Debug: 2 1)
[2017.11.27-22.01.41:597][  0]LogShaderCompilers: Guid format shader working directory is -10 characters bigger than the processId version (F:/Unreal Projects/Un_bateau_pour_deux/Un_bateau_pour_deux/Intermediate/Shaders/WorkingDirectory/1456/).
[2017.11.27-22.01.41:597][  0]LogShaderCompilers: Cleaned the shader compiler working directory 'C:/Users/William/AppData/Local/Temp/UnrealShaderWorkingDir/346F08984DA959CADD05D1B966B8290D/'.
[2017.11.27-22.01.41:597][  0]LogShaderCompilers: Display: Using Local Shader Compiler.
[2017.11.27-22.01.42:603][  0]LogTemp: Display: Loaded TP AllDesktopTargetPlatform
[2017.11.27-22.01.42:661][  0]LogTemp: Display: Loaded TP MacClientTargetPlatform
[2017.11.27-22.01.42:719][  0]LogTemp: Display: Loaded TP MacNoEditorTargetPlatform
[2017.11.27-22.01.42:774][  0]LogTemp: Display: Loaded TP MacServerTargetPlatform
[2017.11.27-22.01.42:833][  0]LogTemp: Display: Loaded TP MacTargetPlatform
[2017.11.27-22.01.42:889][  0]LogTemp: Display: Loaded TP WindowsClientTargetPlatform
[2017.11.27-22.01.42:944][  0]LogTemp: Display: Loaded TP WindowsNoEditorTargetPlatform
[2017.11.27-22.01.43:011][  0]LogTemp: Display: Loaded TP WindowsServerTargetPlatform
[2017.11.27-22.01.43:062][  0]LogTemp: Display: Loaded TP WindowsTargetPlatform
[2017.11.27-22.01.43:121][  0]LogTemp: Display: Loaded TP Android_ASTCTargetPlatform
[2017.11.27-22.01.43:178][  0]LogTemp: Display: Loaded TP Android_ATCTargetPlatform
[2017.11.27-22.01.43:233][  0]LogTemp: Display: Loaded TP Android_DXTTargetPlatform
[2017.11.27-22.01.43:291][  0]LogTemp: Display: Loaded TP Android_ETC1TargetPlatform
[2017.11.27-22.01.43:348][  0]LogTemp: Display: Loaded TP Android_ETC2TargetPlatform
[2017.11.27-22.01.43:457][  0]LogTemp: Display: Loaded TP Android_MultiTargetPlatform
[2017.11.27-22.01.43:457][  0]LogTemp: Display: Loaded TP Android_PVRTCTargetPlatform
[2017.11.27-22.01.43:512][  0]LogTemp: Display: Loaded TP AndroidTargetPlatform
[2017.11.27-22.01.43:556][  0]LogTemp: Display: Loaded TP HTML5TargetPlatform
[2017.11.27-22.01.43:655][  0]LogTemp: Display: Loaded TP IOSTargetPlatform
[2017.11.27-22.01.43:684][  0]LogTemp: Display: Loaded TP TVOSTargetPlatform
[2017.11.27-22.01.43:738][  0]LogTemp: Display: Loaded TP LinuxClientTargetPlatform
[2017.11.27-22.01.43:794][  0]LogTemp: Display: Loaded TP LinuxNoEditorTargetPlatform
[2017.11.27-22.01.43:849][  0]LogTemp: Display: Loaded TP LinuxServerTargetPlatform
[2017.11.27-22.01.43:904][  0]LogTemp: Display: Loaded TP LinuxTargetPlatform
[2017.11.27-22.01.43:904][  0]LogTargetPlatformManager: Display: Building Assets For Windows
[2017.11.27-22.01.44:412][  0]LogDerivedDataCache: Display: Max Cache Size: 512 MB
[2017.11.27-22.01.44:488][  0]LogDerivedDataCache: Loaded boot cache 0.08s 78MB C:/Users/William/AppData/Local/UnrealEngine/4.18/DerivedDataCache/Boot.ddc.
[2017.11.27-22.01.44:488][  0]LogDerivedDataCache: Display: Loaded Boot cache: C:/Users/William/AppData/Local/UnrealEngine/4.18/DerivedDataCache/Boot.ddc
[2017.11.27-22.01.44:488][  0]LogDerivedDataCache: FDerivedDataBackendGraph:  Pak pak cache file F:/Unreal Projects/Un_bateau_pour_deux/Un_bateau_pour_deux/DerivedDataCache/DDC.ddp not found, will not use a pak cache.
[2017.11.27-22.01.44:488][  0]LogDerivedDataCache: Unable to find inner node Pak for hierarchical cache Hierarchy.
[2017.11.27-22.01.44:488][  0]LogDerivedDataCache: FDerivedDataBackendGraph:  CompressedPak pak cache file F:/Unreal Projects/Un_bateau_pour_deux/Un_bateau_pour_deux/DerivedDataCache/Compressed.ddp not found, will not use a pak cache.
[2017.11.27-22.01.44:488][  0]LogDerivedDataCache: Unable to find inner node CompressedPak for hierarchical cache Hierarchy.
[2017.11.27-22.01.44:507][  0]LogDerivedDataCache: Display: Pak cache opened for reading ../../../Engine/DerivedDataCache/Compressed.ddp.
[2017.11.27-22.01.44:519][  0]LogDerivedDataCache: Using Local data cache path C:/Users/William/AppData/Local/UnrealEngine/Common/DerivedDataCache: Writable
[2017.11.27-22.01.44:531][  0]LogMaterial: Verifying Global Shaders for PCD3D_SM5
[2017.11.27-22.01.44:532][  0]LogSlate: Using Freetype 2.6.0
[2017.11.27-22.01.44:532][  0]LogSlate: SlateFontCache - WITH_FREETYPE: 1, WITH_HARFBUZZ: 1
[2017.11.27-22.01.44:532][  0]LogSlate: SlateFontCache - WITH_FREETYPE: 1, WITH_HARFBUZZ: 1
[2017.11.27-22.01.44:932][  0]LogInit: Selected Device Profile: [Windows]
[2017.11.27-22.01.45:294][  0]LogSimplygon: Simplygon DLL not present - disabling.
[2017.11.27-22.01.45:336][  0]LogMeshReduction: Using SimplygonSwarm for distributed automatic mesh merging
[2017.11.27-22.01.45:336][  0]LogMeshReduction: Using QuadricMeshReduction for automatic static mesh reduction
[2017.11.27-22.01.45:336][  0]LogMeshReduction: No automatic skeletal mesh reduction module available
[2017.11.27-22.01.45:336][  0]LogMeshReduction: No automatic mesh merging module available
[2017.11.27-22.01.45:336][  0]LogMeshMerging: No automatic mesh merging module available
[2017.11.27-22.01.45:370][  0]LogNetVersion: Un_bateau_pour_deux , NetCL: 3709383, EngineNetVer: 2, GameNetVer: 0 (Checksum: 1288670724)
[2017.11.27-22.01.45:568][  0]LogAssetRegistry: FAssetRegistry took 0.0278 seconds to start up
[2017.11.27-22.01.46:116][  0]LogPackageLocalizationCache: Processed 7 localized package path(s) for 1 prioritized culture(s) in 0.041828 seconds
[2017.11.27-22.01.46:122][  0]LogUObjectArray: 35900 objects as part of root set at end of initial load.
[2017.11.27-22.01.46:122][  0]LogUObjectAllocator: 7372024 out of 0 bytes used by permanent object pool.
[2017.11.27-22.01.46:122][  0]LogUObjectArray: CloseDisregardForGC: 0/0 objects in disregard for GC pool
[2017.11.27-22.01.46:178][  0]LogInit: WinSock: version 1.1 (2.2), MaxSocks=32767, MaxUdp=65467
[2017.11.27-22.01.49:169][  0]LogTcpMessaging: Initializing TcpMessaging bridge
[2017.11.27-22.01.49:212][  0]LogUdpMessaging: Initializing bridge on interface 0.0.0.0:0 to multicast group 230.0.0.1:6666.
[2017.11.27-22.01.49:963][  0]LogMaterial: Uniform references updated for custom material expression Custom.
[2017.11.27-22.01.50:440][  0]SourceControl: Source control is disabled
[2017.11.27-22.01.50:440][  0]SourceControl: Source control is disabled
[2017.11.27-22.01.50:496][  0]SourceControl: Source control is disabled
[2017.11.27-22.01.50:552][  0]SourceControl: Source control is disabled
[2017.11.27-22.01.51:411][  0]LogAndroidPermission: UAndroidPermissionCallbackProxy::GetInstance
[2017.11.27-22.01.51:692][  0]LogOcInput: OculusInput pre-init called
[2017.11.27-22.01.52:002][  0]LogEngine: Initializing Engine...
[2017.11.27-22.01.52:004][  0]LogHMD: Failed to initialize OpenVR with code 110
[2017.11.27-22.01.52:245][  0]LogStats: UGameplayTagsManager::ConstructGameplayTagTree: Construct from data asset -  0.000 s
[2017.11.27-22.01.52:245][  0]LogStats: UGameplayTagsManager::ConstructGameplayTagTree: GameplayTagTreeChangedEvent.Broadcast -  0.000 s
[2017.11.27-22.01.52:378][  0]LogAIModule: Creating AISystem for world Untitled
[2017.11.27-22.01.52:383][  0]LogInit: XAudio2 using 'Haut-parleurs (Conexant ISST Audio)' : 2 channels at 48 kHz using 32 bits per sample (channel mask 0x3)
[2017.11.27-22.01.52:394][  0]LogInit: FAudioDevice initialized.
[2017.11.27-22.01.52:491][  0]LogDerivedDataCache: Saved boot cache 0.10s 78MB C:/Users/William/AppData/Local/UnrealEngine/4.18/DerivedDataCache/Boot.ddc.
[2017.11.27-22.01.52:509][  0]LogInit: Texture streaming: Enabled
[2017.11.27-22.01.52:616][  0]LogEngineSessionManager: EngineSessionManager initialized
[2017.11.27-22.01.52:760][  0]LogInit: Transaction tracking system initialized
[2017.11.27-22.01.53:093][  0]BlueprintLog: New page: Editor Load
[2017.11.27-22.01.54:041][  0]LocalizationService: Localization service is disabled
[2017.11.27-22.01.54:862][  0]LogConsoleResponse: Display: 
[2017.11.27-22.01.55:072][  0]LogCook: Display: Max memory allowance for cook 16384mb min free memory 0mb
[2017.11.27-22.01.55:072][  0]LogCook: Display: Mobile HDR setting 1
[2017.11.27-22.01.55:073][  0]LogGameplayTags: Display: UGameplayTagsManager::DoneAddingNativeTags. DelegateIsBound: 0
[2017.11.27-22.01.55:079][  0]LogFileCache: Scanning file cache for directory 'F:/Unreal Projects/Un_bateau_pour_deux/Un_bateau_pour_deux/Content/' took 0.01s
[2017.11.27-22.01.56:340][  0]SourceControl: Source control is disabled
[2017.11.27-22.01.56:340][  0]Cmd: MAP LOAD FILE="F:/Unreal Projects/Un_bateau_pour_deux/Un_bateau_pour_deux/Content/Un-bateau-pour-deux/Maps/William_Layec.umap" TEMPLATE=0 SHOWPROGRESS=1 FEATURELEVEL=3
[2017.11.27-22.01.56:341][  0]LightingResults: New page: Lighting Build
[2017.11.27-22.01.56:385][  0]MapCheck: New page: Map Check
[2017.11.27-22.01.56:385][  0]LightingResults: New page: Lighting Build
[2017.11.27-22.01.56:865][  0]LogAIModule: Creating AISystem for world William_Layec
[2017.11.27-22.01.56:875][  0]LogEditorServer: Finished looking for orphan Actors (0.000 secs)
[2017.11.27-22.01.56:887][  0]Cmd: MAP CHECKDEP NOCLEARLOG
[2017.11.27-22.01.56:941][  0]MapCheck: Map check complete: 0 Error(s), 0 Warning(s), took 52.853ms to complete.
[2017.11.27-22.01.56:941][  0]LogFileHelpers: Loading map 'William_Layec' took 0.600
[2017.11.27-22.01.57:085][  0]LogCollectionManager: Loaded 0 collections in 0.001710 seconds
[2017.11.27-22.01.57:173][  0]LogFileCache: Scanning file cache for directory 'F:/Unreal Projects/Un_bateau_pour_deux/Un_bateau_pour_deux/Saved/Collections/' took 0.01s
[2017.11.27-22.01.57:173][  0]LogFileCache: Scanning file cache for directory 'F:/Unreal Projects/Un_bateau_pour_deux/Un_bateau_pour_deux/Content/Developers/William/Collections/' took 0.01s
[2017.11.27-22.01.57:173][  0]LogFileCache: Scanning file cache for directory 'F:/Unreal Projects/Un_bateau_pour_deux/Un_bateau_pour_deux/Content/Collections/' took 0.01s
[2017.11.27-22.01.57:173][  0]LogCollectionManager: Rebuilt the GUID cache for 0 collections in 0.000000 seconds
[2017.11.27-22.01.57:182][  0]LogContentBrowser: Native class hierarchy populated in 0.0089 seconds. Added 2363 classes and 519 folders.
[2017.11.27-22.01.57:265][  0]LogContentBrowser: Native class hierarchy updated for 'WidgetCarousel' in 0.0002 seconds. Added 0 classes and 0 folders.
[2017.11.27-22.01.57:304][  0]LogContentBrowser: Native class hierarchy updated for 'AddContentDialog' in 0.0004 seconds. Added 0 classes and 0 folders.
[2017.11.27-22.01.57:353][  0]LogContentBrowser: Native class hierarchy updated for 'SceneOutliner' in 0.0004 seconds. Added 1 classes and 2 folders.
[2017.11.27-22.01.57:434][  0]LogSlate: Took 0.000316 seconds to synchronously load lazily loaded font '../../../Engine/Content/Slate/Fonts/Roboto-Regular.ttf' (155K)
[2017.11.27-22.01.57:438][  0]LogSlate: Took 0.000286 seconds to synchronously load lazily loaded font '../../../Engine/Content/Slate/Fonts/Roboto-Bold.ttf' (160K)
[2017.11.27-22.01.57:448][  0]LogSlate: Took 0.000201 seconds to synchronously load lazily loaded font '../../../Engine/Content/Editor/Slate/Fonts/FontAwesome.ttf' (139K)
[2017.11.27-22.01.57:562][  0]LogRenderer: Reallocating scene render targets to support 1208x576 Format 10 NumSamples 1 (Frame:1).
[2017.11.27-22.01.57:747][  0]LogContentBrowser: Native class hierarchy updated for 'HierarchicalLODOutliner' in 0.0002 seconds. Added 1 classes and 2 folders.
[2017.11.27-22.01.57:747][  0]LogLoad: (Engine Initialization) Total time: 20.52 seconds
[2017.11.27-22.01.57:747][  0]LogLoad: (Engine Initialization) Total Blueprint compile time: 0.00 seconds
[2017.11.27-22.01.57:747][  0]LogExternalProfiler: No external profilers were discovered.  External profiling features will not be available.
[2017.11.27-22.01.57:765][  0]LogWindowsTextInputMethodSystem: Display: IME system now deactivated.
[2017.11.27-22.01.57:788][  0]LogContentStreaming: Texture pool size now 1000 MB
[2017.11.27-22.01.57:853][  1]LogAssetRegistry: Asset discovery search completed in 12.3069 seconds
[2017.11.27-22.01.57:857][  1]LogCollectionManager: Rebuilt the object cache for 0 collections in 0.000000 seconds (found 0 objects)
[2017.11.27-22.01.57:857][  1]LogCollectionManager: Fixed up redirectors for 0 collections in 0.000069 seconds (updated 0 objects)
[2017.11.27-22.01.58:789][ 49]LogSlate: Took 0.000247 seconds to synchronously load lazily loaded font '../../../Engine/Content/Slate/Fonts/Roboto-Light.ttf' (159K)
[2017.11.27-22.02.00:717][163]LogLinker: Warning: Can't resolve asset name
[2017.11.27-22.02.00:722][163]LogSlate: Took 0.000135 seconds to synchronously load lazily loaded font '../../../Engine/Content/Slate/Fonts/Roboto-Light.ttf' (159K)
[2017.11.27-22.02.01:048][163]LogContentBrowser: Native class hierarchy updated for 'BlueprintGraph' in 0.0006 seconds. Added 116 classes and 0 folders.
[2017.11.27-22.02.02:506][163]LogSlate: Took 0.000362 seconds to synchronously load lazily loaded font '../../../Engine/Content/Editor/Slate/Fonts/Roboto-BoldCondensed.ttf' (158K)
[2017.11.27-22.02.02:659][164]LogSlate: Took 0.000179 seconds to synchronously load lazily loaded font '../../../Engine/Content/Editor/Slate/Fonts/Roboto-Italic.ttf' (157K)
[2017.11.27-22.03.33:705][515]LogTemp: Repeating last play command: New Editor Window (PIE)
[2017.11.27-22.03.34:292][515]LogBlueprintUserMessages: Early PlayInEditor Detection: Level '/Game/Un-bateau-pour-deux/Maps/William_Layec.William_Layec:PersistentLevel' has LevelScriptBlueprint '/Game/Un-bateau-pour-deux/Maps/William_Layec.William_Layec:PersistentLevel.William_Layec' with GeneratedClass '/Game/Un-bateau-pour-deux/Maps/William_Layec.William_Layec_C' with ClassGeneratedBy '/Game/Un-bateau-pour-deux/Maps/William_Layec.William_Layec:PersistentLevel.William_Layec'
[2017.11.27-22.03.34:293][515]LogPlayLevel: PlayLevel: No blueprints needed recompiling
[2017.11.27-22.03.34:293][515]PIE: New page: PIE session: William_Layec (Nov 28, 2017, 12:03:34 AM)
[2017.11.27-22.03.34:293][515]LogPlayLevel: Creating play world package: /Game/Un-bateau-pour-deux/Maps/UEDPIE_0_William_Layec
[2017.11.27-22.03.34:316][515]LogPlayLevel: PIE: StaticDuplicateObject took: (0.023219s)
[2017.11.27-22.03.34:317][515]LogAIModule: Creating AISystem for world William_Layec
[2017.11.27-22.03.34:318][515]LogPlayLevel: PIE: World Init took: (0.001374s)
[2017.11.27-22.03.34:318][515]LogPlayLevel: PIE: Created PIE world by copying editor world from /Game/Un-bateau-pour-deux/Maps/William_Layec.William_Layec to /Game/Un-bateau-pour-deux/Maps/UEDPIE_0_William_Layec.William_Layec (0.025027s)
[2017.11.27-22.03.34:346][515]LogInit: XAudio2 using 'Haut-parleurs (Conexant ISST Audio)' : 2 channels at 48 kHz using 32 bits per sample (channel mask 0x3)
[2017.11.27-22.03.34:350][515]LogInit: FAudioDevice initialized.
[2017.11.27-22.03.34:408][515]LogLoad: Game class is 'ThirdPersonGameMode_C'
[2017.11.27-22.03.34:411][515]LogWorld: Bringing World /Game/Un-bateau-pour-deux/Maps/UEDPIE_0_William_Layec.William_Layec up for play (max tick rate 60) at 2017.11.27-23.03.34
[2017.11.27-22.03.34:411][515]LogWorld: Bringing up level for play took: 0.001689
[2017.11.27-22.03.34:452][515]LogContentBrowser: Native class hierarchy updated for 'MovieSceneCapture' in 0.0003 seconds. Added 11 classes and 0 folders.
[2017.11.27-22.03.34:463][515]PIE: Play in editor start time for /Game/Un-bateau-pour-deux/Maps/UEDPIE_0_William_Layec 0.296
[2017.11.27-22.03.34:463][515]LogBlueprintUserMessages: Late PlayInEditor Detection: Level '/Game/Un-bateau-pour-deux/Maps/William_Layec.William_Layec:PersistentLevel' has LevelScriptBlueprint '/Game/Un-bateau-pour-deux/Maps/William_Layec.William_Layec:PersistentLevel.William_Layec' with GeneratedClass '/Game/Un-bateau-pour-deux/Maps/William_Layec.William_Layec_C' with ClassGeneratedBy '/Game/Un-bateau-pour-deux/Maps/William_Layec.William_Layec:PersistentLevel.William_Layec'
[2017.11.27-22.03.34:503][515]LogRenderer: Reallocating scene render targets to support 1292x756 Format 10 NumSamples 1 (Frame:1).
[2017.11.27-22.03.38:169][731]LogBlueprintUserMessages: Early EndPlayMap Detection: Level '/Game/Un-bateau-pour-deux/Maps/William_Layec.William_Layec:PersistentLevel' has LevelScriptBlueprint '/Game/Un-bateau-pour-deux/Maps/William_Layec.William_Layec:PersistentLevel.William_Layec' with GeneratedClass '/Game/Un-bateau-pour-deux/Maps/William_Layec.William_Layec_C' with ClassGeneratedBy '/Game/Un-bateau-pour-deux/Maps/William_Layec.William_Layec:PersistentLevel.William_Layec'
[2017.11.27-22.03.38:238][731]LogBlueprintUserMessages: Late EndPlayMap Detection: Level '/Game/Un-bateau-pour-deux/Maps/William_Layec.William_Layec:PersistentLevel' has LevelScriptBlueprint '/Game/Un-bateau-pour-deux/Maps/William_Layec.William_Layec:PersistentLevel.William_Layec' with GeneratedClass '/Game/Un-bateau-pour-deux/Maps/William_Layec.William_Layec_C' with ClassGeneratedBy '/Game/Un-bateau-pour-deux/Maps/William_Layec.William_Layec:PersistentLevel.William_Layec'
[2017.11.27-22.03.42:553][933]LogSlate: Only BGRA pngs, bmps or icos are supported in by External Image Picker
[2017.11.27-22.03.42:611][934]LogTemp: Executing iPhonePackager certificates Engine -bundlename com.YourCompany.Unbateaupourdeux
[2017.11.27-22.03.42:611][934]LogTemp: CWD: C:\Program Files\Epic Games\UE_4.18\Engine\Binaries\DotNET\IOS
[2017.11.27-22.03.42:611][934]LogTemp: Initial Dir: C:\Program Files\Epic Games\UE_4.18
[2017.11.27-22.03.42:611][934]LogTemp: Env CWD: C:\Program Files\Epic Games\UE_4.18\Engine\Binaries\DotNET\IOS
[2017.11.27-22.03.42:611][934]LogTemp: BranchPath = DESKTOP-BLN4QPH/C/Program Files/Epic Games/UE_4.18/Engine/Binaries --- GameBranchPath = DESKTOP-BLN4QPH/C/Program Files/Epic Games/UE_4.18/Engine/Binaries
[2017.11.27-22.03.42:644][935]LogTemp: IPP ERROR: Could not find provision directory 'C:\Users\William\AppData\Local/Apple Computer/MobileDevice/Provisioning Profiles/'.
[2017.11.27-22.04.09:081][494]LogTemp: Repeating last play command: New Editor Window (PIE)
[2017.11.27-22.04.09:101][494]LogBlueprintUserMessages: Early PlayInEditor Detection: Level '/Game/Un-bateau-pour-deux/Maps/William_Layec.William_Layec:PersistentLevel' has LevelScriptBlueprint '/Game/Un-bateau-pour-deux/Maps/William_Layec.William_Layec:PersistentLevel.William_Layec' with GeneratedClass '/Game/Un-bateau-pour-deux/Maps/William_Layec.William_Layec_C' with ClassGeneratedBy '/Game/Un-bateau-pour-deux/Maps/William_Layec.William_Layec:PersistentLevel.William_Layec'
[2017.11.27-22.04.09:101][494]LogPlayLevel: PlayLevel: No blueprints needed recompiling
[2017.11.27-22.04.09:102][494]PIE: New page: PIE session: William_Layec (Nov 28, 2017, 12:04:09 AM)
[2017.11.27-22.04.09:102][494]LogPlayLevel: Creating play world package: /Game/Un-bateau-pour-deux/Maps/UEDPIE_0_William_Layec
[2017.11.27-22.04.09:119][494]LogPlayLevel: PIE: StaticDuplicateObject took: (0.016802s)
[2017.11.27-22.04.09:120][494]LogAIModule: Creating AISystem for world William_Layec
[2017.11.27-22.04.09:120][494]LogPlayLevel: PIE: World Init took: (0.000987s)
[2017.11.27-22.04.09:120][494]LogPlayLevel: PIE: Created PIE world by copying editor world from /Game/Un-bateau-pour-deux/Maps/William_Layec.William_Layec to /Game/Un-bateau-pour-deux/Maps/UEDPIE_0_William_Layec.William_Layec (0.018204s)
[2017.11.27-22.04.09:148][494]LogInit: XAudio2 using 'Haut-parleurs (Conexant ISST Audio)' : 2 channels at 48 kHz using 32 bits per sample (channel mask 0x3)
[2017.11.27-22.04.09:152][494]LogInit: FAudioDevice initialized.
[2017.11.27-22.04.09:199][494]LogLoad: Game class is 'ThirdPersonGameMode_C'
[2017.11.27-22.04.09:202][494]LogWorld: Bringing World /Game/Un-bateau-pour-deux/Maps/UEDPIE_0_William_Layec.William_Layec up for play (max tick rate 60) at 2017.11.27-23.04.09
[2017.11.27-22.04.09:202][494]LogWorld: Bringing up level for play took: 0.001934
[2017.11.27-22.04.09:213][494]PIE: Play in editor start time for /Game/Un-bateau-pour-deux/Maps/UEDPIE_0_William_Layec 1.047
[2017.11.27-22.04.09:213][494]LogBlueprintUserMessages: Late PlayInEditor Detection: Level '/Game/Un-bateau-pour-deux/Maps/William_Layec.William_Layec:PersistentLevel' has LevelScriptBlueprint '/Game/Un-bateau-pour-deux/Maps/William_Layec.William_Layec:PersistentLevel.William_Layec' with GeneratedClass '/Game/Un-bateau-pour-deux/Maps/William_Layec.William_Layec_C' with ClassGeneratedBy '/Game/Un-bateau-pour-deux/Maps/William_Layec.William_Layec:PersistentLevel.William_Layec'
[2017.11.27-22.04.13:942][740]LogBlueprintUserMessages: Early EndPlayMap Detection: Level '/Game/Un-bateau-pour-deux/Maps/William_Layec.William_Layec:PersistentLevel' has LevelScriptBlueprint '/Game/Un-bateau-pour-deux/Maps/William_Layec.William_Layec:PersistentLevel.William_Layec' with GeneratedClass '/Game/Un-bateau-pour-deux/Maps/William_Layec.William_Layec_C' with ClassGeneratedBy '/Game/Un-bateau-pour-deux/Maps/William_Layec.William_Layec:PersistentLevel.William_Layec'
[2017.11.27-22.04.14:004][740]LogBlueprintUserMessages: Late EndPlayMap Detection: Level '/Game/Un-bateau-pour-deux/Maps/William_Layec.William_Layec:PersistentLevel' has LevelScriptBlueprint '/Game/Un-bateau-pour-deux/Maps/William_Layec.William_Layec:PersistentLevel.William_Layec' with GeneratedClass '/Game/Un-bateau-pour-deux/Maps/William_Layec.William_Layec_C' with ClassGeneratedBy '/Game/Un-bateau-pour-deux/Maps/William_Layec.William_Layec:PersistentLevel.William_Layec'
[2017.11.27-22.04.18:295][983]LogTemp: Repeating last play command: New Editor Window (PIE)
[2017.11.27-22.04.18:325][983]LogBlueprintUserMessages: Early PlayInEditor Detection: Level '/Game/Un-bateau-pour-deux/Maps/William_Layec.William_Layec:PersistentLevel' has LevelScriptBlueprint '/Game/Un-bateau-pour-deux/Maps/William_Layec.William_Layec:PersistentLevel.William_Layec' with GeneratedClass '/Game/Un-bateau-pour-deux/Maps/William_Layec.William_Layec_C' with ClassGeneratedBy '/Game/Un-bateau-pour-deux/Maps/William_Layec.William_Layec:PersistentLevel.William_Layec'
[2017.11.27-22.04.18:325][983]LogPlayLevel: PlayLevel: No blueprints needed recompiling
[2017.11.27-22.04.18:325][983]PIE: New page: PIE session: William_Layec (Nov 28, 2017, 12:04:18 AM)
[2017.11.27-22.04.18:325][983]LogPlayLevel: Creating play world package: /Game/Un-bateau-pour-deux/Maps/UEDPIE_0_William_Layec
[2017.11.27-22.04.18:341][983]LogPlayLevel: PIE: StaticDuplicateObject took: (0.015998s)
[2017.11.27-22.04.18:342][983]LogAIModule: Creating AISystem for world William_Layec
[2017.11.27-22.04.18:342][983]LogPlayLevel: PIE: World Init took: (0.000902s)
[2017.11.27-22.04.18:342][983]LogPlayLevel: PIE: Created PIE world by copying editor world from /Game/Un-bateau-pour-deux/Maps/William_Layec.William_Layec to /Game/Un-bateau-pour-deux/Maps/UEDPIE_0_William_Layec.William_Layec (0.017273s)
[2017.11.27-22.04.18:367][983]LogInit: XAudio2 using 'Haut-parleurs (Conexant ISST Audio)' : 2 channels at 48 kHz using 32 bits per sample (channel mask 0x3)
[2017.11.27-22.04.18:371][983]LogInit: FAudioDevice initialized.
[2017.11.27-22.04.18:415][983]LogLoad: Game class is 'ThirdPersonGameMode_C'
[2017.11.27-22.04.18:418][983]LogWorld: Bringing World /Game/Un-bateau-pour-deux/Maps/UEDPIE_0_William_Layec.William_Layec up for play (max tick rate 60) at 2017.11.27-23.04.18
[2017.11.27-22.04.18:418][983]LogWorld: Bringing up level for play took: 0.001643
[2017.11.27-22.04.18:428][983]PIE: Play in editor start time for /Game/Un-bateau-pour-deux/Maps/UEDPIE_0_William_Layec 0.262
[2017.11.27-22.04.18:428][983]LogBlueprintUserMessages: Late PlayInEditor Detection: Level '/Game/Un-bateau-pour-deux/Maps/William_Layec.William_Layec:PersistentLevel' has LevelScriptBlueprint '/Game/Un-bateau-pour-deux/Maps/William_Layec.William_Layec:PersistentLevel.William_Layec' with GeneratedClass '/Game/Un-bateau-pour-deux/Maps/William_Layec.William_Layec_C' with ClassGeneratedBy '/Game/Un-bateau-pour-deux/Maps/William_Layec.William_Layec:PersistentLevel.William_Layec'
[2017.11.27-22.04.20:715][100]LogBlueprintUserMessages: [Bidon_Blueprint2] touche le bidon
[2017.11.27-22.04.30:014][598]LogBlueprintUserMessages: Early EndPlayMap Detection: Level '/Game/Un-bateau-pour-deux/Maps/William_Layec.William_Layec:PersistentLevel' has LevelScriptBlueprint '/Game/Un-bateau-pour-deux/Maps/William_Layec.William_Layec:PersistentLevel.William_Layec' with GeneratedClass '/Game/Un-bateau-pour-deux/Maps/William_Layec.William_Layec_C' with ClassGeneratedBy '/Game/Un-bateau-pour-deux/Maps/William_Layec.William_Layec:PersistentLevel.William_Layec'
[2017.11.27-22.04.30:070][598]LogBlueprintUserMessages: Late EndPlayMap Detection: Level '/Game/Un-bateau-pour-deux/Maps/William_Layec.William_Layec:PersistentLevel' has LevelScriptBlueprint '/Game/Un-bateau-pour-deux/Maps/William_Layec.William_Layec:PersistentLevel.William_Layec' with GeneratedClass '/Game/Un-bateau-pour-deux/Maps/William_Layec.William_Layec_C' with ClassGeneratedBy '/Game/Un-bateau-pour-deux/Maps/William_Layec.William_Layec:PersistentLevel.William_Layec'
[2017.11.27-22.09.57:306][618]LogSlate: Took 0.000190 seconds to synchronously load lazily loaded font '../../../Engine/Content/Slate/Fonts/Roboto-Light.ttf' (159K)
[2017.11.27-22.10.01:198][735]LogActorComponent: UnregisterComponent: (/Engine/Transient.EditorFloorComp) Not registered. Aborting.
[2017.11.27-22.10.05:048][928]LogActorComponent: UnregisterComponent: (/Engine/Transient.EditorFloorComp) Not registered. Aborting.
[2017.11.27-22.10.58:341][512]LogEditorViewport: Clicking on Actor (LMB): PlayerStart (NetworkPlayerStart3)
[2017.11.27-22.11.09:376][150]LogEditorViewport: Clicking on Actor (LMB): PlayerStart (NetworkPlayerStart2)
[2017.11.27-22.11.15:242][499]BlueprintLog: New page: Compile William_Layec
[2017.11.27-22.11.15:302][499]LogBlueprint: Warning: [Compiler PersistentLevel.William_Layec] 'Top Down Controller' does not inherit from 'Pawn' ( Cast To TopDownController  would always fail).
[2017.11.27-22.11.15:425][499]LogBlueprint: Warning: [Compiler PersistentLevel.William_Layec] [0578.20] Compile of PersistentLevel.William_Layec successful, but with 1 Warning(s) [in 182 ms] (/Game/Un-bateau-pour-deux/Maps/William_Layec.William_Layec:PersistentLevel.William_Layec)
[2017.11.27-22.11.16:809][581]BlueprintLog: New page: Compile William_Layec
[2017.11.27-22.11.16:833][581]LogBlueprint: Warning: [Compiler PersistentLevel.William_Layec] 'Top Down Controller' does not inherit from 'Pawn' ( Cast To TopDownController  would always fail).
[2017.11.27-22.11.16:947][581]LogBlueprint: Warning: [Compiler PersistentLevel.William_Layec] [0579.72] Compile of PersistentLevel.William_Layec successful, but with 1 Warning(s) [in 138 ms] (/Game/Un-bateau-pour-deux/Maps/William_Layec.William_Layec:PersistentLevel.William_Layec)
[2017.11.27-22.11.17:775][630]LogTemp: Repeating last play command: New Editor Window (PIE)
[2017.11.27-22.11.17:797][630]LogBlueprintUserMessages: Early PlayInEditor Detection: Level '/Game/Un-bateau-pour-deux/Maps/William_Layec.William_Layec:PersistentLevel' has LevelScriptBlueprint '/Game/Un-bateau-pour-deux/Maps/William_Layec.William_Layec:PersistentLevel.William_Layec' with GeneratedClass '/Game/Un-bateau-pour-deux/Maps/William_Layec.William_Layec_C' with ClassGeneratedBy '/Game/Un-bateau-pour-deux/Maps/William_Layec.William_Layec:PersistentLevel.William_Layec'
[2017.11.27-22.11.17:797][630]LogPlayLevel: PlayLevel: No blueprints needed recompiling
[2017.11.27-22.11.17:797][630]PIE: New page: PIE session: William_Layec (Nov 28, 2017, 12:11:17 AM)
[2017.11.27-22.11.17:798][630]LogPlayLevel: Creating play world package: /Game/Un-bateau-pour-deux/Maps/UEDPIE_0_William_Layec
[2017.11.27-22.11.17:819][630]LogPlayLevel: PIE: StaticDuplicateObject took: (0.021762s)
[2017.11.27-22.11.17:820][630]LogAIModule: Creating AISystem for world William_Layec
[2017.11.27-22.11.17:821][630]LogPlayLevel: PIE: World Init took: (0.001214s)
[2017.11.27-22.11.17:821][630]LogPlayLevel: PIE: Created PIE world by copying editor world from /Game/Un-bateau-pour-deux/Maps/William_Layec.William_Layec to /Game/Un-bateau-pour-deux/Maps/UEDPIE_0_William_Layec.William_Layec (0.023459s)
[2017.11.27-22.11.17:842][630]LogInit: XAudio2 using 'Haut-parleurs (Conexant ISST Audio)' : 2 channels at 48 kHz using 32 bits per sample (channel mask 0x3)
[2017.11.27-22.11.17:847][630]LogInit: FAudioDevice initialized.
[2017.11.27-22.11.17:898][630]LogLoad: Game class is 'ThirdPersonGameMode_C'
[2017.11.27-22.11.17:900][630]LogWorld: Bringing World /Game/Un-bateau-pour-deux/Maps/UEDPIE_0_William_Layec.William_Layec up for play (max tick rate 60) at 2017.11.27-23.11.17
[2017.11.27-22.11.17:900][630]LogWorld: Bringing up level for play took: 0.001674
[2017.11.27-22.11.17:910][630]PIE: Play in editor start time for /Game/Un-bateau-pour-deux/Maps/UEDPIE_0_William_Layec -0.256
[2017.11.27-22.11.17:911][630]LogBlueprintUserMessages: Late PlayInEditor Detection: Level '/Game/Un-bateau-pour-deux/Maps/William_Layec.William_Layec:PersistentLevel' has LevelScriptBlueprint '/Game/Un-bateau-pour-deux/Maps/William_Layec.William_Layec:PersistentLevel.William_Layec' with GeneratedClass '/Game/Un-bateau-pour-deux/Maps/William_Layec.William_Layec_C' with ClassGeneratedBy '/Game/Un-bateau-pour-deux/Maps/William_Layec.William_Layec:PersistentLevel.William_Layec'
[2017.11.27-22.11.29:006][288]LogBlueprintUserMessages: Early EndPlayMap Detection: Level '/Game/Un-bateau-pour-deux/Maps/William_Layec.William_Layec:PersistentLevel' has LevelScriptBlueprint '/Game/Un-bateau-pour-deux/Maps/William_Layec.William_Layec:PersistentLevel.William_Layec' with GeneratedClass '/Game/Un-bateau-pour-deux/Maps/William_Layec.William_Layec_C' with ClassGeneratedBy '/Game/Un-bateau-pour-deux/Maps/William_Layec.William_Layec:PersistentLevel.William_Layec'
[2017.11.27-22.11.29:069][288]LogBlueprintUserMessages: Late EndPlayMap Detection: Level '/Game/Un-bateau-pour-deux/Maps/William_Layec.William_Layec:PersistentLevel' has LevelScriptBlueprint '/Game/Un-bateau-pour-deux/Maps/William_Layec.William_Layec:PersistentLevel.William_Layec' with GeneratedClass '/Game/Un-bateau-pour-deux/Maps/William_Layec.William_Layec_C' with ClassGeneratedBy '/Game/Un-bateau-pour-deux/Maps/William_Layec.William_Layec:PersistentLevel.William_Layec'
[2017.11.27-22.12.49:739][857]LogBlueprint: Warning: [Compiler PersistentLevel.William_Layec] 'Top Down Controller' does not inherit from 'Pawn' ( Cast To TopDownController  would always fail).
[2017.11.27-22.12.49:742][857]LogBlueprint: Warning: [Compiler PersistentLevel.William_Layec] [0672.51] Compile of PersistentLevel.William_Layec successful, but with 1 Warning(s) [in 19 ms] (/Game/Un-bateau-pour-deux/Maps/William_Layec.William_Layec:PersistentLevel.William_Layec)
[2017.11.27-22.12.50:171][857]LogSavePackage: Save=474.40ms
[2017.11.27-22.12.50:171][857]LogSavePackage: Moving 'F:/Unreal Projects/Un_bateau_pour_deux/Un_bateau_pour_deux/Saved/William_Layec_Auto198392676499D707CC23CCABA70106956.tmp' to 'F:/Unreal Projects/Un_bateau_pour_deux/Un_bateau_pour_deux/Saved/Autosaves/Game/Un-bateau-pour-deux/Maps/William_Layec_Auto1.umap'
[2017.11.27-22.12.50:173][857]LogSavePackage: Display: Finished SavePackage F:/Unreal Projects/Un_bateau_pour_deux/Un_bateau_pour_deux/Saved/Autosaves/Game/Un-bateau-pour-deux/Maps/William_Layec_Auto1.umap
[2017.11.27-22.12.50:179][857]LogFileHelpers: Editor autosave (incl. sublevels) for '/Game/Un-bateau-pour-deux/Maps/William_Layec' took 0.647
[2017.11.27-22.12.50:179][857]LogFileHelpers: Editor autosave (incl. sublevels) for all levels took 0.647
[2017.11.27-22.12.50:182][857]OBJ SavePackage: Generating thumbnails for [0] asset(s) in package [/Game/TopDownBP/Blueprints/TopDownGameMode] ([1] browsable assets)...
[2017.11.27-22.12.50:182][857]OBJ SavePackage: Finished generating thumbnails for package [/Game/TopDownBP/Blueprints/TopDownGameMode]
[2017.11.27-22.12.50:201][857]LogSavePackage: Save=9.41ms
[2017.11.27-22.12.50:201][857]LogSavePackage: Moving 'F:/Unreal Projects/Un_bateau_pour_deux/Un_bateau_pour_deux/Saved/TopDownGameMode_Auto1734A04FF4E2B7064E97E18BAC3D28935.tmp' to 'F:/Unreal Projects/Un_bateau_pour_deux/Un_bateau_pour_deux/Saved/Autosaves/Game/TopDownBP/Blueprints/TopDownGameMode_Auto1.uasset'
[2017.11.27-22.12.50:202][857]LogSavePackage: Display: Finished SavePackage F:/Unreal Projects/Un_bateau_pour_deux/Un_bateau_pour_deux/Saved/Autosaves/Game/TopDownBP/Blueprints/TopDownGameMode_Auto1.uasset
[2017.11.27-22.12.50:202][857]LogFileHelpers: Auto-saving content packages took 0.021
[2017.11.27-22.13.01:477][532]LogTemp: Repeating last play command: New Editor Window (PIE)
[2017.11.27-22.13.01:494][532]LogBlueprintUserMessages: Early PlayInEditor Detection: Level '/Game/Un-bateau-pour-deux/Maps/William_Layec.William_Layec:PersistentLevel' has LevelScriptBlueprint '/Game/Un-bateau-pour-deux/Maps/William_Layec.William_Layec:PersistentLevel.William_Layec' with GeneratedClass '/Game/Un-bateau-pour-deux/Maps/William_Layec.William_Layec_C' with ClassGeneratedBy '/Game/Un-bateau-pour-deux/Maps/William_Layec.William_Layec:PersistentLevel.William_Layec'
[2017.11.27-22.13.01:495][532]LogPlayLevel: PlayLevel: No blueprints needed recompiling
[2017.11.27-22.13.01:495][532]PIE: New page: PIE session: William_Layec (Nov 28, 2017, 12:13:01 AM)
[2017.11.27-22.13.01:495][532]LogPlayLevel: Creating play world package: /Game/Un-bateau-pour-deux/Maps/UEDPIE_0_William_Layec
[2017.11.27-22.13.01:512][532]LogPlayLevel: PIE: StaticDuplicateObject took: (0.016950s)
[2017.11.27-22.13.01:513][532]LogAIModule: Creating AISystem for world William_Layec
[2017.11.27-22.13.01:514][532]LogPlayLevel: PIE: World Init took: (0.001688s)
[2017.11.27-22.13.01:514][532]LogPlayLevel: PIE: Created PIE world by copying editor world from /Game/Un-bateau-pour-deux/Maps/William_Layec.William_Layec to /Game/Un-bateau-pour-deux/Maps/UEDPIE_0_William_Layec.William_Layec (0.019109s)
[2017.11.27-22.13.01:535][532]LogInit: XAudio2 using 'Haut-parleurs (Conexant ISST Audio)' : 2 channels at 48 kHz using 32 bits per sample (channel mask 0x3)
[2017.11.27-22.13.01:538][532]LogInit: FAudioDevice initialized.
[2017.11.27-22.13.01:589][532]LogLoad: Game class is 'ThirdPersonGameMode_C'
[2017.11.27-22.13.01:592][532]LogWorld: Bringing World /Game/Un-bateau-pour-deux/Maps/UEDPIE_0_William_Layec.William_Layec up for play (max tick rate 60) at 2017.11.27-23.13.01
[2017.11.27-22.13.01:592][532]LogWorld: Bringing up level for play took: 0.001802
[2017.11.27-22.13.01:604][532]PIE: Play in editor start time for /Game/Un-bateau-pour-deux/Maps/UEDPIE_0_William_Layec -0.562
[2017.11.27-22.13.01:605][532]LogBlueprintUserMessages: Late PlayInEditor Detection: Level '/Game/Un-bateau-pour-deux/Maps/William_Layec.William_Layec:PersistentLevel' has LevelScriptBlueprint '/Game/Un-bateau-pour-deux/Maps/William_Layec.William_Layec:PersistentLevel.William_Layec' with GeneratedClass '/Game/Un-bateau-pour-deux/Maps/William_Layec.William_Layec_C' with ClassGeneratedBy '/Game/Un-bateau-pour-deux/Maps/William_Layec.William_Layec:PersistentLevel.William_Layec'
[2017.11.27-22.13.07:004][851]LogBlueprintUserMessages: Early EndPlayMap Detection: Level '/Game/Un-bateau-pour-deux/Maps/William_Layec.William_Layec:PersistentLevel' has LevelScriptBlueprint '/Game/Un-bateau-pour-deux/Maps/William_Layec.William_Layec:PersistentLevel.William_Layec' with GeneratedClass '/Game/Un-bateau-pour-deux/Maps/William_Layec.William_Layec_C' with ClassGeneratedBy '/Game/Un-bateau-pour-deux/Maps/William_Layec.William_Layec:PersistentLevel.William_Layec'
[2017.11.27-22.13.07:067][851]LogBlueprintUserMessages: Late EndPlayMap Detection: Level '/Game/Un-bateau-pour-deux/Maps/William_Layec.William_Layec:PersistentLevel' has LevelScriptBlueprint '/Game/Un-bateau-pour-deux/Maps/William_Layec.William_Layec:PersistentLevel.William_Layec' with GeneratedClass '/Game/Un-bateau-pour-deux/Maps/William_Layec.William_Layec_C' with ClassGeneratedBy '/Game/Un-bateau-pour-deux/Maps/William_Layec.William_Layec:PersistentLevel.William_Layec'
[2017.11.27-22.14.42:827][359]BlueprintLog: New page: Compile William_Layec
[2017.11.27-22.14.42:852][359]LogBlueprint: Warning: [Compiler PersistentLevel.William_Layec] 'Top Down Controller' does not inherit from 'Pawn' ( Cast To TopDownController  would always fail).
[2017.11.27-22.14.42:975][359]LogBlueprint: Warning: [Compiler PersistentLevel.William_Layec] [0785.75] Compile of PersistentLevel.William_Layec successful, but with 1 Warning(s) [in 148 ms] (/Game/Un-bateau-pour-deux/Maps/William_Layec.William_Layec:PersistentLevel.William_Layec)
[2017.11.27-22.14.44:970][478]LogTemp: Repeating last play command: New Editor Window (PIE)
[2017.11.27-22.14.45:283][478]LogBlueprintUserMessages: Early PlayInEditor Detection: Level '/Game/Un-bateau-pour-deux/Maps/William_Layec.William_Layec:PersistentLevel' has LevelScriptBlueprint '/Game/Un-bateau-pour-deux/Maps/William_Layec.William_Layec:PersistentLevel.William_Layec' with GeneratedClass '/Game/Un-bateau-pour-deux/Maps/William_Layec.William_Layec_C' with ClassGeneratedBy '/Game/Un-bateau-pour-deux/Maps/William_Layec.William_Layec:PersistentLevel.William_Layec'
[2017.11.27-22.14.45:283][478]LogPlayLevel: PlayLevel: No blueprints needed recompiling
[2017.11.27-22.14.45:283][478]PIE: New page: PIE session: William_Layec (Nov 28, 2017, 12:14:45 AM)
[2017.11.27-22.14.45:283][478]LogPlayLevel: Creating play world package: /Game/Un-bateau-pour-deux/Maps/UEDPIE_0_William_Layec
[2017.11.27-22.14.45:300][478]LogPlayLevel: PIE: StaticDuplicateObject took: (0.016022s)
[2017.11.27-22.14.45:300][478]LogAIModule: Creating AISystem for world William_Layec
[2017.11.27-22.14.45:301][478]LogPlayLevel: PIE: World Init took: (0.001086s)
[2017.11.27-22.14.45:301][478]LogPlayLevel: PIE: Created PIE world by copying editor world from /Game/Un-bateau-pour-deux/Maps/William_Layec.William_Layec to /Game/Un-bateau-pour-deux/Maps/UEDPIE_0_William_Layec.William_Layec (0.017453s)
[2017.11.27-22.14.45:325][478]LogInit: XAudio2 using 'Haut-parleurs (Conexant ISST Audio)' : 2 channels at 48 kHz using 32 bits per sample (channel mask 0x3)
[2017.11.27-22.14.45:330][478]LogInit: FAudioDevice initialized.
[2017.11.27-22.14.45:378][478]LogLoad: Game class is 'ThirdPersonGameMode_C'
[2017.11.27-22.14.45:381][478]LogWorld: Bringing World /Game/Un-bateau-pour-deux/Maps/UEDPIE_0_William_Layec.William_Layec up for play (max tick rate 60) at 2017.11.27-23.14.45
[2017.11.27-22.14.45:381][478]LogWorld: Bringing up level for play took: 0.001720
[2017.11.27-22.14.45:385][478]LogPlayerManagement: Error: Failed to Create Player: A local player already exists for controller ID 0,
[2017.11.27-22.14.45:385][478]LogScript: Warning: Accessed None trying to read property CallFunc_CreatePlayer_ReturnValue
	William_Layec_C /Game/Un-bateau-pour-deux/Maps/UEDPIE_0_William_Layec.William_Layec:PersistentLevel.William_Layec_C_1
	Function /Game/Un-bateau-pour-deux/Maps/William_Layec.William_Layec_C:ExecuteUbergraph_William_Layec:0056
[2017.11.27-22.14.45:385][478]PIE: Error: Blueprint Runtime Error: Accessed None trying to read property CallFunc_CreatePlayer_ReturnValue from function: 'ExecuteUbergraph_William_Layec' from node: Cast To William_Player_2 in graph: EventGraph in object: William_Layec with description: Accessed None trying to read property CallFunc_CreatePlayer_ReturnValue
[2017.11.27-22.14.45:393][478]PIE: Play in editor start time for /Game/Un-bateau-pour-deux/Maps/UEDPIE_0_William_Layec -0.773
[2017.11.27-22.14.45:393][478]LogBlueprintUserMessages: Late PlayInEditor Detection: Level '/Game/Un-bateau-pour-deux/Maps/William_Layec.William_Layec:PersistentLevel' has LevelScriptBlueprint '/Game/Un-bateau-pour-deux/Maps/William_Layec.William_Layec:PersistentLevel.William_Layec' with GeneratedClass '/Game/Un-bateau-pour-deux/Maps/William_Layec.William_Layec_C' with ClassGeneratedBy '/Game/Un-bateau-pour-deux/Maps/William_Layec.William_Layec:PersistentLevel.William_Layec'
[2017.11.27-22.14.46:940][567]LogBlueprintUserMessages: Early EndPlayMap Detection: Level '/Game/Un-bateau-pour-deux/Maps/William_Layec.William_Layec:PersistentLevel' has LevelScriptBlueprint '/Game/Un-bateau-pour-deux/Maps/William_Layec.William_Layec:PersistentLevel.William_Layec' with GeneratedClass '/Game/Un-bateau-pour-deux/Maps/William_Layec.William_Layec_C' with ClassGeneratedBy '/Game/Un-bateau-pour-deux/Maps/William_Layec.William_Layec:PersistentLevel.William_Layec'
[2017.11.27-22.14.47:015][567]LogBlueprintUserMessages: Late EndPlayMap Detection: Level '/Game/Un-bateau-pour-deux/Maps/William_Layec.William_Layec:PersistentLevel' has LevelScriptBlueprint '/Game/Un-bateau-pour-deux/Maps/William_Layec.William_Layec:PersistentLevel.William_Layec' with GeneratedClass '/Game/Un-bateau-pour-deux/Maps/William_Layec.William_Layec_C' with ClassGeneratedBy '/Game/Un-bateau-pour-deux/Maps/William_Layec.William_Layec:PersistentLevel.William_Layec'
[2017.11.27-22.14.58:911][224]LogSlate: Warning: Prevented a slow task dialog from being summoned while a context menu was open
[2017.11.27-22.14.59:732][272]LogUObjectGlobals: Warning: Failed to find object 'Class None.None'
[2017.11.27-22.15.00:911][342]LogTemp: Repeating last play command: New Editor Window (PIE)
[2017.11.27-22.15.00:931][342]LogBlueprintUserMessages: Early PlayInEditor Detection: Level '/Game/Un-bateau-pour-deux/Maps/William_Layec.William_Layec:PersistentLevel' has LevelScriptBlueprint '/Game/Un-bateau-pour-deux/Maps/William_Layec.William_Layec:PersistentLevel.William_Layec' with GeneratedClass '/Game/Un-bateau-pour-deux/Maps/William_Layec.William_Layec_C' with ClassGeneratedBy '/Game/Un-bateau-pour-deux/Maps/William_Layec.William_Layec:PersistentLevel.William_Layec'
[2017.11.27-22.15.00:932][342]LogPlayLevel: PlayLevel: No blueprints needed recompiling
[2017.11.27-22.15.00:932][342]PIE: New page: PIE session: William_Layec (Nov 28, 2017, 12:15:00 AM)
[2017.11.27-22.15.00:932][342]LogPlayLevel: Creating play world package: /Game/Un-bateau-pour-deux/Maps/UEDPIE_0_William_Layec
[2017.11.27-22.15.00:948][342]LogPlayLevel: PIE: StaticDuplicateObject took: (0.016505s)
[2017.11.27-22.15.00:949][342]LogAIModule: Creating AISystem for world William_Layec
[2017.11.27-22.15.00:950][342]LogPlayLevel: PIE: World Init took: (0.001271s)
[2017.11.27-22.15.00:950][342]LogPlayLevel: PIE: Created PIE world by copying editor world from /Game/Un-bateau-pour-deux/Maps/William_Layec.William_Layec to /Game/Un-bateau-pour-deux/Maps/UEDPIE_0_William_Layec.William_Layec (0.018251s)
[2017.11.27-22.15.00:976][342]LogInit: XAudio2 using 'Haut-parleurs (Conexant ISST Audio)' : 2 channels at 48 kHz using 32 bits per sample (channel mask 0x3)
[2017.11.27-22.15.00:980][342]LogInit: FAudioDevice initialized.
[2017.11.27-22.15.01:028][342]LogLoad: Game class is 'TopDownGameMode_C'
[2017.11.27-22.15.01:030][342]LogWorld: Bringing World /Game/Un-bateau-pour-deux/Maps/UEDPIE_0_William_Layec.William_Layec up for play (max tick rate 60) at 2017.11.27-23.15.01
[2017.11.27-22.15.01:030][342]LogWorld: Bringing up level for play took: 0.001801
[2017.11.27-22.15.01:034][342]LogPlayerManagement: Error: Failed to Create Player: A local player already exists for controller ID 0,
[2017.11.27-22.15.01:034][342]LogScript: Warning: Accessed None trying to read property CallFunc_CreatePlayer_ReturnValue
	William_Layec_C /Game/Un-bateau-pour-deux/Maps/UEDPIE_0_William_Layec.William_Layec:PersistentLevel.William_Layec_C_1
	Function /Game/Un-bateau-pour-deux/Maps/William_Layec.William_Layec_C:ExecuteUbergraph_William_Layec:0056
[2017.11.27-22.15.01:034][342]PIE: Error: Blueprint Runtime Error: Accessed None trying to read property CallFunc_CreatePlayer_ReturnValue from function: 'ExecuteUbergraph_William_Layec' from node: Cast To William_Player_2 in graph: EventGraph in object: William_Layec with description: Accessed None trying to read property CallFunc_CreatePlayer_ReturnValue
[2017.11.27-22.15.01:042][342]PIE: Play in editor start time for /Game/Un-bateau-pour-deux/Maps/UEDPIE_0_William_Layec 0.876
[2017.11.27-22.15.01:043][342]LogBlueprintUserMessages: Late PlayInEditor Detection: Level '/Game/Un-bateau-pour-deux/Maps/William_Layec.William_Layec:PersistentLevel' has LevelScriptBlueprint '/Game/Un-bateau-pour-deux/Maps/William_Layec.William_Layec:PersistentLevel.William_Layec' with GeneratedClass '/Game/Un-bateau-pour-deux/Maps/William_Layec.William_Layec_C' with ClassGeneratedBy '/Game/Un-bateau-pour-deux/Maps/William_Layec.William_Layec:PersistentLevel.William_Layec'
[2017.11.27-22.15.09:053][817]LogBlueprintUserMessages: Early EndPlayMap Detection: Level '/Game/Un-bateau-pour-deux/Maps/William_Layec.William_Layec:PersistentLevel' has LevelScriptBlueprint '/Game/Un-bateau-pour-deux/Maps/William_Layec.William_Layec:PersistentLevel.William_Layec' with GeneratedClass '/Game/Un-bateau-pour-deux/Maps/William_Layec.William_Layec_C' with ClassGeneratedBy '/Game/Un-bateau-pour-deux/Maps/William_Layec.William_Layec:PersistentLevel.William_Layec'
[2017.11.27-22.15.09:122][817]LogBlueprintUserMessages: Late EndPlayMap Detection: Level '/Game/Un-bateau-pour-deux/Maps/William_Layec.William_Layec:PersistentLevel' has LevelScriptBlueprint '/Game/Un-bateau-pour-deux/Maps/William_Layec.William_Layec:PersistentLevel.William_Layec' with GeneratedClass '/Game/Un-bateau-pour-deux/Maps/William_Layec.William_Layec_C' with ClassGeneratedBy '/Game/Un-bateau-pour-deux/Maps/William_Layec.William_Layec:PersistentLevel.William_Layec'
[2017.11.27-22.15.21:131][467]LogEditorViewport: Clicking on Actor (LMB): PlayerStart (NetworkPlayerStart3)
[2017.11.27-22.15.24:630][673]LogEditorViewport: Clicking on Actor (LMB): StaticMeshActor (Floor)
[2017.11.27-22.15.26:276][768]LogEditorViewport: Clicking on Actor (LMB): PlayerStart (NetworkPlayerStart2)
[2017.11.27-22.15.30:937][ 45]LogTemp: Repeating last play command: New Editor Window (PIE)
[2017.11.27-22.15.30:958][ 45]LogBlueprintUserMessages: Early PlayInEditor Detection: Level '/Game/Un-bateau-pour-deux/Maps/William_Layec.William_Layec:PersistentLevel' has LevelScriptBlueprint '/Game/Un-bateau-pour-deux/Maps/William_Layec.William_Layec:PersistentLevel.William_Layec' with GeneratedClass '/Game/Un-bateau-pour-deux/Maps/William_Layec.William_Layec_C' with ClassGeneratedBy '/Game/Un-bateau-pour-deux/Maps/William_Layec.William_Layec:PersistentLevel.William_Layec'
[2017.11.27-22.15.30:958][ 45]LogPlayLevel: PlayLevel: No blueprints needed recompiling
[2017.11.27-22.15.30:958][ 45]PIE: New page: PIE session: William_Layec (Nov 28, 2017, 12:15:30 AM)
[2017.11.27-22.15.30:958][ 45]LogPlayLevel: Creating play world package: /Game/Un-bateau-pour-deux/Maps/UEDPIE_0_William_Layec
[2017.11.27-22.15.30:974][ 45]LogPlayLevel: PIE: StaticDuplicateObject took: (0.016060s)
[2017.11.27-22.15.30:975][ 45]LogAIModule: Creating AISystem for world William_Layec
[2017.11.27-22.15.30:975][ 45]LogPlayLevel: PIE: World Init took: (0.001032s)
[2017.11.27-22.15.30:975][ 45]LogPlayLevel: PIE: Created PIE world by copying editor world from /Game/Un-bateau-pour-deux/Maps/William_Layec.William_Layec to /Game/Un-bateau-pour-deux/Maps/UEDPIE_0_William_Layec.William_Layec (0.017449s)
[2017.11.27-22.15.30:998][ 45]LogInit: XAudio2 using 'Haut-parleurs (Conexant ISST Audio)' : 2 channels at 48 kHz using 32 bits per sample (channel mask 0x3)
[2017.11.27-22.15.31:002][ 45]LogInit: FAudioDevice initialized.
[2017.11.27-22.15.31:048][ 45]LogLoad: Game class is 'TopDownGameMode_C'
[2017.11.27-22.15.31:050][ 45]LogWorld: Bringing World /Game/Un-bateau-pour-deux/Maps/UEDPIE_0_William_Layec.William_Layec up for play (max tick rate 60) at 2017.11.27-23.15.31
[2017.11.27-22.15.31:050][ 45]LogWorld: Bringing up level for play took: 0.002102
[2017.11.27-22.15.31:055][ 45]LogPlayerManagement: Error: Failed to Create Player: A local player already exists for controller ID 0,
[2017.11.27-22.15.31:055][ 45]LogScript: Warning: Accessed None trying to read property CallFunc_CreatePlayer_ReturnValue
	William_Layec_C /Game/Un-bateau-pour-deux/Maps/UEDPIE_0_William_Layec.William_Layec:PersistentLevel.William_Layec_C_1
	Function /Game/Un-bateau-pour-deux/Maps/William_Layec.William_Layec_C:ExecuteUbergraph_William_Layec:0056
[2017.11.27-22.15.31:055][ 45]PIE: Error: Blueprint Runtime Error: Accessed None trying to read property CallFunc_CreatePlayer_ReturnValue from function: 'ExecuteUbergraph_William_Layec' from node: Cast To William_Player_2 in graph: EventGraph in object: William_Layec with description: Accessed None trying to read property CallFunc_CreatePlayer_ReturnValue
[2017.11.27-22.15.31:062][ 45]PIE: Play in editor start time for /Game/Un-bateau-pour-deux/Maps/UEDPIE_0_William_Layec 0.897
[2017.11.27-22.15.31:063][ 45]LogBlueprintUserMessages: Late PlayInEditor Detection: Level '/Game/Un-bateau-pour-deux/Maps/William_Layec.William_Layec:PersistentLevel' has LevelScriptBlueprint '/Game/Un-bateau-pour-deux/Maps/William_Layec.William_Layec:PersistentLevel.William_Layec' with GeneratedClass '/Game/Un-bateau-pour-deux/Maps/William_Layec.William_Layec_C' with ClassGeneratedBy '/Game/Un-bateau-pour-deux/Maps/William_Layec.William_Layec:PersistentLevel.William_Layec'
[2017.11.27-22.15.36:298][354]LogBlueprintUserMessages: [Bidon_Blueprint2] touche le bidon
[2017.11.27-22.15.45:947][932]LogBlueprintUserMessages: [William_Layec_C_1] alert essence
[2017.11.27-22.15.52:048][298]LogBlueprintUserMessages: Early EndPlayMap Detection: Level '/Game/Un-bateau-pour-deux/Maps/William_Layec.William_Layec:PersistentLevel' has LevelScriptBlueprint '/Game/Un-bateau-pour-deux/Maps/William_Layec.William_Layec:PersistentLevel.William_Layec' with GeneratedClass '/Game/Un-bateau-pour-deux/Maps/William_Layec.William_Layec_C' with ClassGeneratedBy '/Game/Un-bateau-pour-deux/Maps/William_Layec.William_Layec:PersistentLevel.William_Layec'
[2017.11.27-22.15.52:121][298]LogBlueprintUserMessages: Late EndPlayMap Detection: Level '/Game/Un-bateau-pour-deux/Maps/William_Layec.William_Layec:PersistentLevel' has LevelScriptBlueprint '/Game/Un-bateau-pour-deux/Maps/William_Layec.William_Layec:PersistentLevel.William_Layec' with GeneratedClass '/Game/Un-bateau-pour-deux/Maps/William_Layec.William_Layec_C' with ClassGeneratedBy '/Game/Un-bateau-pour-deux/Maps/William_Layec.William_Layec:PersistentLevel.William_Layec'
[2017.11.27-22.16.10:724][402]BlueprintLog: New page: Compile William_Layec
[2017.11.27-22.16.10:748][402]LogBlueprint: Warning: [Compiler PersistentLevel.William_Layec] 'Top Down Controller' does not inherit from 'Pawn' ( Cast To TopDownController  would always fail).
[2017.11.27-22.16.10:869][402]LogBlueprint: Warning: [Compiler PersistentLevel.William_Layec] [0873.64] Compile of PersistentLevel.William_Layec successful, but with 1 Warning(s) [in 145 ms] (/Game/Un-bateau-pour-deux/Maps/William_Layec.William_Layec:PersistentLevel.William_Layec)
[2017.11.27-22.16.11:801][457]LogTemp: Repeating last play command: New Editor Window (PIE)
[2017.11.27-22.16.11:831][457]LogBlueprintUserMessages: Early PlayInEditor Detection: Level '/Game/Un-bateau-pour-deux/Maps/William_Layec.William_Layec:PersistentLevel' has LevelScriptBlueprint '/Game/Un-bateau-pour-deux/Maps/William_Layec.William_Layec:PersistentLevel.William_Layec' with GeneratedClass '/Game/Un-bateau-pour-deux/Maps/William_Layec.William_Layec_C' with ClassGeneratedBy '/Game/Un-bateau-pour-deux/Maps/William_Layec.William_Layec:PersistentLevel.William_Layec'
[2017.11.27-22.16.11:831][457]LogPlayLevel: PlayLevel: No blueprints needed recompiling
[2017.11.27-22.16.11:831][457]PIE: New page: PIE session: William_Layec (Nov 28, 2017, 12:16:11 AM)
[2017.11.27-22.16.11:832][457]LogPlayLevel: Creating play world package: /Game/Un-bateau-pour-deux/Maps/UEDPIE_0_William_Layec
[2017.11.27-22.16.11:848][457]LogPlayLevel: PIE: StaticDuplicateObject took: (0.016547s)
[2017.11.27-22.16.11:849][457]LogAIModule: Creating AISystem for world William_Layec
[2017.11.27-22.16.11:849][457]LogPlayLevel: PIE: World Init took: (0.000919s)
[2017.11.27-22.16.11:849][457]LogPlayLevel: PIE: Created PIE world by copying editor world from /Game/Un-bateau-pour-deux/Maps/William_Layec.William_Layec to /Game/Un-bateau-pour-deux/Maps/UEDPIE_0_William_Layec.William_Layec (0.017872s)
[2017.11.27-22.16.11:874][457]LogInit: XAudio2 using 'Haut-parleurs (Conexant ISST Audio)' : 2 channels at 48 kHz using 32 bits per sample (channel mask 0x3)
[2017.11.27-22.16.11:878][457]LogInit: FAudioDevice initialized.
[2017.11.27-22.16.11:923][457]LogLoad: Game class is 'TopDownGameMode_C'
[2017.11.27-22.16.11:926][457]LogWorld: Bringing World /Game/Un-bateau-pour-deux/Maps/UEDPIE_0_William_Layec.William_Layec up for play (max tick rate 60) at 2017.11.27-23.16.11
[2017.11.27-22.16.11:927][457]LogWorld: Bringing up level for play took: 0.001694
[2017.11.27-22.16.11:937][457]PIE: Play in editor start time for /Game/Un-bateau-pour-deux/Maps/UEDPIE_0_William_Layec -0.229
[2017.11.27-22.16.11:938][457]LogBlueprintUserMessages: Late PlayInEditor Detection: Level '/Game/Un-bateau-pour-deux/Maps/William_Layec.William_Layec:PersistentLevel' has LevelScriptBlueprint '/Game/Un-bateau-pour-deux/Maps/William_Layec.William_Layec:PersistentLevel.William_Layec' with GeneratedClass '/Game/Un-bateau-pour-deux/Maps/William_Layec.William_Layec_C' with ClassGeneratedBy '/Game/Un-bateau-pour-deux/Maps/William_Layec.William_Layec:PersistentLevel.William_Layec'
[2017.11.27-22.16.18:258][829]LogBlueprintUserMessages: Early EndPlayMap Detection: Level '/Game/Un-bateau-pour-deux/Maps/William_Layec.William_Layec:PersistentLevel' has LevelScriptBlueprint '/Game/Un-bateau-pour-deux/Maps/William_Layec.William_Layec:PersistentLevel.William_Layec' with GeneratedClass '/Game/Un-bateau-pour-deux/Maps/William_Layec.William_Layec_C' with ClassGeneratedBy '/Game/Un-bateau-pour-deux/Maps/William_Layec.William_Layec:PersistentLevel.William_Layec'
[2017.11.27-22.16.18:322][829]LogBlueprintUserMessages: Late EndPlayMap Detection: Level '/Game/Un-bateau-pour-deux/Maps/William_Layec.William_Layec:PersistentLevel' has LevelScriptBlueprint '/Game/Un-bateau-pour-deux/Maps/William_Layec.William_Layec:PersistentLevel.William_Layec' with GeneratedClass '/Game/Un-bateau-pour-deux/Maps/William_Layec.William_Layec_C' with ClassGeneratedBy '/Game/Un-bateau-pour-deux/Maps/William_Layec.William_Layec:PersistentLevel.William_Layec'
[2017.11.27-22.16.22:025][959]Cmd: OBJ SAVEPACKAGE PACKAGE="/Game/TopDownBP/Blueprints/TopDownGameMode" FILE="F:/Unreal Projects/Un_bateau_pour_deux/Un_bateau_pour_deux/Content/TopDownBP/Blueprints/TopDownGameMode.uasset" SILENT=true
[2017.11.27-22.16.22:072][959]LogSavePackage: Save=41.13ms
[2017.11.27-22.16.22:072][959]LogSavePackage: Moving 'F:/Unreal Projects/Un_bateau_pour_deux/Un_bateau_pour_deux/Saved/TopDownGameModeF525547444DB719ADCF9DBA31A276C01.tmp' to 'F:/Unreal Projects/Un_bateau_pour_deux/Un_bateau_pour_deux/Content/TopDownBP/Blueprints/TopDownGameMode.uasset'
[2017.11.27-22.16.22:084][959]LogSavePackage: Display: Finished SavePackage F:/Unreal Projects/Un_bateau_pour_deux/Un_bateau_pour_deux/Content/TopDownBP/Blueprints/TopDownGameMode.uasset
[2017.11.27-22.16.22:206][959]LogSavePackage: Save=81.76ms
[2017.11.27-22.16.22:206][959]LogSavePackage: Moving 'F:/Unreal Projects/Un_bateau_pour_deux/Un_bateau_pour_deux/Saved/William_Player_2B9D581AD4A9958B533F831826E8387C7.tmp' to 'F:/Unreal Projects/Un_bateau_pour_deux/Un_bateau_pour_deux/Content/Un-bateau-pour-deux/blueprint/William_Player_2.uasset'
[2017.11.27-22.16.22:209][959]LogSavePackage: Display: Finished SavePackage F:/Unreal Projects/Un_bateau_pour_deux/Un_bateau_pour_deux/Content/Un-bateau-pour-deux/blueprint/William_Player_2.uasset
[2017.11.27-22.16.22:319][959]LogBlueprint: Warning: [Compiler PersistentLevel.William_Layec] 'Top Down Controller' does not inherit from 'Pawn' ( Cast To TopDownController  would always fail).
[2017.11.27-22.16.22:323][959]LogBlueprint: Warning: [Compiler PersistentLevel.William_Layec] [0885.09] Compile of PersistentLevel.William_Layec successful, but with 1 Warning(s) [in 18 ms] (/Game/Un-bateau-pour-deux/Maps/William_Layec.William_Layec:PersistentLevel.William_Layec)
[2017.11.27-22.16.22:762][959]LogSavePackage: Save=468.13ms
[2017.11.27-22.16.22:762][959]LogSavePackage: Moving 'F:/Unreal Projects/Un_bateau_pour_deux/Un_bateau_pour_deux/Saved/William_Layec096FA0E948A9B725FE6EAAB702BBF84A.tmp' to 'F:/Unreal Projects/Un_bateau_pour_deux/Un_bateau_pour_deux/Content/Un-bateau-pour-deux/Maps/William_Layec.umap'
[2017.11.27-22.16.22:766][959]LogSavePackage: Display: Finished SavePackage F:/Unreal Projects/Un_bateau_pour_deux/Un_bateau_pour_deux/Content/Un-bateau-pour-deux/Maps/William_Layec.umap
[2017.11.27-22.16.22:798][959]LogFileHelpers: Saving map 'William_Layec' took 0.582
[2017.11.27-22.16.23:015][959]LogActorComponent: UnregisterComponent: (/Engine/Transient.EditorFloorComp) Not registered. Aborting.
[2017.11.27-22.16.23:071][959]LogWindowsTextInputMethodSystem: Display: IME system now deactivated.
[2017.11.27-22.16.23:297][960]Cmd: QUIT_EDITOR
[2017.11.27-22.16.23:798][960]LogExit: Preparing to exit.
[2017.11.27-22.16.24:582][960]LogExit: Editor shut down
[2017.11.27-22.16.24:585][960]LogExit: Transaction tracking system shut down
[2017.11.27-22.16.24:817][960]LogDirectoryWatcher: A directory notification for '../../../Engine/Content/' was aborted.
[2017.11.27-22.16.24:817][960]LogDirectoryWatcher: A directory notification for 'F:/Unreal Projects/Un_bateau_pour_deux/Un_bateau_pour_deux/Content/' was aborted.
[2017.11.27-22.16.24:817][960]LogDirectoryWatcher: A directory notification for '../../../Engine/Plugins/2D/Paper2D/Content/' was aborted.
[2017.11.27-22.16.24:817][960]LogDirectoryWatcher: A directory notification for '../../../Engine/Plugins/Media/MediaCompositing/Content/' was aborted.
[2017.11.27-22.16.24:817][960]LogDirectoryWatcher: A directory notification for '../../../Engine/Plugins/Runtime/AppleARKit/Content/' was aborted.
[2017.11.27-22.16.24:817][960]LogDirectoryWatcher: A directory notification for '../../../Engine/Plugins/Runtime/Oculus/OculusVR/Content/' was aborted.
[2017.11.27-22.16.24:817][960]LogDirectoryWatcher: A directory notification for '../../../Engine/Plugins/Runtime/Steam/SteamVR/Content/' was aborted.
[2017.11.27-22.16.24:897][960]LogExit: Object subsystem successfully closed.
[2017.11.27-22.16.24:917][960]LogD3D11RHI: Shutdown
[2017.11.27-22.16.24:917][960]LogD3D11RHI: CleanupD3DDevice
[2017.11.27-22.16.24:919][960]LogD3D11RHI: ~FD3D11DynamicRHI
[2017.11.27-22.16.24:933][960]LogModuleManager: Shutting down and abandoning module ExternalImagePicker (554)
[2017.11.27-22.16.24:933][960]LogModuleManager: Shutting down and abandoning module MovieSceneCapture (552)
[2017.11.27-22.16.24:933][960]LogModuleManager: Shutting down and abandoning module BlueprintGraph (550)
[2017.11.27-22.16.24:933][960]LogModuleManager: Shutting down and abandoning module HierarchicalLODOutliner (548)
[2017.11.27-22.16.24:933][960]LogModuleManager: Shutting down and abandoning module SceneOutliner (546)
[2017.11.27-22.16.24:933][960]LogModuleManager: Shutting down and abandoning module AddContentDialog (544)
[2017.11.27-22.16.24:933][960]LogDirectoryWatcher: A directory notification for 'C:/Program Files/Epic Games/UE_4.18/FeaturePacks/' was aborted.
[2017.11.27-22.16.24:935][960]LogModuleManager: Shutting down and abandoning module WidgetCarousel (543)
[2017.11.27-22.16.24:935][960]LogModuleManager: Shutting down and abandoning module EditorWidgets (540)
[2017.11.27-22.16.24:935][960]LogModuleManager: Shutting down and abandoning module CollectionManager (538)
[2017.11.27-22.16.24:935][960]LogDirectoryWatcher: A directory notification for 'F:/Unreal Projects/Un_bateau_pour_deux/Un_bateau_pour_deux/Content/Collections/' was aborted.
[2017.11.27-22.16.24:935][960]LogDirectoryWatcher: A directory notification for 'F:/Unreal Projects/Un_bateau_pour_deux/Un_bateau_pour_deux/Content/Developers/William/Collections/' was aborted.
[2017.11.27-22.16.24:935][960]LogDirectoryWatcher: A directory notification for 'F:/Unreal Projects/Un_bateau_pour_deux/Un_bateau_pour_deux/Saved/Collections/' was aborted.
[2017.11.27-22.16.24:935][960]LogModuleManager: Shutting down and abandoning module StatsViewer (536)
[2017.11.27-22.16.24:935][960]LogModuleManager: Shutting down and abandoning module FoliageEdit (534)
[2017.11.27-22.16.24:935][960]LogModuleManager: Shutting down and abandoning module LandscapeEditor (532)
[2017.11.27-22.16.24:935][960]LogModuleManager: Shutting down and abandoning module MeshPaintMode (530)
[2017.11.27-22.16.24:935][960]LogModuleManager: Shutting down and abandoning module SceneDepthPickerMode (528)
[2017.11.27-22.16.24:935][960]LogModuleManager: Shutting down and abandoning module ActorPickerMode (526)
[2017.11.27-22.16.24:935][960]LogModuleManager: Shutting down and abandoning module GeometryMode (524)
[2017.11.27-22.16.24:935][960]LogModuleManager: Shutting down and abandoning module TextureAlignMode (522)
[2017.11.27-22.16.24:935][960]LogModuleManager: Shutting down and abandoning module BspMode (520)
[2017.11.27-22.16.24:935][960]LogModuleManager: Shutting down and abandoning module PIEPreviewDeviceProfileSelector (518)
[2017.11.27-22.16.24:935][960]LogModuleManager: Shutting down and abandoning module HardwareSurvey (516)
[2017.11.27-22.16.24:935][960]LogModuleManager: Shutting down and abandoning module SequenceRecorderSections (514)
[2017.11.27-22.16.24:935][960]LogModuleManager: Shutting down and abandoning module AutomationWorker (512)
[2017.11.27-22.16.24:935][960]LogModuleManager: Shutting down and abandoning module MatineeToLevelSequence (510)
[2017.11.27-22.16.24:935][960]LogModuleManager: Shutting down and abandoning module LevelSequenceEditor (508)
[2017.11.27-22.16.24:936][960]LogModuleManager: Shutting down and abandoning module PlacementMode (507)
[2017.11.27-22.16.24:936][960]LogModuleManager: Shutting down and abandoning module WmfMediaFactory (504)
[2017.11.27-22.16.24:936][960]LogModuleManager: Shutting down and abandoning module WmfMediaEditor (502)
[2017.11.27-22.16.24:936][960]LogModuleManager: Shutting down and abandoning module OpenExrWrapper (500)
[2017.11.27-22.16.24:936][960]LogModuleManager: Shutting down and abandoning module ImgMediaFactory (498)
[2017.11.27-22.16.24:936][960]LogModuleManager: Shutting down and abandoning module ImgMediaEditor (496)
[2017.11.27-22.16.24:936][960]LogModuleManager: Shutting down and abandoning module AvfMediaFactory (494)
[2017.11.27-22.16.24:936][960]LogModuleManager: Shutting down and abandoning module AvfMediaEditor (492)
[2017.11.27-22.16.24:936][960]LogModuleManager: Shutting down and abandoning module AndroidMediaFactory (490)
[2017.11.27-22.16.24:936][960]LogModuleManager: Shutting down and abandoning module AndroidMediaEditor (488)
[2017.11.27-22.16.24:936][960]LogModuleManager: Shutting down and abandoning module CharacterAI (486)
[2017.11.27-22.16.24:936][960]LogModuleManager: Shutting down and abandoning module AudioCapture (484)
[2017.11.27-22.16.24:936][960]LogModuleManager: Shutting down and abandoning module SequenceRecorder (483)
[2017.11.27-22.16.24:936][960]LogModuleManager: Shutting down and abandoning module SmartSnapping (480)
[2017.11.27-22.16.24:936][960]LogModuleManager: Shutting down and abandoning module SessionServices (478)
[2017.11.27-22.16.24:936][960]LogModuleManager: Shutting down and abandoning module ViewportSnapping (476)
[2017.11.27-22.16.24:936][960]LogModuleManager: Shutting down and abandoning module ViewportInteraction (474)
[2017.11.27-22.16.24:936][960]LogModuleManager: Shutting down and abandoning module ClothPainter (472)
[2017.11.27-22.16.24:936][960]LogModuleManager: Shutting down and abandoning module SkeletalMeshEditor (471)
[2017.11.27-22.16.24:936][960]LogModuleManager: Shutting down and abandoning module LogVisualizer (468)
[2017.11.27-22.16.24:936][960]LogModuleManager: Shutting down and abandoning module IntroTutorials (466)
[2017.11.27-22.16.24:936][960]LogModuleManager: Shutting down and abandoning module GameProjectGeneration (465)
[2017.11.27-22.16.24:936][960]LogModuleManager: Shutting down and abandoning module IOSPlatformEditor (462)
[2017.11.27-22.16.24:936][960]LogModuleManager: Shutting down and abandoning module HTML5PlatformEditor (460)
[2017.11.27-22.16.24:936][960]LogModuleManager: Shutting down and abandoning module AndroidPlatformEditor (458)
[2017.11.27-22.16.24:936][960]LogModuleManager: Shutting down and abandoning module AndroidDeviceDetection (457)
