Log file open, 11/30/17 15:10:01
LogWindows: Failed to load 'aqProf.dll' (GetLastError=126)
LogWindows: File 'aqProf.dll' does not exist
LogWindows: Failed to load 'VtuneApi.dll' (GetLastError=126)
LogWindows: File 'VtuneApi.dll' does not exist
LogWindows: Failed to load 'VtuneApi32e.dll' (GetLastError=126)
LogWindows: File 'VtuneApi32e.dll' does not exist
LogInit: Display: Running engine for game: Un_bateau_pour_deux
LogPlatformFile: Not using cached read wrapper
LogInit: Display: RandInit(205724822) SRandInit(205724822).
LogInit: Read version file with build ID '3709383'
LogInit: Overriding engine version to CL 3709383, compatible CL 3709383
LogInit: Registered custom module enumerator with build ID '3709383'
LogTaskGraph: Started task graph with 5 named threads and 14 total threads with 3 sets of task threads.
LogStats: Stats thread started at 0.171056
LogD3D11RHI: Aftermath initialized
LogModuleManager: Display: Found up-to-date module file ../../../Engine/Plugins/2D/Paper2D/Binaries/Win64/UE4Editor-Paper2D.dll (API version 3709383).
LogModuleManager: Display: Found up-to-date module file ../../../Engine/Plugins/2D/Paper2D/Binaries/Win64/UE4Editor-Paper2DEditor.dll (API version 3709383).
LogModuleManager: Display: Found up-to-date module file ../../../Engine/Plugins/2D/Paper2D/Binaries/Win64/UE4Editor-PaperSpriteSheetImporter.dll (API version 3709383).
LogModuleManager: Display: Found up-to-date module file ../../../Engine/Plugins/2D/Paper2D/Binaries/Win64/UE4Editor-PaperTiledImporter.dll (API version 3709383).
LogModuleManager: Display: Found up-to-date module file ../../../Engine/Plugins/2D/Paper2D/Binaries/Win64/UE4Editor-SmartSnapping.dll (API version 3709383).
LogModuleManager: Display: Found up-to-date module file ../../../Engine/Plugins/Blendables/LightPropagationVolume/Binaries/Win64/UE4Editor-LightPropagationVolumeRuntime.dll (API version 3709383).
LogModuleManager: Display: Found up-to-date module file ../../../Engine/Plugins/Blendables/LightPropagationVolume/Binaries/Win64/UE4Editor-LightPropagationVolumeEditor.dll (API version 3709383).
LogModuleManager: Display: Found up-to-date module file ../../../Engine/Plugins/Developer/GitSourceControl/Binaries/Win64/UE4Editor-GitSourceControl.dll (API version 3709383).
LogModuleManager: Display: Found up-to-date module file ../../../Engine/Plugins/Developer/PerforceSourceControl/Binaries/Win64/UE4Editor-PerforceSourceControl.dll (API version 3709383).
LogModuleManager: Display: Found up-to-date module file ../../../Engine/Plugins/Developer/SubversionSourceControl/Binaries/Win64/UE4Editor-SubversionSourceControl.dll (API version 3709383).
LogModuleManager: Display: Found up-to-date module file ../../../Engine/Plugins/Developer/UObjectPlugin/Binaries/Win64/UE4Editor-UObjectPlugin.dll (API version 3709383).
LogModuleManager: Display: Found up-to-date module file ../../../Engine/Plugins/Developer/VisualStudioCodeSourceCodeAccess/Binaries/Win64/UE4Editor-VisualStudioCodeSourceCodeAccess.dll (API version 3709383).
LogModuleManager: Display: Found up-to-date module file ../../../Engine/Plugins/Developer/VisualStudioSourceCodeAccess/Binaries/Win64/UE4Editor-VisualStudioSourceCodeAccess.dll (API version 3709383).
LogModuleManager: Display: Found up-to-date module file ../../../Engine/Plugins/Editor/AssetManagerEditor/Binaries/Win64/UE4Editor-AssetManagerEditor.dll (API version 3709383).
LogModuleManager: Display: Found up-to-date module file ../../../Engine/Plugins/Editor/AudioCapture/Binaries/Win64/UE4Editor-AudioCapture.dll (API version 3709383).
LogModuleManager: Display: Found up-to-date module file ../../../Engine/Plugins/Editor/FacialAnimation/Binaries/Win64/UE4Editor-FacialAnimation.dll (API version 3709383).
LogModuleManager: Display: Found up-to-date module file ../../../Engine/Plugins/Editor/FacialAnimation/Binaries/Win64/UE4Editor-FacialAnimationEditor.dll (API version 3709383).
LogModuleManager: Display: Found up-to-date module file ../../../Engine/Plugins/Editor/GameplayTagsEditor/Binaries/Win64/UE4Editor-GameplayTagsEditor.dll (API version 3709383).
LogModuleManager: Display: Found up-to-date module file ../../../Engine/Plugins/Editor/MobileLauncherProfileWizard/Binaries/Win64/UE4Editor-MobileLauncherProfileWizard.dll (API version 3709383).
LogModuleManager: Display: Found up-to-date module file ../../../Engine/Plugins/Editor/PluginBrowser/Binaries/Win64/UE4Editor-PluginBrowser.dll (API version 3709383).
LogModuleManager: Display: Found up-to-date module file ../../../Engine/Plugins/Editor/SpeedTreeImporter/Binaries/Win64/UE4Editor-SpeedTreeImporter.dll (API version 3709383).
LogModuleManager: Display: Found up-to-date module file ../../../Engine/Plugins/Experimental/AlembicImporter/Binaries/Win64/UE4Editor-AlembicImporter.dll (API version 3709383).
LogModuleManager: Display: Found up-to-date module file ../../../Engine/Plugins/Experimental/AlembicImporter/Binaries/Win64/UE4Editor-AlembicLibrary.dll (API version 3709383).
LogModuleManager: Display: Found up-to-date module file ../../../Engine/Plugins/Experimental/CharacterAI/Binaries/Win64/UE4Editor-CharacterAI.dll (API version 3709383).
LogModuleManager: Display: Found up-to-date module file ../../../Engine/Plugins/Experimental/HTML5Networking/Binaries/Win64/UE4Editor-HTML5Networking.dll (API version 3709383).
LogModuleManager: Display: Found up-to-date module file ../../../Engine/Plugins/Media/AndroidMedia/Binaries/Win64/UE4Editor-AndroidMediaEditor.dll (API version 3709383).
LogModuleManager: Display: Found up-to-date module file ../../../Engine/Plugins/Media/AndroidMedia/Binaries/Win64/UE4Editor-AndroidMediaFactory.dll (API version 3709383).
LogModuleManager: Display: Found up-to-date module file ../../../Engine/Plugins/Media/AvfMedia/Binaries/Win64/UE4Editor-AvfMediaEditor.dll (API version 3709383).
LogModuleManager: Display: Found up-to-date module file ../../../Engine/Plugins/Media/AvfMedia/Binaries/Win64/UE4Editor-AvfMediaFactory.dll (API version 3709383).
LogModuleManager: Display: Found up-to-date module file ../../../Engine/Plugins/Media/AvfMedia/Binaries/Win64/UE4Editor-AvfMediaFactory.dll (API version 3709383).
LogModuleManager: Display: Found up-to-date module file ../../../Engine/Plugins/Media/ImgMedia/Binaries/Win64/UE4Editor-ImgMedia.dll (API version 3709383).
LogModuleManager: Display: Found up-to-date module file ../../../Engine/Plugins/Media/ImgMedia/Binaries/Win64/UE4Editor-ImgMediaEditor.dll (API version 3709383).
LogModuleManager: Display: Found up-to-date module file ../../../Engine/Plugins/Media/ImgMedia/Binaries/Win64/UE4Editor-ImgMediaFactory.dll (API version 3709383).
LogModuleManager: Display: Found up-to-date module file ../../../Engine/Plugins/Media/ImgMedia/Binaries/Win64/UE4Editor-ImgMediaFactory.dll (API version 3709383).
LogModuleManager: Display: Found up-to-date module file ../../../Engine/Plugins/Media/ImgMedia/Binaries/Win64/UE4Editor-OpenExrWrapper.dll (API version 3709383).
LogModuleManager: Display: Found up-to-date module file ../../../Engine/Plugins/Media/MediaCompositing/Binaries/Win64/UE4Editor-MediaCompositing.dll (API version 3709383).
LogModuleManager: Display: Found up-to-date module file ../../../Engine/Plugins/Media/MediaCompositing/Binaries/Win64/UE4Editor-MediaCompositingEditor.dll (API version 3709383).
LogModuleManager: Display: Found up-to-date module file ../../../Engine/Plugins/Media/MediaPlayerEditor/Binaries/Win64/UE4Editor-MediaPlayerEditor.dll (API version 3709383).
LogModuleManager: Display: Found up-to-date module file ../../../Engine/Plugins/Media/WmfMedia/Binaries/Win64/UE4Editor-WmfMedia.dll (API version 3709383).
LogModuleManager: Display: Found up-to-date module file ../../../Engine/Plugins/Media/WmfMedia/Binaries/Win64/UE4Editor-WmfMediaEditor.dll (API version 3709383).
LogModuleManager: Display: Found up-to-date module file ../../../Engine/Plugins/Media/WmfMedia/Binaries/Win64/UE4Editor-WmfMediaFactory.dll (API version 3709383).
LogModuleManager: Display: Found up-to-date module file ../../../Engine/Plugins/Media/WmfMedia/Binaries/Win64/UE4Editor-WmfMediaFactory.dll (API version 3709383).
LogModuleManager: Display: Found up-to-date module file ../../../Engine/Plugins/Messaging/TcpMessaging/Binaries/Win64/UE4Editor-TcpMessaging.dll (API version 3709383).
LogModuleManager: Display: Found up-to-date module file ../../../Engine/Plugins/Messaging/UdpMessaging/Binaries/Win64/UE4Editor-UdpMessaging.dll (API version 3709383).
LogModuleManager: Display: Found up-to-date module file ../../../Engine/Plugins/MovieScene/ActorSequence/Binaries/Win64/UE4Editor-ActorSequence.dll (API version 3709383).
LogModuleManager: Display: Found up-to-date module file ../../../Engine/Plugins/MovieScene/LevelSequenceEditor/Binaries/Win64/UE4Editor-LevelSequenceEditor.dll (API version 3709383).
LogModuleManager: Display: Found up-to-date module file ../../../Engine/Plugins/MovieScene/MatineeToLevelSequence/Binaries/Win64/UE4Editor-MatineeToLevelSequence.dll (API version 3709383).
LogModuleManager: Display: Found up-to-date module file ../../../Engine/Plugins/Online/OnlineSubsystem/Binaries/Win64/UE4Editor-OnlineSubsystem.dll (API version 3709383).
LogModuleManager: Display: Found up-to-date module file ../../../Engine/Plugins/Runtime/AndroidPermission/Binaries/Win64/UE4Editor-AndroidPermission.dll (API version 3709383).
LogModuleManager: Display: Found up-to-date module file ../../../Engine/Plugins/Online/OnlineSubsystemNull/Binaries/Win64/UE4Editor-OnlineSubsystemNull.dll (API version 3709383).
LogModuleManager: Display: Found up-to-date module file ../../../Engine/Plugins/Online/OnlineSubsystemUtils/Binaries/Win64/UE4Editor-OnlineSubsystemUtils.dll (API version 3709383).
LogModuleManager: Display: Found up-to-date module file ../../../Engine/Plugins/Online/OnlineSubsystemUtils/Binaries/Win64/UE4Editor-OnlineBlueprintSupport.dll (API version 3709383).
LogModuleManager: Display: Found up-to-date module file ../../../Engine/Plugins/Runtime/AndroidDeviceProfileSelector/Binaries/Win64/UE4Editor-AndroidDeviceProfileSelector.dll (API version 3709383).
LogModuleManager: Display: Found up-to-date module file ../../../Engine/Plugins/Runtime/AppleARKit/Binaries/Win64/UE4Editor-AppleARKit.dll (API version 3709383).
LogModuleManager: Display: Found up-to-date module file ../../../Engine/Plugins/Runtime/ArchVisCharacter/Binaries/Win64/UE4Editor-ArchVisCharacter.dll (API version 3709383).
LogModuleManager: Display: Found up-to-date module file ../../../Engine/Plugins/Runtime/CableComponent/Binaries/Win64/UE4Editor-CableComponent.dll (API version 3709383).
LogModuleManager: Display: Found up-to-date module file ../../../Engine/Plugins/Runtime/CustomMeshComponent/Binaries/Win64/UE4Editor-CustomMeshComponent.dll (API version 3709383).
LogModuleManager: Display: Found up-to-date module file ../../../Engine/Plugins/Runtime/ExampleDeviceProfileSelector/Binaries/Win64/UE4Editor-ExampleDeviceProfileSelector.dll (API version 3709383).
LogModuleManager: Display: Found up-to-date module file ../../../Engine/Plugins/Runtime/ImmediatePhysics/Binaries/Win64/UE4Editor-ImmediatePhysics.dll (API version 3709383).
LogModuleManager: Display: Found up-to-date module file ../../../Engine/Plugins/Runtime/ImmediatePhysics/Binaries/Win64/UE4Editor-ImmediatePhysicsEditor.dll (API version 3709383).
LogModuleManager: Display: Found up-to-date module file ../../../Engine/Plugins/Runtime/LocationServicesBPLibrary/Binaries/Win64/UE4Editor-LocationServicesBPLibrary.dll (API version 3709383).
LogModuleManager: Display: Found up-to-date module file ../../../Engine/Plugins/Runtime/MobilePatchingUtils/Binaries/Win64/UE4Editor-MobilePatchingUtils.dll (API version 3709383).
LogModuleManager: Display: Found up-to-date module file ../../../Engine/Plugins/Runtime/Oculus/OculusVR/Binaries/Win64/UE4Editor-OculusHMD.dll (API version 3709383).
LogModuleManager: Display: Found up-to-date module file ../../../Engine/Plugins/Runtime/Oculus/OculusVR/Binaries/Win64/UE4Editor-OculusInput.dll (API version 3709383).
LogModuleManager: Display: Found up-to-date module file ../../../Engine/Plugins/Runtime/Oculus/OculusVR/Binaries/Win64/UE4Editor-OculusEditor.dll (API version 3709383).
LogModuleManager: Display: Found up-to-date module file ../../../Engine/Plugins/Runtime/PhysXVehicles/Binaries/Win64/UE4Editor-PhysXVehicles.dll (API version 3709383).
LogModuleManager: Display: Found up-to-date module file ../../../Engine/Plugins/Runtime/PhysXVehicles/Binaries/Win64/UE4Editor-PhysXVehiclesEditor.dll (API version 3709383).
LogModuleManager: Display: Found up-to-date module file ../../../Engine/Plugins/Runtime/ProceduralMeshComponent/Binaries/Win64/UE4Editor-ProceduralMeshComponent.dll (API version 3709383).
LogModuleManager: Display: Found up-to-date module file ../../../Engine/Plugins/Runtime/ProceduralMeshComponent/Binaries/Win64/UE4Editor-ProceduralMeshComponentEditor.dll (API version 3709383).
LogModuleManager: Display: Found up-to-date module file ../../../Engine/Plugins/Runtime/RuntimePhysXCooking/Binaries/Win64/UE4Editor-RuntimePhysXCooking.dll (API version 3709383).
LogModuleManager: Display: Found up-to-date module file ../../../Engine/Plugins/Runtime/Steam/SteamVR/Binaries/Win64/UE4Editor-SteamVR.dll (API version 3709383).
LogModuleManager: Display: Found up-to-date module file ../../../Engine/Plugins/Runtime/Steam/SteamVR/Binaries/Win64/UE4Editor-SteamVRController.dll (API version 3709383).
LogModuleManager: Display: Found up-to-date module file ../../../Engine/Plugins/Runtime/WindowsMoviePlayer/Binaries/Win64/UE4Editor-WindowsMoviePlayer.dll (API version 3709383).
LogPluginManager: Mounting plugin Paper2D
LogPluginManager: Mounting plugin LightPropagationVolume
LogPluginManager: Mounting plugin CodeLiteSourceCodeAccess
LogPluginManager: Mounting plugin GitSourceControl
LogPluginManager: Mounting plugin KDevelopSourceCodeAccess
LogPluginManager: Mounting plugin NullSourceCodeAccess
LogPluginManager: Mounting plugin PerforceSourceControl
LogPluginManager: Mounting plugin SubversionSourceControl
LogPluginManager: Mounting plugin UObjectPlugin
LogPluginManager: Mounting plugin VisualStudioCodeSourceCodeAccess
LogPluginManager: Mounting plugin VisualStudioSourceCodeAccess
LogPluginManager: Mounting plugin XCodeSourceCodeAccess
LogPluginManager: Mounting plugin AssetManagerEditor
LogPluginManager: Mounting plugin AudioCapture
LogPluginManager: Mounting plugin FacialAnimation
LogPluginManager: Mounting plugin GameplayTagsEditor
LogPluginManager: Mounting plugin MobileLauncherProfileWizard
LogPluginManager: Mounting plugin PluginBrowser
LogPluginManager: Mounting plugin SpeedTreeImporter
LogPluginManager: Mounting plugin AlembicImporter
LogPluginManager: Mounting plugin CharacterAI
LogPluginManager: Mounting plugin HTML5Networking
LogPluginManager: Mounting plugin AndroidMedia
LogPluginManager: Mounting plugin AvfMedia
LogPluginManager: Mounting plugin ImgMedia
LogPluginManager: Mounting plugin MediaCompositing
LogPluginManager: Mounting plugin MediaPlayerEditor
LogPluginManager: Mounting plugin WmfMedia
LogPluginManager: Mounting plugin TcpMessaging
LogPluginManager: Mounting plugin UdpMessaging
LogPluginManager: Mounting plugin ActorSequence
LogPluginManager: Mounting plugin LevelSequenceEditor
LogPluginManager: Mounting plugin MatineeToLevelSequence
LogPluginManager: Mounting plugin OnlineSubsystemGooglePlay
LogPluginManager: Mounting plugin OnlineSubsystemIOS
LogPluginManager: Mounting plugin OnlineSubsystem
LogPluginManager: Mounting plugin OnlineSubsystemNull
LogPluginManager: Mounting plugin OnlineSubsystemUtils
LogPluginManager: Mounting plugin AndroidDeviceProfileSelector
LogPluginManager: Mounting plugin AndroidMoviePlayer
LogPluginManager: Mounting plugin AndroidPermission
LogPluginManager: Mounting plugin AppleARKit
LogPluginManager: Mounting plugin AppleMoviePlayer
LogPluginManager: Mounting plugin ArchVisCharacter
LogPluginManager: Mounting plugin CableComponent
LogPluginManager: Mounting plugin CustomMeshComponent
LogPluginManager: Mounting plugin ExampleDeviceProfileSelector
LogPluginManager: Mounting plugin GoogleCloudMessaging
LogPluginManager: Mounting plugin ImmediatePhysics
LogPluginManager: Mounting plugin IOSDeviceProfileSelector
LogPluginManager: Mounting plugin LinuxDeviceProfileSelector
LogPluginManager: Mounting plugin LocationServicesBPLibrary
LogPluginManager: Mounting plugin MobilePatchingUtils
LogPluginManager: Mounting plugin OculusVR
LogPluginManager: Plugin shader directory ../../../Engine/Plugins/Runtime/Oculus/OculusVR/Shaders found
LogPluginManager: Mapping shader source directory ../../../Engine/Plugins/Runtime/Oculus/OculusVR/Shaders to virtual directory /Plugin/OculusVR
LogPluginManager: Mounting plugin PhysXVehicles
LogPluginManager: Mounting plugin ProceduralMeshComponent
LogPluginManager: Mounting plugin RuntimePhysXCooking
LogPluginManager: Mounting plugin SteamVR
LogPluginManager: Mounting plugin WindowsMoviePlayer
LogInit: Using libcurl 7.47.1
LogInit:  - built for x86_64-pc-win32
LogInit:  - supports SSL with OpenSSL/1.0.2g
LogInit:  - supports HTTP deflate (compression) using libz 1.2.8
LogInit:  - other features:
LogInit:      CURL_VERSION_SSL
LogInit:      CURL_VERSION_LIBZ
LogInit:      CURL_VERSION_IPV6
LogInit:      CURL_VERSION_ASYNCHDNS
LogInit:      CURL_VERSION_LARGEFILE
LogInit:      CURL_VERSION_IDN
LogInit:  CurlRequestOptions (configurable via config and command line):
LogInit:  - bVerifyPeer = false  - Libcurl will NOT verify peer certificate
LogInit:  - bUseHttpProxy = false  - Libcurl will NOT use HTTP proxy
LogInit:  - bDontReuseConnections = false  - Libcurl will reuse connections
LogInit:  - CertBundlePath = nullptr  - Libcurl will use whatever was configured at build time.
LogInit: Build: ++UE4+Release-4.18-CL-3709383
LogInit: Engine Version: 4.18.0-3709383+++UE4+Release-4.18
LogInit: Compatible Engine Version: 4.18.0-3709383+++UE4+Release-4.18
LogInit: Net CL: 3709383
LogDevObjectVersion: Number of dev versions registered: 16
LogDevObjectVersion:   Dev-Blueprints (B0D832E4-1F89-4F0D-ACCF-7EB736FD4AA2): 10
LogDevObjectVersion:   Dev-Build (E1C64328-A22C-4D53-A36C-8E866417BD8C): 0
LogDevObjectVersion:   Dev-Core (375EC13C-06E4-48FB-B500-84F0262A717E): 2
LogDevObjectVersion:   Dev-Editor (E4B068ED-F494-42E9-A231-DA0B2E46BB41): 20
LogDevObjectVersion:   Dev-Framework (CFFC743F-43B0-4480-9391-14DF171D2073): 30
LogDevObjectVersion:   Dev-Mobile (B02B49B5-BB20-44E9-A304-32B752E40360): 0
LogDevObjectVersion:   Dev-Networking (A4E4105C-59A1-49B5-A7C5-40C4547EDFEE): 0
LogDevObjectVersion:   Dev-Online (39C831C9-5AE6-47DC-9A44-9C173E1C8E7C): 0
LogDevObjectVersion:   Dev-Physics (78F01B33-EBEA-4F98-B9B4-84EACCB95AA2): 0
LogDevObjectVersion:   Dev-Platform (6631380F-2D4D-43E0-8009-CF276956A95A): 0
LogDevObjectVersion:   Dev-Rendering (12F88B9F-8875-4AFC-A67C-D90C383ABD29): 20
LogDevObjectVersion:   Dev-Sequencer (7B5AE74C-D270-4C10-A958-57980B212A5A): 4
LogDevObjectVersion:   Dev-VR (D7296918-1DD6-4BDD-9DE2-64A83CC13884): 0
LogDevObjectVersion:   Dev-LoadTimes (C2A15278-BFE7-4AFE-6C17-90FF531DF755): 1
LogDevObjectVersion:   Private-Geometry (6EACA3D4-40EC-4CC1-B786-8BED09428FC5): 1
LogDevObjectVersion:   Dev-AnimPhys (29E575DD-E0A3-4627-9D10-D276232CDCEA): 12
LogInit: Compiled (64-bit): Oct 20 2017 10:39:19
LogInit: Compiled with Visual C++: 19.00.24215.01
LogInit: Build Configuration: Development
LogInit: Branch Name: ++UE4+Release-4.18
LogInit: Command line: 
LogInit: Base directory: C:/Program Files/Epic Games/UE_4.18/Engine/Binaries/Win64/
LogInit: Installed Engine Build: 1
LogInit: Presizing for max 8388607 objects, including 0 objects not considered by GC, pre-allocating 0 bytes for permanent pool.
LogInit: Object subsystem initialized
[2017.11.30-14.10.02:680][  0]LogInit: Selected Device Profile: [Windows]
[2017.11.30-14.10.02:680][  0]LogInit: Applying CVar settings loaded from the selected device profile: [Windows]
[2017.11.30-14.10.02:694][  0]LogInit: Computer: DESKTOP-BLN4QPH
[2017.11.30-14.10.02:694][  0]LogInit: User: William
[2017.11.30-14.10.02:694][  0]LogInit: CPU Page size=4096, Cores=4
[2017.11.30-14.10.02:694][  0]LogInit: High frequency timer resolution =2.531255 MHz
[2017.11.30-14.10.02:695][  0]LogMemory: Memory total: Physical=15.9GB (16GB approx)
[2017.11.30-14.10.02:695][  0]LogMemory: Platform Memory Stats for Windows
[2017.11.30-14.10.02:695][  0]LogMemory: Process Physical Memory: 272.46 MB used, 272.46 MB peak
[2017.11.30-14.10.02:695][  0]LogMemory: Process Virtual Memory: 270.01 MB used, 270.01 MB peak
[2017.11.30-14.10.02:695][  0]LogMemory: Physical Memory: 6516.46 MB used,  9748.13 MB free, 16264.59 MB total
[2017.11.30-14.10.02:695][  0]LogMemory: Virtual Memory: 677.48 MB used,  9748.13 MB free, 134217728.00 MB total
[2017.11.30-14.10.02:827][  0]LogInit: Using OS detected language (fr-FR).
[2017.11.30-14.10.02:827][  0]LogInit: Using OS detected locale (fr-FR).
[2017.11.30-14.10.02:829][  0]LogTextLocalizationManager: No localization for 'fr-FR' exists, so 'en' will be used for the language.
[2017.11.30-14.10.02:829][  0]LogTextLocalizationManager: No localization for 'fr-FR' exists, so 'en' will be used for the locale.
[2017.11.30-14.10.03:239][  0]LogInit: Setting process to per monitor DPI aware
[2017.11.30-14.10.03:499][  0]LogD3D11RHI: D3D11 adapters:
[2017.11.30-14.10.03:550][  0]LogD3D11RHI:    0. 'NVIDIA Quadro M1000M' (Feature Level 11_0)
[2017.11.30-14.10.03:550][  0]LogD3D11RHI:       4063/0/8132 MB DedicatedVideo/DedicatedSystem/SharedSystem, Outputs:1, VendorId:0x10de
[2017.11.30-14.10.03:558][  0]LogD3D11RHI:    1. 'Intel(R) HD Graphics 530' (Feature Level 11_0)
[2017.11.30-14.10.03:558][  0]LogD3D11RHI:       128/0/8132 MB DedicatedVideo/DedicatedSystem/SharedSystem, Outputs:0, VendorId:0x8086
[2017.11.30-14.10.03:560][  0]LogD3D11RHI:    2. 'Microsoft Basic Render Driver' (Feature Level 11_0)
[2017.11.30-14.10.03:560][  0]LogD3D11RHI:       0/0/8132 MB DedicatedVideo/DedicatedSystem/SharedSystem, Outputs:0, VendorId:0x1414
[2017.11.30-14.10.03:560][  0]LogD3D11RHI: Chosen D3D11 Adapter: 0
[2017.11.30-14.10.03:567][  0]LogD3D11RHI: Creating new Direct3DDevice
[2017.11.30-14.10.03:567][  0]LogD3D11RHI:     GPU DeviceId: 0x13b1 (for the marketing name, search the web for "GPU Device Id")
[2017.11.30-14.10.03:567][  0]LogWindows: EnumDisplayDevices:
[2017.11.30-14.10.03:567][  0]LogWindows:    0. 'Intel(R) HD Graphics 530' (P:1 D:1)
[2017.11.30-14.10.03:567][  0]LogWindows:    1. 'Intel(R) HD Graphics 530' (P:0 D:0)
[2017.11.30-14.10.03:567][  0]LogWindows:    2. 'Intel(R) HD Graphics 530' (P:0 D:0)
[2017.11.30-14.10.03:567][  0]LogWindows:    3. 'NVIDIA Quadro M1000M' (P:0 D:0)
[2017.11.30-14.10.03:567][  0]LogWindows:    4. 'NVIDIA Quadro M1000M' (P:0 D:0)
[2017.11.30-14.10.03:567][  0]LogWindows:    5. 'NVIDIA Quadro M1000M' (P:0 D:0)
[2017.11.30-14.10.03:568][  0]LogWindows:    6. 'NVIDIA Quadro M1000M' (P:0 D:0)
[2017.11.30-14.10.03:568][  0]LogWindows: DebugString: GetVideoDriverDetailsInvalid PrimaryIsNotTheChoosenAdapter GetVideoDriverDetailsInvalid PrimaryIsNotTheChoosenAdapter GetVideoDriverDetailsInvalid PrimaryIsNotTheChoosenAdapter GetVideoDriverDetailsInvalid PrimaryIsNotTheChoosenAdapter GetVideoDriverDetailsInvalid PrimaryIsNotTheChoosenAdapter GetVideoDriverDetailsInvalid PrimaryIsNotTheChoosenAdapter GetVideoDriverDetailsInvalid PrimaryIsNotTheChoosenAdapter FoundDriverCount:0 
[2017.11.30-14.10.03:568][  0]LogD3D11RHI:     Adapter Name: NVIDIA Quadro M1000M
[2017.11.30-14.10.03:568][  0]LogD3D11RHI:   Driver Version: Unknown (internal:Unknown, unified:Unknown)
[2017.11.30-14.10.03:568][  0]LogD3D11RHI:      Driver Date: Unknown
[2017.11.30-14.10.03:568][  0]LogRHI: Texture pool is 2844 MB (70% of 4063 MB)
[2017.11.30-14.10.03:600][  0]LogD3D11RHI: Async texture creation enabled
[2017.11.30-14.10.03:615][  0]LogD3D11RHI: GPU Timing Frequency: 1000.000000 (Debug: 2 1)
[2017.11.30-14.10.03:616][  0]LogShaderCompilers: Guid format shader working directory is -11 characters bigger than the processId version (F:/Unreal Projects/Un_bateau_pour_deux/Un_bateau_pour_deux/Intermediate/Shaders/WorkingDirectory/27796/).
[2017.11.30-14.10.03:616][  0]LogShaderCompilers: Cleaned the shader compiler working directory 'C:/Users/William/AppData/Local/Temp/UnrealShaderWorkingDir/D99AD4F64298B8E8004911993C5B0472/'.
[2017.11.30-14.10.03:616][  0]LogShaderCompilers: Display: Using Local Shader Compiler.
[2017.11.30-14.10.04:512][  0]LogTemp: Display: Loaded TP AllDesktopTargetPlatform
[2017.11.30-14.10.04:561][  0]LogTemp: Display: Loaded TP MacClientTargetPlatform
[2017.11.30-14.10.04:613][  0]LogTemp: Display: Loaded TP MacNoEditorTargetPlatform
[2017.11.30-14.10.04:661][  0]LogTemp: Display: Loaded TP MacServerTargetPlatform
[2017.11.30-14.10.04:712][  0]LogTemp: Display: Loaded TP MacTargetPlatform
[2017.11.30-14.10.04:763][  0]LogTemp: Display: Loaded TP WindowsClientTargetPlatform
[2017.11.30-14.10.04:813][  0]LogTemp: Display: Loaded TP WindowsNoEditorTargetPlatform
[2017.11.30-14.10.04:861][  0]LogTemp: Display: Loaded TP WindowsServerTargetPlatform
[2017.11.30-14.10.04:903][  0]LogTemp: Display: Loaded TP WindowsTargetPlatform
[2017.11.30-14.10.04:950][  0]LogTemp: Display: Loaded TP Android_ASTCTargetPlatform
[2017.11.30-14.10.04:999][  0]LogTemp: Display: Loaded TP Android_ATCTargetPlatform
[2017.11.30-14.10.05:048][  0]LogTemp: Display: Loaded TP Android_DXTTargetPlatform
[2017.11.30-14.10.05:096][  0]LogTemp: Display: Loaded TP Android_ETC1TargetPlatform
[2017.11.30-14.10.05:143][  0]LogTemp: Display: Loaded TP Android_ETC2TargetPlatform
[2017.11.30-14.10.05:250][  0]LogTemp: Display: Loaded TP Android_MultiTargetPlatform
[2017.11.30-14.10.05:250][  0]LogTemp: Display: Loaded TP Android_PVRTCTargetPlatform
[2017.11.30-14.10.05:308][  0]LogTemp: Display: Loaded TP AndroidTargetPlatform
[2017.11.30-14.10.05:348][  0]LogTemp: Display: Loaded TP HTML5TargetPlatform
[2017.11.30-14.10.05:439][  0]LogTemp: Display: Loaded TP IOSTargetPlatform
[2017.11.30-14.10.05:466][  0]LogTemp: Display: Loaded TP TVOSTargetPlatform
[2017.11.30-14.10.05:523][  0]LogTemp: Display: Loaded TP LinuxClientTargetPlatform
[2017.11.30-14.10.05:571][  0]LogTemp: Display: Loaded TP LinuxNoEditorTargetPlatform
[2017.11.30-14.10.05:618][  0]LogTemp: Display: Loaded TP LinuxServerTargetPlatform
[2017.11.30-14.10.05:666][  0]LogTemp: Display: Loaded TP LinuxTargetPlatform
[2017.11.30-14.10.05:666][  0]LogTargetPlatformManager: Display: Building Assets For Windows
[2017.11.30-14.10.06:094][  0]LogDerivedDataCache: Display: Max Cache Size: 512 MB
[2017.11.30-14.10.06:155][  0]LogDerivedDataCache: Loaded boot cache 0.06s 78MB C:/Users/William/AppData/Local/UnrealEngine/4.18/DerivedDataCache/Boot.ddc.
[2017.11.30-14.10.06:155][  0]LogDerivedDataCache: Display: Loaded Boot cache: C:/Users/William/AppData/Local/UnrealEngine/4.18/DerivedDataCache/Boot.ddc
[2017.11.30-14.10.06:155][  0]LogDerivedDataCache: FDerivedDataBackendGraph:  Pak pak cache file F:/Unreal Projects/Un_bateau_pour_deux/Un_bateau_pour_deux/DerivedDataCache/DDC.ddp not found, will not use a pak cache.
[2017.11.30-14.10.06:155][  0]LogDerivedDataCache: Unable to find inner node Pak for hierarchical cache Hierarchy.
[2017.11.30-14.10.06:155][  0]LogDerivedDataCache: FDerivedDataBackendGraph:  CompressedPak pak cache file F:/Unreal Projects/Un_bateau_pour_deux/Un_bateau_pour_deux/DerivedDataCache/Compressed.ddp not found, will not use a pak cache.
[2017.11.30-14.10.06:155][  0]LogDerivedDataCache: Unable to find inner node CompressedPak for hierarchical cache Hierarchy.
[2017.11.30-14.10.06:171][  0]LogDerivedDataCache: Display: Pak cache opened for reading ../../../Engine/DerivedDataCache/Compressed.ddp.
[2017.11.30-14.10.06:183][  0]LogDerivedDataCache: Using Local data cache path C:/Users/William/AppData/Local/UnrealEngine/Common/DerivedDataCache: Writable
[2017.11.30-14.10.06:192][  0]LogMaterial: Verifying Global Shaders for PCD3D_SM5
[2017.11.30-14.10.06:193][  0]LogSlate: Using Freetype 2.6.0
[2017.11.30-14.10.06:193][  0]LogSlate: SlateFontCache - WITH_FREETYPE: 1, WITH_HARFBUZZ: 1
[2017.11.30-14.10.06:193][  0]LogSlate: SlateFontCache - WITH_FREETYPE: 1, WITH_HARFBUZZ: 1
[2017.11.30-14.10.06:544][  0]LogInit: Selected Device Profile: [Windows]
[2017.11.30-14.10.06:866][  0]LogSimplygon: Simplygon DLL not present - disabling.
[2017.11.30-14.10.06:904][  0]LogMeshReduction: Using SimplygonSwarm for distributed automatic mesh merging
[2017.11.30-14.10.06:904][  0]LogMeshReduction: Using QuadricMeshReduction for automatic static mesh reduction
[2017.11.30-14.10.06:904][  0]LogMeshReduction: No automatic skeletal mesh reduction module available
[2017.11.30-14.10.06:905][  0]LogMeshReduction: No automatic mesh merging module available
[2017.11.30-14.10.06:905][  0]LogMeshMerging: No automatic mesh merging module available
[2017.11.30-14.10.06:930][  0]LogNetVersion: Un_bateau_pour_deux , NetCL: 3709383, EngineNetVer: 2, GameNetVer: 0 (Checksum: 1288670724)
[2017.11.30-14.10.07:102][  0]LogAssetRegistry: FAssetRegistry took 0.0264 seconds to start up
[2017.11.30-14.10.07:618][  0]LogPackageLocalizationCache: Processed 7 localized package path(s) for 1 prioritized culture(s) in 0.051830 seconds
[2017.11.30-14.10.07:624][  0]LogUObjectArray: 35900 objects as part of root set at end of initial load.
[2017.11.30-14.10.07:624][  0]LogUObjectAllocator: 7372024 out of 0 bytes used by permanent object pool.
[2017.11.30-14.10.07:624][  0]LogUObjectArray: CloseDisregardForGC: 0/0 objects in disregard for GC pool
[2017.11.30-14.10.07:674][  0]LogInit: WinSock: version 1.1 (2.2), MaxSocks=32767, MaxUdp=65467
[2017.11.30-14.10.10:400][  0]LogTcpMessaging: Initializing TcpMessaging bridge
[2017.11.30-14.10.10:440][  0]LogUdpMessaging: Initializing bridge on interface 0.0.0.0:0 to multicast group 230.0.0.1:6666.
[2017.11.30-14.10.11:108][  0]LogMaterial: Uniform references updated for custom material expression Custom.
[2017.11.30-14.10.11:544][  0]SourceControl: Source control is disabled
[2017.11.30-14.10.11:544][  0]SourceControl: Source control is disabled
[2017.11.30-14.10.11:595][  0]SourceControl: Source control is disabled
[2017.11.30-14.10.11:644][  0]SourceControl: Source control is disabled
[2017.11.30-14.10.12:443][  0]LogAndroidPermission: UAndroidPermissionCallbackProxy::GetInstance
[2017.11.30-14.10.12:702][  0]LogOcInput: OculusInput pre-init called
[2017.11.30-14.10.12:990][  0]LogEngine: Initializing Engine...
[2017.11.30-14.10.12:992][  0]LogHMD: Failed to initialize OpenVR with code 110
[2017.11.30-14.10.13:206][  0]LogStats: UGameplayTagsManager::ConstructGameplayTagTree: Construct from data asset -  0.000 s
[2017.11.30-14.10.13:206][  0]LogStats: UGameplayTagsManager::ConstructGameplayTagTree: GameplayTagTreeChangedEvent.Broadcast -  0.000 s
[2017.11.30-14.10.13:343][  0]LogAIModule: Creating AISystem for world Untitled
[2017.11.30-14.10.13:349][  0]LogInit: XAudio2 using 'Casque (Conexant ISST Audio)' : 2 channels at 48 kHz using 32 bits per sample (channel mask 0x3)
[2017.11.30-14.10.13:363][  0]LogInit: FAudioDevice initialized.
[2017.11.30-14.10.13:453][  0]LogDerivedDataCache: Saved boot cache 0.09s 78MB C:/Users/William/AppData/Local/UnrealEngine/4.18/DerivedDataCache/Boot.ddc.
[2017.11.30-14.10.13:465][  0]LogInit: Texture streaming: Enabled
[2017.11.30-14.10.13:572][  0]LogEngineSessionManager: EngineSessionManager initialized
[2017.11.30-14.10.13:711][  0]LogInit: Transaction tracking system initialized
[2017.11.30-14.10.14:038][  0]BlueprintLog: New page: Editor Load
[2017.11.30-14.10.14:871][  0]LocalizationService: Localization service is disabled
[2017.11.30-14.10.15:573][  0]LogConsoleResponse: Display: 
[2017.11.30-14.10.15:760][  0]LogCook: Display: Max memory allowance for cook 16384mb min free memory 0mb
[2017.11.30-14.10.15:760][  0]LogCook: Display: Mobile HDR setting 1
[2017.11.30-14.10.15:760][  0]LogGameplayTags: Display: UGameplayTagsManager::DoneAddingNativeTags. DelegateIsBound: 0
[2017.11.30-14.10.16:011][  0]LogFileCache: Scanning file cache for directory 'F:/Unreal Projects/Un_bateau_pour_deux/Un_bateau_pour_deux/Content/' took 0.01s
[2017.11.30-14.10.16:874][  0]SourceControl: Source control is disabled
[2017.11.30-14.10.16:874][  0]Cmd: MAP LOAD FILE="F:/Unreal Projects/Un_bateau_pour_deux/Un_bateau_pour_deux/Content/Un-bateau-pour-deux/Maps/William_Layec.umap" TEMPLATE=0 SHOWPROGRESS=1 FEATURELEVEL=3
[2017.11.30-14.10.16:875][  0]LightingResults: New page: Lighting Build
[2017.11.30-14.10.16:915][  0]MapCheck: New page: Map Check
[2017.11.30-14.10.16:915][  0]LightingResults: New page: Lighting Build
[2017.11.30-14.10.17:584][  0]LogAIModule: Creating AISystem for world William_Layec
[2017.11.30-14.10.17:600][  0]LogEditorServer: Finished looking for orphan Actors (0.000 secs)
[2017.11.30-14.10.17:616][  0]Cmd: MAP CHECKDEP NOCLEARLOG
[2017.11.30-14.10.17:671][  0]MapCheck: Map check complete: 0 Error(s), 0 Warning(s), took 54.655ms to complete.
[2017.11.30-14.10.17:671][  0]LogFileHelpers: Loading map 'William_Layec' took 0.796
[2017.11.30-14.10.17:829][  0]LogCollectionManager: Loaded 0 collections in 0.001361 seconds
[2017.11.30-14.10.17:912][  0]LogFileCache: Scanning file cache for directory 'F:/Unreal Projects/Un_bateau_pour_deux/Un_bateau_pour_deux/Saved/Collections/' took 0.01s
[2017.11.30-14.10.17:912][  0]LogFileCache: Scanning file cache for directory 'F:/Unreal Projects/Un_bateau_pour_deux/Un_bateau_pour_deux/Content/Developers/William/Collections/' took 0.01s
[2017.11.30-14.10.17:912][  0]LogFileCache: Scanning file cache for directory 'F:/Unreal Projects/Un_bateau_pour_deux/Un_bateau_pour_deux/Content/Collections/' took 0.01s
[2017.11.30-14.10.17:912][  0]LogCollectionManager: Rebuilt the GUID cache for 0 collections in 0.000000 seconds
[2017.11.30-14.10.17:921][  0]LogContentBrowser: Native class hierarchy populated in 0.0085 seconds. Added 2363 classes and 519 folders.
[2017.11.30-14.10.17:989][  0]LogContentBrowser: Native class hierarchy updated for 'WidgetCarousel' in 0.0002 seconds. Added 0 classes and 0 folders.
[2017.11.30-14.10.18:022][  0]LogContentBrowser: Native class hierarchy updated for 'AddContentDialog' in 0.0002 seconds. Added 0 classes and 0 folders.
[2017.11.30-14.10.18:064][  0]LogContentBrowser: Native class hierarchy updated for 'SceneOutliner' in 0.0002 seconds. Added 1 classes and 2 folders.
[2017.11.30-14.10.18:155][  0]LogSlate: Took 0.000229 seconds to synchronously load lazily loaded font '../../../Engine/Content/Slate/Fonts/Roboto-Regular.ttf' (155K)
[2017.11.30-14.10.18:158][  0]LogSlate: Took 0.000238 seconds to synchronously load lazily loaded font '../../../Engine/Content/Slate/Fonts/Roboto-Bold.ttf' (160K)
[2017.11.30-14.10.18:167][  0]LogSlate: Took 0.000459 seconds to synchronously load lazily loaded font '../../../Engine/Content/Editor/Slate/Fonts/FontAwesome.ttf' (139K)
[2017.11.30-14.10.18:282][  0]LogRenderer: Reallocating scene render targets to support 1208x576 Format 10 NumSamples 1 (Frame:1).
[2017.11.30-14.10.18:478][  0]LogContentBrowser: Native class hierarchy updated for 'HierarchicalLODOutliner' in 0.0004 seconds. Added 1 classes and 2 folders.
[2017.11.30-14.10.18:478][  0]LogLoad: (Engine Initialization) Total time: 18.04 seconds
[2017.11.30-14.10.18:478][  0]LogLoad: (Engine Initialization) Total Blueprint compile time: 0.00 seconds
[2017.11.30-14.10.18:478][  0]LogExternalProfiler: No external profilers were discovered.  External profiling features will not be available.
[2017.11.30-14.10.18:496][  0]LogWindowsTextInputMethodSystem: Display: IME system now deactivated.
[2017.11.30-14.10.18:517][  0]LogContentStreaming: Texture pool size now 1000 MB
[2017.11.30-14.10.18:561][  0]LogSlate: Took 0.000171 seconds to synchronously load lazily loaded font '../../../Engine/Content/Slate/Fonts/Roboto-Light.ttf' (159K)
[2017.11.30-14.10.18:581][  1]LogAssetRegistry: Asset discovery search completed in 11.5009 seconds
[2017.11.30-14.10.18:583][  1]LogCollectionManager: Rebuilt the object cache for 0 collections in 0.000000 seconds (found 0 objects)
[2017.11.30-14.10.18:583][  1]LogCollectionManager: Fixed up redirectors for 0 collections in 0.000052 seconds (updated 0 objects)
[2017.11.30-14.10.30:230][691]LogSlate: Took 0.000147 seconds to synchronously load lazily loaded font '../../../Engine/Content/Slate/Fonts/Roboto-Light.ttf' (159K)
[2017.11.30-14.10.31:075][691]LogAIModule: Creating AISystem for world Adrien_Rochard
[2017.11.30-14.10.31:116][691]LogSlate: Took 0.000170 seconds to synchronously load lazily loaded font '../../../Engine/Content/Slate/Fonts/Roboto-Regular.ttf' (155K)
[2017.11.30-14.10.31:135][691]Cmd: MAP LOAD FILE="F:/Unreal Projects/Un_bateau_pour_deux/Un_bateau_pour_deux/Content/Un-bateau-pour-deux/Maps/Adrien_Rochard.umap" TEMPLATE=0 SHOWPROGRESS=1 FEATURELEVEL=3
[2017.11.30-14.10.31:135][691]LightingResults: New page: Lighting Build
[2017.11.30-14.10.31:136][691]LoadErrors: New page: Loading map: Adrien_Rochard.umap
[2017.11.30-14.10.31:137][691]MapCheck: New page: Map Check
[2017.11.30-14.10.31:137][691]LightingResults: New page: Lighting Build
[2017.11.30-14.10.32:703][691]LogEditorServer: Finished looking for orphan Actors (0.000 secs)
[2017.11.30-14.10.32:791][691]Cmd: MAP CHECKDEP NOCLEARLOG
[2017.11.30-14.10.32:847][691]MapCheck: Map check complete: 0 Error(s), 0 Warning(s), took 56.602ms to complete.
[2017.11.30-14.10.32:853][691]LogFileHelpers: Loading map 'Adrien_Rochard' took 1.720
[2017.11.30-14.10.40:089][ 96]LogStaticMesh: Building static mesh Adrien_Rochard_bateau...
[2017.11.30-14.10.40:108][ 96]LogStaticMesh: Built static mesh [0.02s] /Game/Adrien_Rochard_bateau.Adrien_Rochard_bateau
[2017.11.30-14.10.40:111][ 96]LogAIModule: Creating AISystem for world Adrien_Rochard_test
[2017.11.30-14.10.40:172][ 96]Cmd: MAP LOAD FILE="F:/Unreal Projects/Un_bateau_pour_deux/Un_bateau_pour_deux/Content/Un-bateau-pour-deux/Maps/Adrien_Rochard_test.umap" TEMPLATE=0 SHOWPROGRESS=1 FEATURELEVEL=3
[2017.11.30-14.10.40:172][ 96]LightingResults: New page: Lighting Build
[2017.11.30-14.10.40:173][ 96]LoadErrors: New page: Loading map: Adrien_Rochard_test.umap
[2017.11.30-14.10.40:179][ 96]MapCheck: New page: Map Check
[2017.11.30-14.10.40:179][ 96]LightingResults: New page: Lighting Build
[2017.11.30-14.10.40:653][ 96]LogEditorServer: Finished looking for orphan Actors (0.000 secs)
[2017.11.30-14.10.40:736][ 96]Cmd: MAP CHECKDEP NOCLEARLOG
[2017.11.30-14.10.40:793][ 96]MapCheck: Map check complete: 0 Error(s), 0 Warning(s), took 56.91ms to complete.
[2017.11.30-14.10.40:793][ 96]LogFileHelpers: Loading map 'Adrien_Rochard_test' took 0.623
[2017.11.30-14.12.19:608][ 21]LogTemp: Repeating last play command: New Editor Window (PIE)
[2017.11.30-14.12.20:064][ 21]LogBlueprintUserMessages: Early PlayInEditor Detection: Level '/Game/Un-bateau-pour-deux/Maps/Adrien_Rochard_test.Adrien_Rochard_test:PersistentLevel' has LevelScriptBlueprint '/Game/Un-bateau-pour-deux/Maps/Adrien_Rochard_test.Adrien_Rochard_test:PersistentLevel.Adrien_Rochard_test' with GeneratedClass '/Game/Un-bateau-pour-deux/Maps/Adrien_Rochard_test.Adrien_Rochard_test_C' with ClassGeneratedBy '/Game/Un-bateau-pour-deux/Maps/Adrien_Rochard_test.Adrien_Rochard_test:PersistentLevel.Adrien_Rochard_test'
[2017.11.30-14.12.20:064][ 21]LogPlayLevel: PlayLevel: No blueprints needed recompiling
[2017.11.30-14.12.20:065][ 21]PIE: New page: PIE session: Adrien_Rochard_test (Nov 30, 2017, 4:12:20 PM)
[2017.11.30-14.12.20:065][ 21]LogPlayLevel: Creating play world package: /Game/Un-bateau-pour-deux/Maps/UEDPIE_0_Adrien_Rochard_test
[2017.11.30-14.12.20:210][ 21]LogPlayLevel: PIE: StaticDuplicateObject took: (0.145668s)
[2017.11.30-14.12.20:211][ 21]LogAIModule: Creating AISystem for world Adrien_Rochard_test
[2017.11.30-14.12.20:211][ 21]LogPlayLevel: PIE: World Init took: (0.000785s)
[2017.11.30-14.12.20:212][ 21]LogPlayLevel: PIE: Created PIE world by copying editor world from /Game/Un-bateau-pour-deux/Maps/Adrien_Rochard_test.Adrien_Rochard_test to /Game/Un-bateau-pour-deux/Maps/UEDPIE_0_Adrien_Rochard_test.Adrien_Rochard_test (0.146986s)
[2017.11.30-14.12.20:224][ 21]LogInit: XAudio2 using 'Casque (Conexant ISST Audio)' : 2 channels at 48 kHz using 32 bits per sample (channel mask 0x3)
[2017.11.30-14.12.20:231][ 21]LogInit: FAudioDevice initialized.
[2017.11.30-14.12.20:289][ 21]LogLoad: Game class is 'VehicleGameMode_C'
[2017.11.30-14.12.20:316][ 21]LogWorld: Bringing World /Game/Un-bateau-pour-deux/Maps/UEDPIE_0_Adrien_Rochard_test.Adrien_Rochard_test up for play (max tick rate 60) at 2017.11.30-15.12.20
[2017.11.30-14.12.20:318][ 21]LogWorld: Bringing up level for play took: 0.024314
[2017.11.30-14.12.20:361][ 21]LogContentBrowser: Native class hierarchy updated for 'MovieSceneCapture' in 0.0003 seconds. Added 11 classes and 0 folders.
[2017.11.30-14.12.20:367][ 21]PIE: Play in editor start time for /Game/Un-bateau-pour-deux/Maps/UEDPIE_0_Adrien_Rochard_test 0.829
[2017.11.30-14.12.20:368][ 21]LogBlueprintUserMessages: Late PlayInEditor Detection: Level '/Game/Un-bateau-pour-deux/Maps/Adrien_Rochard_test.Adrien_Rochard_test:PersistentLevel' has LevelScriptBlueprint '/Game/Un-bateau-pour-deux/Maps/Adrien_Rochard_test.Adrien_Rochard_test:PersistentLevel.Adrien_Rochard_test' with GeneratedClass '/Game/Un-bateau-pour-deux/Maps/Adrien_Rochard_test.Adrien_Rochard_test_C' with ClassGeneratedBy '/Game/Un-bateau-pour-deux/Maps/Adrien_Rochard_test.Adrien_Rochard_test:PersistentLevel.Adrien_Rochard_test'
[2017.11.30-14.12.20:417][ 21]LogRenderer: Reallocating scene render targets to support 1292x756 Format 10 NumSamples 1 (Frame:1).
[2017.11.30-14.12.21:722][ 95]LogBlueprintUserMessages: Early EndPlayMap Detection: Level '/Game/Un-bateau-pour-deux/Maps/Adrien_Rochard_test.Adrien_Rochard_test:PersistentLevel' has LevelScriptBlueprint '/Game/Un-bateau-pour-deux/Maps/Adrien_Rochard_test.Adrien_Rochard_test:PersistentLevel.Adrien_Rochard_test' with GeneratedClass '/Game/Un-bateau-pour-deux/Maps/Adrien_Rochard_test.Adrien_Rochard_test_C' with ClassGeneratedBy '/Game/Un-bateau-pour-deux/Maps/Adrien_Rochard_test.Adrien_Rochard_test:PersistentLevel.Adrien_Rochard_test'
[2017.11.30-14.12.21:791][ 95]LogBlueprintUserMessages: Late EndPlayMap Detection: Level '/Game/Un-bateau-pour-deux/Maps/Adrien_Rochard_test.Adrien_Rochard_test:PersistentLevel' has LevelScriptBlueprint '/Game/Un-bateau-pour-deux/Maps/Adrien_Rochard_test.Adrien_Rochard_test:PersistentLevel.Adrien_Rochard_test' with GeneratedClass '/Game/Un-bateau-pour-deux/Maps/Adrien_Rochard_test.Adrien_Rochard_test_C' with ClassGeneratedBy '/Game/Un-bateau-pour-deux/Maps/Adrien_Rochard_test.Adrien_Rochard_test:PersistentLevel.Adrien_Rochard_test'
[2017.11.30-14.13.02:528][573]LogEditorViewport: Clicking on Actor (LMB): BP_Sky_Sphere_C (SkySphereBlueprint)
[2017.11.30-14.13.21:838][696]LogEditorViewport: Clicking on Actor (LMB): StaticMeshActor (Adrien_Rochard_bateau)
[2017.11.30-14.13.41:767][778]Cmd: TRANSACTION UNDO
[2017.11.30-14.13.41:767][778]LogEditorTransaction: Undo Move Actors
[2017.11.30-14.13.41:776][778]LogSlate: Took 0.000215 seconds to synchronously load lazily loaded font '../../../Engine/Content/Slate/Fonts/Roboto-Light.ttf' (159K)
[2017.11.30-14.13.44:723][950]LogEditorViewport: Clicking on Actor (LMB): StaticMeshActor (Adrien_Rochard_bateau)
[2017.11.30-14.13.44:839][954]LogEditorViewport: Clicking on Component (LMB): StaticMeshComponent (StaticMeshComponent0)
[2017.11.30-14.14.06:067][101]LogContentBrowser: Native class hierarchy updated for 'BlueprintGraph' in 0.0010 seconds. Added 116 classes and 0 folders.
[2017.11.30-14.14.06:868][101]LogSlate: Took 0.004902 seconds to synchronously load lazily loaded font '../../../Engine/Content/Editor/Slate/Fonts/Roboto-BoldCondensed.ttf' (158K)
[2017.11.30-14.14.07:057][102]LogSlate: Took 0.006646 seconds to synchronously load lazily loaded font '../../../Engine/Content/Editor/Slate/Fonts/Roboto-Italic.ttf' (157K)
[2017.11.30-14.15.08:312][305]LogTemp: Repeating last play command: New Editor Window (PIE)
[2017.11.30-14.15.08:358][305]LogBlueprintUserMessages: Early PlayInEditor Detection: Level '/Game/Un-bateau-pour-deux/Maps/Adrien_Rochard_test.Adrien_Rochard_test:PersistentLevel' has LevelScriptBlueprint '/Game/Un-bateau-pour-deux/Maps/Adrien_Rochard_test.Adrien_Rochard_test:PersistentLevel.Adrien_Rochard_test' with GeneratedClass '/Game/Un-bateau-pour-deux/Maps/Adrien_Rochard_test.Adrien_Rochard_test_C' with ClassGeneratedBy '/Game/Un-bateau-pour-deux/Maps/Adrien_Rochard_test.Adrien_Rochard_test:PersistentLevel.Adrien_Rochard_test'
[2017.11.30-14.15.08:358][305]BlueprintLog: New page: Pre-Play auto-recompile
[2017.11.30-14.15.08:369][305]LogPlayLevel: [PlayLevel] Compiling Boat before play...
[2017.11.30-14.15.08:859][305]LogPlayLevel: PlayLevel: Blueprint regeneration took 500 ms (1 blueprints)
[2017.11.30-14.15.08:860][305]PIE: New page: PIE session: Adrien_Rochard_test (Nov 30, 2017, 4:15:08 PM)
[2017.11.30-14.15.08:860][305]LogPlayLevel: Creating play world package: /Game/Un-bateau-pour-deux/Maps/UEDPIE_0_Adrien_Rochard_test
[2017.11.30-14.15.09:007][305]LogPlayLevel: PIE: StaticDuplicateObject took: (0.147633s)
[2017.11.30-14.15.09:008][305]LogAIModule: Creating AISystem for world Adrien_Rochard_test
[2017.11.30-14.15.09:008][305]LogPlayLevel: PIE: World Init took: (0.000716s)
[2017.11.30-14.15.09:008][305]LogPlayLevel: PIE: Created PIE world by copying editor world from /Game/Un-bateau-pour-deux/Maps/Adrien_Rochard_test.Adrien_Rochard_test to /Game/Un-bateau-pour-deux/Maps/UEDPIE_0_Adrien_Rochard_test.Adrien_Rochard_test (0.148685s)
[2017.11.30-14.15.09:064][305]LogInit: XAudio2 using 'Casque (Conexant ISST Audio)' : 2 channels at 48 kHz using 32 bits per sample (channel mask 0x3)
[2017.11.30-14.15.09:072][305]LogInit: FAudioDevice initialized.
[2017.11.30-14.15.09:112][305]LogLoad: Game class is 'VehicleGameMode_C'
[2017.11.30-14.15.09:127][305]LogWorld: Bringing World /Game/Un-bateau-pour-deux/Maps/UEDPIE_0_Adrien_Rochard_test.Adrien_Rochard_test up for play (max tick rate 60) at 2017.11.30-15.15.09
[2017.11.30-14.15.09:128][305]LogWorld: Bringing up level for play took: 0.015088
[2017.11.30-14.15.09:137][305]PIE: Play in editor start time for /Game/Un-bateau-pour-deux/Maps/UEDPIE_0_Adrien_Rochard_test 1.599
[2017.11.30-14.15.09:137][305]LogBlueprintUserMessages: Late PlayInEditor Detection: Level '/Game/Un-bateau-pour-deux/Maps/Adrien_Rochard_test.Adrien_Rochard_test:PersistentLevel' has LevelScriptBlueprint '/Game/Un-bateau-pour-deux/Maps/Adrien_Rochard_test.Adrien_Rochard_test:PersistentLevel.Adrien_Rochard_test' with GeneratedClass '/Game/Un-bateau-pour-deux/Maps/Adrien_Rochard_test.Adrien_Rochard_test_C' with ClassGeneratedBy '/Game/Un-bateau-pour-deux/Maps/Adrien_Rochard_test.Adrien_Rochard_test:PersistentLevel.Adrien_Rochard_test'
[2017.11.30-14.15.11:148][419]LogBlueprintUserMessages: Early EndPlayMap Detection: Level '/Game/Un-bateau-pour-deux/Maps/Adrien_Rochard_test.Adrien_Rochard_test:PersistentLevel' has LevelScriptBlueprint '/Game/Un-bateau-pour-deux/Maps/Adrien_Rochard_test.Adrien_Rochard_test:PersistentLevel.Adrien_Rochard_test' with GeneratedClass '/Game/Un-bateau-pour-deux/Maps/Adrien_Rochard_test.Adrien_Rochard_test_C' with ClassGeneratedBy '/Game/Un-bateau-pour-deux/Maps/Adrien_Rochard_test.Adrien_Rochard_test:PersistentLevel.Adrien_Rochard_test'
[2017.11.30-14.15.11:223][419]LogBlueprintUserMessages: Late EndPlayMap Detection: Level '/Game/Un-bateau-pour-deux/Maps/Adrien_Rochard_test.Adrien_Rochard_test:PersistentLevel' has LevelScriptBlueprint '/Game/Un-bateau-pour-deux/Maps/Adrien_Rochard_test.Adrien_Rochard_test:PersistentLevel.Adrien_Rochard_test' with GeneratedClass '/Game/Un-bateau-pour-deux/Maps/Adrien_Rochard_test.Adrien_Rochard_test_C' with ClassGeneratedBy '/Game/Un-bateau-pour-deux/Maps/Adrien_Rochard_test.Adrien_Rochard_test:PersistentLevel.Adrien_Rochard_test'
[2017.11.30-14.15.12:099][466]LogEditorViewport: Clicking on Actor (LMB): StaticMeshActor (Adrien_Rochard_bateau)
[2017.11.30-14.15.12:635][494]LogEditorViewport: Clicking on Actor (LMB): Boat_C (Boat2)
[2017.11.30-14.15.44:375][725]Cmd: QUIT_EDITOR
[2017.11.30-14.15.44:913][725]LogWindowsTextInputMethodSystem: Display: IME system now deactivated.
[2017.11.30-14.15.44:928][725]LogExit: Preparing to exit.
[2017.11.30-14.15.45:648][725]LogExit: Editor shut down
[2017.11.30-14.15.45:653][725]LogExit: Transaction tracking system shut down
[2017.11.30-14.15.45:909][725]LogDirectoryWatcher: A directory notification for '../../../Engine/Content/' was aborted.
[2017.11.30-14.15.45:909][725]LogDirectoryWatcher: A directory notification for 'F:/Unreal Projects/Un_bateau_pour_deux/Un_bateau_pour_deux/Content/' was aborted.
[2017.11.30-14.15.45:909][725]LogDirectoryWatcher: A directory notification for '../../../Engine/Plugins/2D/Paper2D/Content/' was aborted.
[2017.11.30-14.15.45:909][725]LogDirectoryWatcher: A directory notification for '../../../Engine/Plugins/Media/MediaCompositing/Content/' was aborted.
[2017.11.30-14.15.45:909][725]LogDirectoryWatcher: A directory notification for '../../../Engine/Plugins/Runtime/AppleARKit/Content/' was aborted.
[2017.11.30-14.15.45:909][725]LogDirectoryWatcher: A directory notification for '../../../Engine/Plugins/Runtime/Oculus/OculusVR/Content/' was aborted.
[2017.11.30-14.15.45:909][725]LogDirectoryWatcher: A directory notification for '../../../Engine/Plugins/Runtime/Steam/SteamVR/Content/' was aborted.
[2017.11.30-14.15.46:005][725]LogExit: Object subsystem successfully closed.
[2017.11.30-14.15.46:026][725]LogD3D11RHI: Shutdown
[2017.11.30-14.15.46:026][725]LogD3D11RHI: CleanupD3DDevice
[2017.11.30-14.15.46:029][725]LogD3D11RHI: ~FD3D11DynamicRHI
[2017.11.30-14.15.46:045][725]LogModuleManager: Shutting down and abandoning module HierarchicalLODUtilities (554)
[2017.11.30-14.15.46:045][725]LogModuleManager: Shutting down and abandoning module BlueprintGraph (552)
[2017.11.30-14.15.46:045][725]LogModuleManager: Shutting down and abandoning module MovieSceneCapture (550)
[2017.11.30-14.15.46:045][725]LogModuleManager: Shutting down and abandoning module HierarchicalLODOutliner (548)
[2017.11.30-14.15.46:045][725]LogModuleManager: Shutting down and abandoning module SceneOutliner (546)
[2017.11.30-14.15.46:045][725]LogModuleManager: Shutting down and abandoning module AddContentDialog (544)
[2017.11.30-14.15.46:045][725]LogDirectoryWatcher: A directory notification for 'C:/Program Files/Epic Games/UE_4.18/FeaturePacks/' was aborted.
[2017.11.30-14.15.46:046][725]LogModuleManager: Shutting down and abandoning module WidgetCarousel (543)
[2017.11.30-14.15.46:046][725]LogModuleManager: Shutting down and abandoning module EditorWidgets (540)
[2017.11.30-14.15.46:046][725]LogModuleManager: Shutting down and abandoning module CollectionManager (538)
[2017.11.30-14.15.46:046][725]LogDirectoryWatcher: A directory notification for 'F:/Unreal Projects/Un_bateau_pour_deux/Un_bateau_pour_deux/Content/Collections/' was aborted.
[2017.11.30-14.15.46:046][725]LogDirectoryWatcher: A directory notification for 'F:/Unreal Projects/Un_bateau_pour_deux/Un_bateau_pour_deux/Content/Developers/William/Collections/' was aborted.
[2017.11.30-14.15.46:046][725]LogDirectoryWatcher: A directory notification for 'F:/Unreal Projects/Un_bateau_pour_deux/Un_bateau_pour_deux/Saved/Collections/' was aborted.
[2017.11.30-14.15.46:046][725]LogModuleManager: Shutting down and abandoning module StatsViewer (536)
[2017.11.30-14.15.46:046][725]LogModuleManager: Shutting down and abandoning module FoliageEdit (534)
[2017.11.30-14.15.46:046][725]LogModuleManager: Shutting down and abandoning module LandscapeEditor (532)
[2017.11.30-14.15.46:046][725]LogModuleManager: Shutting down and abandoning module MeshPaintMode (530)
[2017.11.30-14.15.46:046][725]LogModuleManager: Shutting down and abandoning module SceneDepthPickerMode (528)
[2017.11.30-14.15.46:046][725]LogModuleManager: Shutting down and abandoning module ActorPickerMode (526)
[2017.11.30-14.15.46:046][725]LogModuleManager: Shutting down and abandoning module GeometryMode (524)
[2017.11.30-14.15.46:046][725]LogModuleManager: Shutting down and abandoning module TextureAlignMode (522)
[2017.11.30-14.15.46:046][725]LogModuleManager: Shutting down and abandoning module BspMode (520)
[2017.11.30-14.15.46:046][725]LogModuleManager: Shutting down and abandoning module PIEPreviewDeviceProfileSelector (518)
[2017.11.30-14.15.46:046][725]LogModuleManager: Shutting down and abandoning module HardwareSurvey (516)
[2017.11.30-14.15.46:046][725]LogModuleManager: Shutting down and abandoning module SequenceRecorderSections (514)
[2017.11.30-14.15.46:046][725]LogModuleManager: Shutting down and abandoning module AutomationWorker (512)
[2017.11.30-14.15.46:046][725]LogModuleManager: Shutting down and abandoning module MatineeToLevelSequence (510)
[2017.11.30-14.15.46:046][725]LogModuleManager: Shutting down and abandoning module LevelSequenceEditor (508)
[2017.11.30-14.15.46:046][725]LogModuleManager: Shutting down and abandoning module PlacementMode (507)
[2017.11.30-14.15.46:047][725]LogModuleManager: Shutting down and abandoning module WmfMediaFactory (504)
[2017.11.30-14.15.46:047][725]LogModuleManager: Shutting down and abandoning module WmfMediaEditor (502)
[2017.11.30-14.15.46:047][725]LogModuleManager: Shutting down and abandoning module OpenExrWrapper (500)
[2017.11.30-14.15.46:047][725]LogModuleManager: Shutting down and abandoning module ImgMediaFactory (498)
[2017.11.30-14.15.46:047][725]LogModuleManager: Shutting down and abandoning module ImgMediaEditor (496)
[2017.11.30-14.15.46:047][725]LogModuleManager: Shutting down and abandoning module AvfMediaFactory (494)
[2017.11.30-14.15.46:047][725]LogModuleManager: Shutting down and abandoning module AvfMediaEditor (492)
[2017.11.30-14.15.46:047][725]LogModuleManager: Shutting down and abandoning module AndroidMediaFactory (490)
[2017.11.30-14.15.46:047][725]LogModuleManager: Shutting down and abandoning module AndroidMediaEditor (488)
[2017.11.30-14.15.46:047][725]LogModuleManager: Shutting down and abandoning module CharacterAI (486)
[2017.11.30-14.15.46:047][725]LogModuleManager: Shutting down and abandoning module AudioCapture (484)
[2017.11.30-14.15.46:047][725]LogModuleManager: Shutting down and abandoning module SequenceRecorder (483)
[2017.11.30-14.15.46:047][725]LogModuleManager: Shutting down and abandoning module SmartSnapping (480)
[2017.11.30-14.15.46:047][725]LogModuleManager: Shutting down and abandoning module SessionServices (478)
[2017.11.30-14.15.46:047][725]LogModuleManager: Shutting down and abandoning module ViewportSnapping (476)
[2017.11.30-14.15.46:047][725]LogModuleManager: Shutting down and abandoning module ViewportInteraction (474)
[2017.11.30-14.15.46:047][725]LogModuleManager: Shutting down and abandoning module ClothPainter (472)
[2017.11.30-14.15.46:047][725]LogModuleManager: Shutting down and abandoning module SkeletalMeshEditor (471)
[2017.11.30-14.15.46:047][725]LogModuleManager: Shutting down and abandoning module LogVisualizer (468)
[2017.11.30-14.15.46:047][725]LogModuleManager: Shutting down and abandoning module IntroTutorials (466)
[2017.11.30-14.15.46:047][725]LogModuleManager: Shutting down and abandoning module GameProjectGeneration (465)
[2017.11.30-14.15.46:047][725]LogModuleManager: Shutting down and abandoning module IOSPlatformEditor (462)
[2017.11.30-14.15.46:047][725]LogModuleManager: Shutting down and abandoning module HTML5PlatformEditor (460)
[2017.11.30-14.15.46:047][725]LogModuleManager: Shutting down and abandoning module AndroidPlatformEditor (458)
[2017.11.30-14.15.46:047][725]LogModuleManager: Shutting down and abandoning module AndroidDeviceDetection (457)
[2017.11.30-14.15.46:345][725]LogModuleManager: Shutting down and abandoning module WindowsPlatformEditor (454)
[2017.11.30-14.15.46:345][725]LogModuleManager: Shutting down and abandoning module IOSRuntimeSettings (452)
[2017.11.30-14.15.46:345][725]LogModuleManager: Shutting down and abandoning module AndroidRuntimeSettings (450)
[2017.11.30-14.15.46:345][725]LogModuleManager: Shutting down and abandoning module InputBindingEditor (448)
[2017.11.30-14.15.46:345][725]LogModuleManager: Shutting down and abandoning module MergeActors (446)
[2017.11.30-14.15.46:345][725]LogModuleManager: Shutting down and abandoning module SizeMap (444)
[2017.11.30-14.15.46:345][725]LogModuleManager: Shutting down and abandoning module TreeMap (442)
[2017.11.30-14.15.46:345][725]LogModuleManager: Shutting down and abandoning module ReferenceViewer (440)
[2017.11.30-14.15.46:345][725]LogModuleManager: Shutting down and abandoning module LocalizationDashboard (438)
[2017.11.30-14.15.46:346][725]LogModuleManager: Shutting down and abandoning module LocalizationService (437)
[2017.11.30-14.15.46:346][725]LogModuleManager: Shutting down and abandoning module HardwareTargeting (434)
[2017.11.30-14.15.46:346][725]LogModuleManager: Shutting down and abandoning module DeviceProfileEditor (432)
[2017.11.30-14.15.46:346][725]LogModuleManager: Shutting down and abandoning module UndoHistory (430)
[2017.11.30-14.15.46:346][725]LogModuleManager: Shutting down and abandoning module XmlParser (428)
[2017.11.30-14.15.46:346][725]LogModuleManager: Shutting down and abandoning module Blutility (426)
[2017.11.30-14.15.46:346][725]LogModuleManager: Shutting down and abandoning module ProjectSettingsViewer (424)
[2017.11.30-14.15.46:346][725]LogModuleManager: Shutting down and abandoning module ProjectTargetPlatformEditor (423)
[2017.11.30-14.15.46:346][725]LogModuleManager: Shutting down and abandoning module EditorSettingsViewer (420)
[2017.11.30-14.15.46:346][725]LogModuleManager: Shutting down and abandoning module SettingsEditor (418)
[2017.11.30-14.15.46:346][725]LogModuleManager: Shutting down and abandoning module ProjectLauncher (416)
[2017.11.30-14.15.46:346][725]LogModuleManager: Shutting down and abandoning module SessionFrontend (414)
[2017.11.30-14.15.46:346][725]LogModuleManager: Shutting down and abandoning module ProfilerClient (412)
[2017.11.30-14.15.46:346][725]LogModuleManager: Shutting down and abandoning module DeviceManager (410)
[2017.11.30-14.15.46:346][725]LogModuleManager: Shutting down and abandoning module TargetDeviceServices (409)
[2017.11.30-14.15.46:399][725]LogModuleManager: Shutting down and abandoning module AutomationController (406)
[2017.11.30-14.15.46:399][725]LogModuleManager: Shutting down and abandoning module AutomationWindow (404)
[2017.11.30-14.15.46:399][725]LogModuleManager: Shutting down and abandoning module Layers (402)
[2017.11.30-14.15.46:399][725]LogModuleManager: Shutting down and abandoning module ComponentVisualizers (400)
[2017.11.30-14.15.46:399][725]LogModuleManager: Shutting down and abandoning module DetailCustomizations (398)
[2017.11.30-14.15.46:399][725]LogModuleManager: Shutting down and abandoning module PackagesDialog (396)
[2017.11.30-14.15.46:400][725]LogModuleManager: Shutting down and abandoning module Persona (394)
[2017.11.30-14.15.46:400][725]LogModuleManager: Shutting down and abandoning module AdvancedPreviewScene (393)
[2017.11.30-14.15.46:400][725]LogModuleManager: Shutting down and abandoning module AnimGraph (391)
[2017.11.30-14.15.46:400][725]LogModuleManager: Shutting down and abandoning module Kismet (388)
[2017.11.30-14.15.46:409][725]LogModuleManager: Shutting down and abandoning module ClassViewer (386)
[2017.11.30-14.15.46:409][725]LogModuleManager: Shutting down and abandoning module Toolbox (384)
[2017.11.30-14.15.46:409][725]LogModuleManager: Shutting down and abandoning module ModuleUI (382)
[2017.11.30-14.15.46:409][725]LogModuleManager: Shutting down and abandoning module MovieSceneTools (380)
[2017.11.30-14.15.46:409][725]LogModuleManager: Shutting down and abandoning module OutputLog (378)
[2017.11.30-14.15.46:409][725]LogModuleManager: Shutting down and abandoning module GammaUI (376)
[2017.11.30-14.15.46:409][725]LogModuleManager: Shutting down and abandoning module Documentation (374)
[2017.11.30-14.15.46:409][725]LogModuleManager: Shutting down and abandoning module MovieSceneTracks (372)
[2017.11.30-14.15.46:409][725]LogModuleManager: Shutting down and abandoning module MovieScene (370)
[2017.11.30-14.15.46:409][725]LogModuleManager: Shutting down and abandoning module StreamingPauseRendering (368)
[2017.11.30-14.15.46:409][725]LogModuleManager: Shutting down and abandoning module LauncherPlatform (366)
[2017.11.30-14.15.46:409][725]LogModuleManager: Shutting down and abandoning module AnalyticsET (364)
[2017.11.30-14.15.46:409][725]LogModuleManager: Shutting down and abandoning module PortalServices (362)
[2017.11.30-14.15.46:409][725]LogModuleManager: Shutting down and abandoning module PortalRpc (360)
[2017.11.30-14.15.46:409][725]LogModuleManager: Shutting down and abandoning module MessagingRpc (358)
[2017.11.30-14.15.46:409][725]LogModuleManager: Shutting down and abandoning module AIModule (356)
[2017.11.30-14.15.46:409][725]LogModuleManager: Shutting down and abandoning module GameplayDebugger (355)
[2017.11.30-14.15.46:409][725]LogModuleManager: Shutting down and abandoning module AITestSuite (353)
[2017.11.30-14.15.46:409][725]LogModuleManager: Shutting down and abandoning module DesktopPlatform (350)
[2017.11.30-14.15.46:409][725]LogModuleManager: Shutting down and abandoning module ProfilerService (348)
[2017.11.30-14.15.46:606][725]LogModuleManager: Shutting down and abandoning module TaskGraph (346)
[2017.11.30-14.15.46:606][725]LogModuleManager: Shutting down and abandoning module SteamVRController (344)
[2017.11.30-14.15.46:606][725]LogModuleManager: Shutting down and abandoning module ProceduralMeshComponentEditor (342)
[2017.11.30-14.15.46:606][725]LogModuleManager: Shutting down and abandoning module ProceduralMeshComponent (340)
[2017.11.30-14.15.46:606][725]LogModuleManager: Shutting down and abandoning module OculusInput (338)
[2017.11.30-14.15.46:606][725]LogModuleManager: Shutting down and abandoning module MobilePatchingUtils (336)
[2017.11.30-14.15.46:606][725]LogModuleManager: Shutting down and abandoning module CustomMeshComponent (334)
[2017.11.30-14.15.46:606][725]LogModuleManager: Shutting down and abandoning module CableComponent (332)
[2017.11.30-14.15.46:606][725]LogModuleManager: Shutting down and abandoning module ArchVisCharacter (330)
[2017.11.30-14.15.46:606][725]LogModuleManager: Shutting down and abandoning module AndroidPermission (328)
[2017.11.30-14.15.46:606][725]LogModuleManager: Shutting down and abandoning module ActorSequence (324)
[2017.11.30-14.15.46:606][725]LogModuleManager: Shutting down and abandoning module MediaPlayerEditor (322)
[2017.11.30-14.15.46:606][725]LogModuleManager: Shutting down and abandoning module MediaCompositingEditor (320)
[2017.11.30-14.15.46:606][725]LogModuleManager: Shutting down and abandoning module MediaCompositing (318)
[2017.11.30-14.15.46:606][725]LogModuleManager: Shutting down and abandoning module HTML5Networking (316)
[2017.11.30-14.15.46:606][725]LogModuleManager: Shutting down and abandoning module AlembicImporter (314)
[2017.11.30-14.15.46:607][725]LogModuleManager: Shutting down and abandoning module AlembicLibrary (313)
[2017.11.30-14.15.46:607][725]LogModuleManager: Shutting down and abandoning module GeometryCache (312)
[2017.11.30-14.15.46:607][725]LogModuleManager: Shutting down and abandoning module GeometryCacheEd (311)
[2017.11.30-14.15.46:607][725]LogModuleManager: Shutting down and abandoning module SpeedTreeImporter (306)
[2017.11.30-14.15.46:607][725]LogModuleManager: Shutting down and abandoning module PluginBrowser (304)
[2017.11.30-14.15.46:607][725]LogModuleManager: Shutting down and abandoning module MobileLauncherProfileWizard (302)
[2017.11.30-14.15.46:607][725]LogModuleManager: Shutting down and abandoning module VisualStudioSourceCodeAccess (300)
[2017.11.30-14.15.46:607][725]LogModuleManager: Shutting down and abandoning module VisualStudioCodeSourceCodeAccess (298)
[2017.11.30-14.15.46:607][725]LogModuleManager: Shutting down and abandoning module UObjectPlugin (296)
[2017.11.30-14.15.46:607][725]LogModuleManager: Shutting down and abandoning module SubversionSourceControl (294)
[2017.11.30-14.15.46:607][725]LogModuleManager: Shutting down and abandoning module PerforceSourceControl (292)
[2017.11.30-14.15.46:607][725]LogModuleManager: Shutting down and abandoning module GitSourceControl (290)
[2017.11.30-14.15.46:607][725]LogModuleManager: Shutting down and abandoning module SourceControl (289)
[2017.11.30-14.15.46:607][725]LogModuleManager: Shutting down and abandoning module LightPropagationVolumeEditor (286)
[2017.11.30-14.15.46:607][725]LogModuleManager: Shutting down and abandoning module PaperTiledImporter (284)
[2017.11.30-14.15.46:607][725]LogModuleManager: Shutting down and abandoning module PaperSpriteSheetImporter (282)
[2017.11.30-14.15.46:607][725]LogModuleManager: Shutting down and abandoning module Paper2DEditor (280)
[2017.11.30-14.15.46:607][725]LogModuleManager: Shutting down and abandoning module MeshPaint (279)
[2017.11.30-14.15.46:607][725]LogModuleManager: Shutting down and abandoning module LevelEditor (277)
[2017.11.30-14.15.46:608][725]LogModuleManager: Shutting down and abandoning module PixelInspectorModule (276)
[2017.11.30-14.15.46:608][725]LogModuleManager: Shutting down and abandoning module MainFrame (274)
[2017.11.30-14.15.46:608][725]LogModuleManager: Shutting down and abandoning module HotReload (273)
[2017.11.30-14.15.46:609][725]LogModuleManager: Shutting down and abandoning module RuntimePhysXCooking (268)
[2017.11.30-14.15.46:609][725]LogModuleManager: Shutting down and abandoning module PhysXVehiclesEditor (266)
[2017.11.30-14.15.46:609][725]LogModuleManager: Shutting down and abandoning module PhysXVehicles (264)
[2017.11.30-14.15.46:609][725]LogModuleManager: Shutting down and abandoning module OculusEditor (262)
[2017.11.30-14.15.46:609][725]LogModuleManager: Shutting down and abandoning module LocationServicesBPLibrary (260)
[2017.11.30-14.15.46:609][725]LogModuleManager: Shutting down and abandoning module ImmediatePhysicsEditor (258)
[2017.11.30-14.15.46:609][725]LogModuleManager: Shutting down and abandoning module ImmediatePhysics (256)
[2017.11.30-14.15.46:609][725]LogModuleManager: Shutting down and abandoning module UdpMessaging (254)
[2017.11.30-14.15.46:709][725]LogModuleManager: Shutting down and abandoning module TcpMessaging (252)
[2017.11.30-14.15.46:810][725]LogModuleManager: Shutting down and abandoning module GameplayTagsEditor (250)
[2017.11.30-14.15.46:810][725]LogModuleManager: Shutting down and abandoning module FacialAnimationEditor (248)
[2017.11.30-14.15.46:810][725]LogModuleManager: Shutting down and abandoning module FacialAnimation (246)
[2017.11.30-14.15.46:810][725]LogModuleManager: Shutting down and abandoning module AssetManagerEditor (244)
[2017.11.30-14.15.46:810][725]LogModuleManager: Shutting down and abandoning module GraphEditor (243)
[2017.11.30-14.15.46:810][725]LogModuleManager: Shutting down and abandoning module ContentBrowser (241)
[2017.11.30-14.15.46:811][725]LogModuleManager: Shutting down and abandoning module LightPropagationVolumeRuntime (238)
[2017.11.30-14.15.46:811][725]LogModuleManager: Shutting down and abandoning module Paper2D (236)
[2017.11.30-14.15.46:811][725]LogModuleManager: Shutting down and abandoning module WindowsMoviePlayer (234)
[2017.11.30-14.15.46:811][725]LogModuleManager: Shutting down and abandoning module WmfMedia (232)
[2017.11.30-14.15.46:814][725]LogModuleManager: Shutting down and abandoning module ImgMedia (230)
[2017.11.30-14.15.46:814][725]LogModuleManager: Shutting down and abandoning module PacketHandler (228)
[2017.11.30-14.15.46:814][725]LogModuleManager: Shutting down and abandoning module ClothingSystemEditor (226)
[2017.11.30-14.15.46:814][725]LogModuleManager: Shutting down and abandoning module ClothingSystemRuntime (224)
[2017.11.30-14.15.46:814][725]LogModuleManager: Shutting down and abandoning module MediaAssets (222)
[2017.11.30-14.15.46:814][725]LogModuleManager: Shutting down and abandoning module Media (221)
[2017.11.30-14.15.46:820][725]LogModuleManager: Shutting down and abandoning module Overlay (218)
[2017.11.30-14.15.46:820][725]LogModuleManager: Shutting down and abandoning module OverlayEditor (217)
[2017.11.30-14.15.46:820][725]LogModuleManager: Shutting down and abandoning module VREditor (214)
[2017.11.30-14.15.46:820][725]LogModuleManager: Shutting down and abandoning module StringTableEditor (212)
[2017.11.30-14.15.46:820][725]LogModuleManager: Shutting down and abandoning module GameplayTasksEditor (210)
[2017.11.30-14.15.46:820][725]LogModuleManager: Shutting down and abandoning module BehaviorTreeEditor (208)
[2017.11.30-14.15.46:820][725]LogModuleManager: Shutting down and abandoning module FunctionalTesting (206)
[2017.11.30-14.15.46:820][725]LogModuleManager: Shutting down and abandoning module CollisionAnalyzer (204)
[2017.11.30-14.15.46:820][725]LogModuleManager: Shutting down and abandoning module WorkspaceMenuStructure (203)
[2017.11.30-14.15.46:820][725]LogModuleManager: Shutting down and abandoning module UMG (200)
[2017.11.30-14.15.46:820][725]LogModuleManager: Shutting down and abandoning module UMGEditor (199)
[2017.11.30-14.15.46:820][725]LogModuleManager: Shutting down and abandoning module Sequencer (198)
[2017.11.30-14.15.46:820][725]LogModuleManager: Shutting down and abandoning module MessageLog (195)
[2017.11.30-14.15.46:821][725]LogModuleManager: Shutting down and abandoning module SlateReflector (190)
[2017.11.30-14.15.46:821][725]LogModuleManager: Shutting down and abandoning module Slate (188)
[2017.11.30-14.15.46:821][725]LogModuleManager: Shutting down and abandoning module EditorStyle (186)
[2017.11.30-14.15.46:823][725]LogModuleManager: Shutting down and abandoning module MRMesh (184)
[2017.11.30-14.15.46:823][725]LogModuleManager: Shutting down and abandoning module SourceCodeAccess (182)
[2017.11.30-14.15.46:823][725]LogModuleManager: Shutting down and abandoning module HeadMountedDisplay (180)
[2017.11.30-14.15.46:824][725]LogModuleManager: Shutting down and abandoning module XAudio2 (178)
[2017.11.30-14.15.46:824][725]LogModuleManager: Shutting down and abandoning module Networking (176)
[2017.11.30-14.15.46:824][725]LogModuleManager: Shutting down and abandoning module Core (172)
[2017.11.30-14.15.46:824][725]LogModuleManager: Shutting down and abandoning module LevelSequence (168)
[2017.11.30-14.15.46:824][725]LogModuleManager: Shutting down and abandoning module DirectoryWatcher (166)
[2017.11.30-14.15.46:824][725]LogModuleManager: Shutting down and abandoning module KismetCompiler (164)
[2017.11.30-14.15.46:824][725]LogModuleManager: Shutting down and abandoning module MeshUtilities (162)
[2017.11.30-14.15.46:824][725]LogModuleManager: Shutting down and abandoning module MeshMergeUtilities (161)
[2017.11.30-14.15.46:824][725]LogModuleManager: Shutting down and abandoning module MeshReductionInterface (160)
[2017.11.30-14.15.46:824][725]LogModuleManager: Shutting down and abandoning module SimplygonSwarm (159)
[2017.11.30-14.15.46:824][725]LogModuleManager: Shutting down and abandoning module SimplygonMeshReduction (157)
[2017.11.30-14.15.46:825][725]LogModuleManager: Shutting down and abandoning module QuadricMeshReduction (155)
[2017.11.30-14.15.46:825][725]LogModuleManager: Shutting down and abandoning module MaterialBaking (151)
[2017.11.30-14.15.46:825][725]LogModuleManager: Shutting down and abandoning module DerivedDataCache (148)
[2017.11.30-14.15.46:866][725]LogDerivedDataCache: Shutdown
[2017.11.30-14.15.46:866][725]LogModuleManager: Shutting down and abandoning module TargetPlatform (146)
[2017.11.30-14.15.46:866][725]LogModuleManager: Shutting down and abandoning module VulkanShaderFormat (145)
[2017.11.30-14.15.46:866][725]LogModuleManager: Shutting down and abandoning module ShaderFormatVectorVM (143)
[2017.11.30-14.15.46:866][725]LogModuleManager: Shutting down and abandoning module ShaderFormatOpenGL (141)
[2017.11.30-14.15.46:866][725]LogModuleManager: Shutting down and abandoning module ShaderFormatD3D (139)
[2017.11.30-14.15.46:866][725]LogModuleManager: Shutting down and abandoning module MetalShaderFormat (137)
[2017.11.30-14.15.46:866][725]LogModuleManager: Shutting down and abandoning module TextureFormatUncompressed (135)
[2017.11.30-14.15.46:866][725]LogModuleManager: Shutting down and abandoning module TextureFormatPVR (133)
[2017.11.30-14.15.46:866][725]LogModuleManager: Shutting down and abandoning module TextureFormatDXT (131)
[2017.11.30-14.15.46:866][725]LogModuleManager: Shutting down and abandoning module TextureFormatIntelISPCTexComp (129)
[2017.11.30-14.15.46:867][725]LogModuleManager: Shutting down and abandoning module TextureFormatASTC (127)
[2017.11.30-14.15.46:867][725]LogModuleManager: Shutting down and abandoning module ImageWrapper (126)
[2017.11.30-14.15.46:867][725]LogModuleManager: Shutting down and abandoning module TextureFormatAndroid (123)
[2017.11.30-14.15.46:867][725]LogModuleManager: Shutting down and abandoning module AudioFormatOpus (121)
[2017.11.30-14.15.46:867][725]LogModuleManager: Shutting down and abandoning module AudioFormatOgg (119)
[2017.11.30-14.15.46:867][725]LogModuleManager: Shutting down and abandoning module AudioFormatADPCM (117)
[2017.11.30-14.15.46:867][725]LogModuleManager: Shutting down and abandoning module LinuxTargetPlatform (115)
[2017.11.30-14.15.46:867][725]LogModuleManager: Shutting down and abandoning module LinuxServerTargetPlatform (113)
[2017.11.30-14.15.46:867][725]LogModuleManager: Shutting down and abandoning module LinuxNoEditorTargetPlatform (111)
[2017.11.30-14.15.46:867][725]LogModuleManager: Shutting down and abandoning module LinuxClientTargetPlatform (109)
[2017.11.30-14.15.46:867][725]LogModuleManager: Shutting down and abandoning module TVOSTargetPlatform (107)
[2017.11.30-14.15.46:867][725]LogModuleManager: Shutting down and abandoning module Messaging (105)
[2017.11.30-14.15.46:867][725]LogModuleManager: Shutting down and abandoning module IOSTargetPlatform (103)
[2017.11.30-14.15.46:867][725]LogModuleManager: Shutting down and abandoning module HTML5TargetPlatform (101)
[2017.11.30-14.15.46:867][725]LogModuleManager: Shutting down and abandoning module AndroidTargetPlatform (99)
[2017.11.30-14.15.46:867][725]LogModuleManager: Shutting down and abandoning module Android_PVRTCTargetPlatform (97)
[2017.11.30-14.15.46:867][725]LogModuleManager: Shutting down and abandoning module Android_MultiTargetPlatform (95)
[2017.11.30-14.15.46:867][725]LogModuleManager: Shutting down and abandoning module Android_ETC2TargetPlatform (93)
[2017.11.30-14.15.46:867][725]LogModuleManager: Shutting down and abandoning module Android_ETC1TargetPlatform (91)
[2017.11.30-14.15.46:867][725]LogModuleManager: Shutting down and abandoning module Android_DXTTargetPlatform (89)
[2017.11.30-14.15.46:867][725]LogModuleManager: Shutting down and abandoning module Android_ATCTargetPlatform (87)
[2017.11.30-14.15.46:867][725]LogModuleManager: Shutting down and abandoning module Android_ASTCTargetPlatform (85)
[2017.11.30-14.15.46:867][725]LogModuleManager: Shutting down and abandoning module WindowsTargetPlatform (83)
[2017.11.30-14.15.46:867][725]LogModuleManager: Shutting down and abandoning module WindowsServerTargetPlatform (81)
[2017.11.30-14.15.46:867][725]LogModuleManager: Shutting down and abandoning module WindowsNoEditorTargetPlatform (79)
[2017.11.30-14.15.46:867][725]LogModuleManager: Shutting down and abandoning module WindowsClientTargetPlatform (77)
[2017.11.30-14.15.46:867][725]LogModuleManager: Shutting down and abandoning module MacTargetPlatform (75)
[2017.11.30-14.15.46:867][725]LogModuleManager: Shutting down and abandoning module MacServerTargetPlatform (73)
[2017.11.30-14.15.46:867][725]LogModuleManager: Shutting down and abandoning module MacNoEditorTargetPlatform (71)
[2017.11.30-14.15.46:867][725]LogModuleManager: Shutting down and abandoning module MacClientTargetPlatform (69)
[2017.11.30-14.15.46:867][725]LogModuleManager: Shutting down and abandoning module AllDesktopTargetPlatform (67)
[2017.11.30-14.15.46:867][725]LogModuleManager: Shutting down and abandoning module InputCore (64)
[2017.11.30-14.15.46:867][725]LogModuleManager: Shutting down and abandoning module Settings (62)
[2017.11.30-14.15.46:867][725]LogModuleManager: Shutting down and abandoning module PhysXCooking (60)
[2017.11.30-14.15.46:867][725]LogModuleManager: Shutting down and abandoning module SteamVR (58)
[2017.11.30-14.15.46:867][725]LogModuleManager: Shutting down and abandoning module OculusHMD (56)
[2017.11.30-14.15.46:867][725]LogModuleManager: Shutting down and abandoning module ExampleDeviceProfileSelector (54)
[2017.11.30-14.15.46:867][725]LogModuleManager: Shutting down and abandoning module AppleARKit (52)
[2017.11.30-14.15.46:867][725]LogModuleManager: Shutting down and abandoning module AugmentedReality (51)
[2017.11.30-14.15.46:868][725]LogModuleManager: Shutting down and abandoning module OnlineBlueprintSupport (48)
[2017.11.30-14.15.46:868][725]LogModuleManager: Shutting down and abandoning module OnlineSubsystem (44)
[2017.11.30-14.15.46:868][725]LogModuleManager: Shutting down and abandoning module XMPP (43)
[2017.11.30-14.15.46:868][725]LogModuleManager: Shutting down and abandoning module HTTP (41)
[2017.11.30-14.15.46:868][725]LogHttp: Display: Http module shutting down, but needs to wait on 1 outstanding Http requests:
[2017.11.30-14.15.46:868][725]LogHttp: Display: 	verb=[POST] url=[https://datarouter.ol.epicgames.com/datarouter/api/v1/public/data?SessionID=%7BD6C39520-4A3F-08A1-E6DD-E482A6EC5D08%7D&AppID=UEEditor.Rocket.Release&AppVersion=4.18.0-3709383%2B%2B%2BUE4%2BRelease-4.18&UserID=aa9125aa4061536cd3c7239ddaf0406a%7C9661fb6b3fdc48d19438d13e5fa284de%7C9a639262-9147-4ab2-b873-804697844a9c&AppEnvironment=datacollector-binary&UploadType=eteventstream] status=Processing
[2017.11.30-14.15.46:901][725]LogModuleManager: Shutting down and abandoning module SSL (40)
[2017.11.30-14.15.46:903][725]LogModuleManager: Shutting down and abandoning module AnimationModifiers (36)
[2017.11.30-14.15.46:903][725]LogModuleManager: Shutting down and abandoning module PropertyEditor (35)
[2017.11.30-14.15.46:903][725]LogModuleManager: Shutting down and abandoning module AudioEditor (32)
[2017.11.30-14.15.46:903][725]LogModuleManager: Shutting down and abandoning module TextureCompressor (30)
[2017.11.30-14.15.46:903][725]LogModuleManager: Shutting down and abandoning module ShaderCore (28)
[2017.11.30-14.15.46:903][725]LogModuleManager: Shutting down and abandoning module Landscape (26)
[2017.11.30-14.15.46:903][725]LogModuleManager: Shutting down and abandoning module SlateRHIRenderer (24)
[2017.11.30-14.15.46:904][725]LogModuleManager: Shutting down and abandoning module OpenGLDrv (22)
[2017.11.30-14.15.46:904][725]LogModuleManager: Shutting down and abandoning module D3D11RHI (20)
[2017.11.30-14.15.46:904][725]LogModuleManager: Shutting down and abandoning module AnimGraphRuntime (18)
[2017.11.30-14.15.46:904][725]LogModuleManager: Shutting down and abandoning module Renderer (16)
[2017.11.30-14.15.46:904][725]LogModuleManager: Shutting down and abandoning module Engine (14)
[2017.11.30-14.15.46:904][725]LogModuleManager: Shutting down and abandoning module CoreUObject (12)
[2017.11.30-14.15.46:904][725]LogModuleManager: Shutting down and abandoning module NetworkFile (10)
[2017.11.30-14.15.46:904][725]LogModuleManager: Shutting down and abandoning module CookedIterativeFile (8)
[2017.11.30-14.15.46:905][725]LogModuleManager: Shutting down and abandoning module StreamingFile (6)
[2017.11.30-14.15.46:905][725]LogModuleManager: Shutting down and abandoning module SandboxFile (4)
[2017.11.30-14.15.46:905][725]LogModuleManager: Shutting down and abandoning module PakFile (2)
[2017.11.30-14.15.46:908][725]LogExit: Exiting.
[2017.11.30-14.15.46:940][725]Log file closed, 11/30/17 15:15:46
